This is pdfTeX, Version 3.141592653-2.6-1.40.24 (TeX Live 2022/nixos.org) (preloaded format=pdflatex 1980.1.1)  6 SEP 2023 10:25
entering extended mode
 restricted \write18 enabled.
 %&-line parsing enabled.
**september6
(./september6.tex
LaTeX2e <2022-11-01> patch level 1
L3 programming layer <2023-02-22>
(/nix/store/zafsnq72l8bgllspk9qbjg3nb64ply9k-texlive-combined-2022-texmfdist/te
x/latex/beamer/beamer.cls
Document Class: beamer 2023/02/20 v3.69 A class for typesetting presentations

(/nix/store/zafsnq72l8bgllspk9qbjg3nb64ply9k-texlive-combined-2022-texmfdist/te
x/latex/beamer/beamerbasemodes.sty
(/nix/store/zafsnq72l8bgllspk9qbjg3nb64ply9k-texlive-combined-2022-texmfdist/te
x/latex/etoolbox/etoolbox.sty
Package: etoolbox 2020/10/05 v2.5k e-TeX tools for LaTeX (JAW)
\etb@tempcnta=\count185
)
\beamer@tempbox=\box51
\beamer@tempcount=\count186
\c@beamerpauses=\count187

(/nix/store/zafsnq72l8bgllspk9qbjg3nb64ply9k-texlive-combined-2022-texmfdist/te
x/latex/beamer/beamerbasedecode.sty
\beamer@slideinframe=\count188
\beamer@minimum=\count189
\beamer@decode@box=\box52
)
\beamer@commentbox=\box53
\beamer@modecount=\count190
)
(/nix/store/zafsnq72l8bgllspk9qbjg3nb64ply9k-texlive-combined-2022-texmfdist/te
x/generic/iftex/iftex.sty
Package: iftex 2022/02/03 v1.0f TeX engine tests
)
\headdp=\dimen140
\footheight=\dimen141
\sidebarheight=\dimen142
\beamer@tempdim=\dimen143
\beamer@finalheight=\dimen144
\beamer@animht=\dimen145
\beamer@animdp=\dimen146
\beamer@animwd=\dimen147
\beamer@leftmargin=\dimen148
\beamer@rightmargin=\dimen149
\beamer@leftsidebar=\dimen150
\beamer@rightsidebar=\dimen151
\beamer@boxsize=\dimen152
\beamer@vboxoffset=\dimen153
\beamer@descdefault=\dimen154
\beamer@descriptionwidth=\dimen155
\beamer@lastskip=\skip48
\beamer@areabox=\box54
\beamer@animcurrent=\box55
\beamer@animshowbox=\box56
\beamer@sectionbox=\box57
\beamer@logobox=\box58
\beamer@linebox=\box59
\beamer@sectioncount=\count191
\beamer@subsubsectionmax=\count192
\beamer@subsectionmax=\count193
\beamer@sectionmax=\count194
\beamer@totalheads=\count195
\beamer@headcounter=\count196
\beamer@partstartpage=\count197
\beamer@sectionstartpage=\count198
\beamer@subsectionstartpage=\count199
\beamer@animationtempa=\count266
\beamer@animationtempb=\count267
\beamer@xpos=\count268
\beamer@ypos=\count269
\beamer@ypos@offset=\count270
\beamer@showpartnumber=\count271
\beamer@currentsubsection=\count272
\beamer@coveringdepth=\count273
\beamer@sectionadjust=\count274
\beamer@toclastsection=\count275
\beamer@tocsectionnumber=\count276

(/nix/store/zafsnq72l8bgllspk9qbjg3nb64ply9k-texlive-combined-2022-texmfdist/te
x/latex/beamer/beamerbaseoptions.sty
(/nix/store/zafsnq72l8bgllspk9qbjg3nb64ply9k-texlive-combined-2022-texmfdist/te
x/latex/graphics/keyval.sty
Package: keyval 2022/05/29 v1.15 key=value parser (DPC)
\KV@toks@=\toks16
))
\beamer@paperwidth=\skip49
\beamer@paperheight=\skip50

(/nix/store/zafsnq72l8bgllspk9qbjg3nb64ply9k-texlive-combined-2022-texmfdist/te
x/latex/geometry/geometry.sty
Package: geometry 2020/01/02 v5.9 Page Geometry

(/nix/store/zafsnq72l8bgllspk9qbjg3nb64ply9k-texlive-combined-2022-texmfdist/te
x/generic/iftex/ifvtex.sty
Package: ifvtex 2019/10/25 v1.7 ifvtex legacy package. Use iftex instead.
)
\Gm@cnth=\count277
\Gm@cntv=\count278
\c@Gm@tempcnt=\count279
\Gm@bindingoffset=\dimen156
\Gm@wd@mp=\dimen157
\Gm@odd@mp=\dimen158
\Gm@even@mp=\dimen159
\Gm@layoutwidth=\dimen160
\Gm@layoutheight=\dimen161
\Gm@layouthoffset=\dimen162
\Gm@layoutvoffset=\dimen163
\Gm@dimlist=\toks17
)
(/nix/store/zafsnq72l8bgllspk9qbjg3nb64ply9k-texlive-combined-2022-texmfdist/te
x/latex/pgf/math/pgfmath.sty
(/nix/store/zafsnq72l8bgllspk9qbjg3nb64ply9k-texlive-combined-2022-texmfdist/te
x/latex/pgf/utilities/pgfrcs.sty
(/nix/store/zafsnq72l8bgllspk9qbjg3nb64ply9k-texlive-combined-2022-texmfdist/te
x/generic/pgf/utilities/pgfutil-common.tex
\pgfutil@everybye=\toks18
\pgfutil@tempdima=\dimen164
\pgfutil@tempdimb=\dimen165
)
(/nix/store/zafsnq72l8bgllspk9qbjg3nb64ply9k-texlive-combined-2022-texmfdist/te
x/generic/pgf/utilities/pgfutil-latex.def
\pgfutil@abb=\box60
)
(/nix/store/zafsnq72l8bgllspk9qbjg3nb64ply9k-texlive-combined-2022-texmfdist/te
x/generic/pgf/utilities/pgfrcs.code.tex
(/nix/store/zafsnq72l8bgllspk9qbjg3nb64ply9k-texlive-combined-2022-texmfdist/te
x/generic/pgf/pgf.revision.tex)
Package: pgfrcs 2023-01-15 v3.1.10 (3.1.10)
))
(/nix/store/zafsnq72l8bgllspk9qbjg3nb64ply9k-texlive-combined-2022-texmfdist/te
x/latex/pgf/utilities/pgfkeys.sty
(/nix/store/zafsnq72l8bgllspk9qbjg3nb64ply9k-texlive-combined-2022-texmfdist/te
x/generic/pgf/utilities/pgfkeys.code.tex
\pgfkeys@pathtoks=\toks19
\pgfkeys@temptoks=\toks20

(/nix/store/zafsnq72l8bgllspk9qbjg3nb64ply9k-texlive-combined-2022-texmfdist/te
x/generic/pgf/utilities/pgfkeyslibraryfiltered.code.tex
\pgfkeys@tmptoks=\toks21
)))
(/nix/store/zafsnq72l8bgllspk9qbjg3nb64ply9k-texlive-combined-2022-texmfdist/te
x/generic/pgf/math/pgfmath.code.tex
(/nix/store/zafsnq72l8bgllspk9qbjg3nb64ply9k-texlive-combined-2022-texmfdist/te
x/generic/pgf/math/pgfmathutil.code.tex
\pgf@x=\dimen166
\pgf@xa=\dimen167
\pgf@xb=\dimen168
\pgf@xc=\dimen169
\pgf@y=\dimen170
\pgf@ya=\dimen171
\pgf@yb=\dimen172
\pgf@yc=\dimen173
\c@pgf@counta=\count280
\c@pgf@countb=\count281
\c@pgf@countc=\count282
\c@pgf@countd=\count283
)
(/nix/store/zafsnq72l8bgllspk9qbjg3nb64ply9k-texlive-combined-2022-texmfdist/te
x/generic/pgf/math/pgfmathparser.code.tex
\pgfmath@dimen=\dimen174
\pgfmath@count=\count284
\pgfmath@box=\box61
\pgfmath@toks=\toks22
\pgfmath@stack@operand=\toks23
\pgfmath@stack@operation=\toks24
)
(/nix/store/zafsnq72l8bgllspk9qbjg3nb64ply9k-texlive-combined-2022-texmfdist/te
x/generic/pgf/math/pgfmathfunctions.code.tex)
(/nix/store/zafsnq72l8bgllspk9qbjg3nb64ply9k-texlive-combined-2022-texmfdist/te
x/generic/pgf/math/pgfmathfunctions.basic.code.tex)
(/nix/store/zafsnq72l8bgllspk9qbjg3nb64ply9k-texlive-combined-2022-texmfdist/te
x/generic/pgf/math/pgfmathfunctions.trigonometric.code.tex)
(/nix/store/zafsnq72l8bgllspk9qbjg3nb64ply9k-texlive-combined-2022-texmfdist/te
x/generic/pgf/math/pgfmathfunctions.random.code.tex)
(/nix/store/zafsnq72l8bgllspk9qbjg3nb64ply9k-texlive-combined-2022-texmfdist/te
x/generic/pgf/math/pgfmathfunctions.comparison.code.tex)
(/nix/store/zafsnq72l8bgllspk9qbjg3nb64ply9k-texlive-combined-2022-texmfdist/te
x/generic/pgf/math/pgfmathfunctions.base.code.tex)
(/nix/store/zafsnq72l8bgllspk9qbjg3nb64ply9k-texlive-combined-2022-texmfdist/te
x/generic/pgf/math/pgfmathfunctions.round.code.tex)
(/nix/store/zafsnq72l8bgllspk9qbjg3nb64ply9k-texlive-combined-2022-texmfdist/te
x/generic/pgf/math/pgfmathfunctions.misc.code.tex)
(/nix/store/zafsnq72l8bgllspk9qbjg3nb64ply9k-texlive-combined-2022-texmfdist/te
x/generic/pgf/math/pgfmathfunctions.integerarithmetics.code.tex)
(/nix/store/zafsnq72l8bgllspk9qbjg3nb64ply9k-texlive-combined-2022-texmfdist/te
x/generic/pgf/math/pgfmathcalc.code.tex)
(/nix/store/zafsnq72l8bgllspk9qbjg3nb64ply9k-texlive-combined-2022-texmfdist/te
x/generic/pgf/math/pgfmathfloat.code.tex
\c@pgfmathroundto@lastzeros=\count285
)))
(/nix/store/zafsnq72l8bgllspk9qbjg3nb64ply9k-texlive-combined-2022-texmfdist/te
x/latex/base/size11.clo
File: size11.clo 2022/07/02 v1.4n Standard LaTeX file (size option)
)
(/nix/store/zafsnq72l8bgllspk9qbjg3nb64ply9k-texlive-combined-2022-texmfdist/te
x/latex/pgf/basiclayer/pgfcore.sty
(/nix/store/zafsnq72l8bgllspk9qbjg3nb64ply9k-texlive-combined-2022-texmfdist/te
x/latex/graphics/graphicx.sty
Package: graphicx 2021/09/16 v1.2d Enhanced LaTeX Graphics (DPC,SPQR)

(/nix/store/zafsnq72l8bgllspk9qbjg3nb64ply9k-texlive-combined-2022-texmfdist/te
x/latex/graphics/graphics.sty
Package: graphics 2022/03/10 v1.4e Standard LaTeX Graphics (DPC,SPQR)

(/nix/store/zafsnq72l8bgllspk9qbjg3nb64ply9k-texlive-combined-2022-texmfdist/te
x/latex/graphics/trig.sty
Package: trig 2021/08/11 v1.11 sin cos tan (DPC)
)
(/nix/store/zafsnq72l8bgllspk9qbjg3nb64ply9k-texlive-combined-2022-texmfdist/te
x/latex/graphics-cfg/graphics.cfg
File: graphics.cfg 2016/06/04 v1.11 sample graphics configuration
)
Package graphics Info: Driver file: pdftex.def on input line 107.

(/nix/store/zafsnq72l8bgllspk9qbjg3nb64ply9k-texlive-combined-2022-texmfdist/te
x/latex/graphics-def/pdftex.def
File: pdftex.def 2022/09/22 v1.2b Graphics/color driver for pdftex
))
\Gin@req@height=\dimen175
\Gin@req@width=\dimen176
)
(/nix/store/zafsnq72l8bgllspk9qbjg3nb64ply9k-texlive-combined-2022-texmfdist/te
x/latex/pgf/systemlayer/pgfsys.sty
(/nix/store/zafsnq72l8bgllspk9qbjg3nb64ply9k-texlive-combined-2022-texmfdist/te
x/generic/pgf/systemlayer/pgfsys.code.tex
Package: pgfsys 2023-01-15 v3.1.10 (3.1.10)
\pgf@x=\dimen177
\pgf@y=\dimen178
\pgf@xa=\dimen179
\pgf@ya=\dimen180
\pgf@xb=\dimen181
\pgf@yb=\dimen182
\pgf@xc=\dimen183
\pgf@yc=\dimen184
\pgf@xd=\dimen185
\pgf@yd=\dimen186
\w@pgf@writea=\write3
\r@pgf@reada=\read2
\c@pgf@counta=\count286
\c@pgf@countb=\count287
\c@pgf@countc=\count288
\c@pgf@countd=\count289
\t@pgf@toka=\toks25
\t@pgf@tokb=\toks26
\t@pgf@tokc=\toks27
\pgf@sys@id@count=\count290

(/nix/store/zafsnq72l8bgllspk9qbjg3nb64ply9k-texlive-combined-2022-texmfdist/te
x/generic/pgf/systemlayer/pgf.cfg
File: pgf.cfg 2023-01-15 v3.1.10 (3.1.10)
)
Driver file for pgf: pgfsys-pdftex.def

(/nix/store/zafsnq72l8bgllspk9qbjg3nb64ply9k-texlive-combined-2022-texmfdist/te
x/generic/pgf/systemlayer/pgfsys-pdftex.def
File: pgfsys-pdftex.def 2023-01-15 v3.1.10 (3.1.10)

(/nix/store/zafsnq72l8bgllspk9qbjg3nb64ply9k-texlive-combined-2022-texmfdist/te
x/generic/pgf/systemlayer/pgfsys-common-pdf.def
File: pgfsys-common-pdf.def 2023-01-15 v3.1.10 (3.1.10)
)))
(/nix/store/zafsnq72l8bgllspk9qbjg3nb64ply9k-texlive-combined-2022-texmfdist/te
x/generic/pgf/systemlayer/pgfsyssoftpath.code.tex
File: pgfsyssoftpath.code.tex 2023-01-15 v3.1.10 (3.1.10)
\pgfsyssoftpath@smallbuffer@items=\count291
\pgfsyssoftpath@bigbuffer@items=\count292
)
(/nix/store/zafsnq72l8bgllspk9qbjg3nb64ply9k-texlive-combined-2022-texmfdist/te
x/generic/pgf/systemlayer/pgfsysprotocol.code.tex
File: pgfsysprotocol.code.tex 2023-01-15 v3.1.10 (3.1.10)
))
(/nix/store/zafsnq72l8bgllspk9qbjg3nb64ply9k-texlive-combined-2022-texmfdist/te
x/latex/xcolor/xcolor.sty
Package: xcolor 2022/06/12 v2.14 LaTeX color extensions (UK)

(/nix/store/zafsnq72l8bgllspk9qbjg3nb64ply9k-texlive-combined-2022-texmfdist/te
x/latex/graphics-cfg/color.cfg
File: color.cfg 2016/01/02 v1.6 sample color configuration
)
Package xcolor Info: Driver file: pdftex.def on input line 227.

(/nix/store/zafsnq72l8bgllspk9qbjg3nb64ply9k-texlive-combined-2022-texmfdist/te
x/latex/graphics/mathcolor.ltx)
Package xcolor Info: Model `cmy' substituted by `cmy0' on input line 1353.
Package xcolor Info: Model `hsb' substituted by `rgb' on input line 1357.
Package xcolor Info: Model `RGB' extended on input line 1369.
Package xcolor Info: Model `HTML' substituted by `rgb' on input line 1371.
Package xcolor Info: Model `Hsb' substituted by `hsb' on input line 1372.
Package xcolor Info: Model `tHsb' substituted by `hsb' on input line 1373.
Package xcolor Info: Model `HSB' substituted by `hsb' on input line 1374.
Package xcolor Info: Model `Gray' substituted by `gray' on input line 1375.
Package xcolor Info: Model `wave' substituted by `hsb' on input line 1376.
)
(/nix/store/zafsnq72l8bgllspk9qbjg3nb64ply9k-texlive-combined-2022-texmfdist/te
x/generic/pgf/basiclayer/pgfcore.code.tex
Package: pgfcore 2023-01-15 v3.1.10 (3.1.10)

(/nix/store/zafsnq72l8bgllspk9qbjg3nb64ply9k-texlive-combined-2022-texmfdist/te
x/generic/pgf/math/pgfint.code.tex)
(/nix/store/zafsnq72l8bgllspk9qbjg3nb64ply9k-texlive-combined-2022-texmfdist/te
x/generic/pgf/basiclayer/pgfcorepoints.code.tex
File: pgfcorepoints.code.tex 2023-01-15 v3.1.10 (3.1.10)
\pgf@picminx=\dimen187
\pgf@picmaxx=\dimen188
\pgf@picminy=\dimen189
\pgf@picmaxy=\dimen190
\pgf@pathminx=\dimen191
\pgf@pathmaxx=\dimen192
\pgf@pathminy=\dimen193
\pgf@pathmaxy=\dimen194
\pgf@xx=\dimen195
\pgf@xy=\dimen196
\pgf@yx=\dimen197
\pgf@yy=\dimen198
\pgf@zx=\dimen199
\pgf@zy=\dimen256
)
(/nix/store/zafsnq72l8bgllspk9qbjg3nb64ply9k-texlive-combined-2022-texmfdist/te
x/generic/pgf/basiclayer/pgfcorepathconstruct.code.tex
File: pgfcorepathconstruct.code.tex 2023-01-15 v3.1.10 (3.1.10)
\pgf@path@lastx=\dimen257
\pgf@path@lasty=\dimen258
)
(/nix/store/zafsnq72l8bgllspk9qbjg3nb64ply9k-texlive-combined-2022-texmfdist/te
x/generic/pgf/basiclayer/pgfcorepathusage.code.tex
File: pgfcorepathusage.code.tex 2023-01-15 v3.1.10 (3.1.10)
\pgf@shorten@end@additional=\dimen259
\pgf@shorten@start@additional=\dimen260
)
(/nix/store/zafsnq72l8bgllspk9qbjg3nb64ply9k-texlive-combined-2022-texmfdist/te
x/generic/pgf/basiclayer/pgfcorescopes.code.tex
File: pgfcorescopes.code.tex 2023-01-15 v3.1.10 (3.1.10)
\pgfpic=\box62
\pgf@hbox=\box63
\pgf@layerbox@main=\box64
\pgf@picture@serial@count=\count293
)
(/nix/store/zafsnq72l8bgllspk9qbjg3nb64ply9k-texlive-combined-2022-texmfdist/te
x/generic/pgf/basiclayer/pgfcoregraphicstate.code.tex
File: pgfcoregraphicstate.code.tex 2023-01-15 v3.1.10 (3.1.10)
\pgflinewidth=\dimen261
)
(/nix/store/zafsnq72l8bgllspk9qbjg3nb64ply9k-texlive-combined-2022-texmfdist/te
x/generic/pgf/basiclayer/pgfcoretransformations.code.tex
File: pgfcoretransformations.code.tex 2023-01-15 v3.1.10 (3.1.10)
\pgf@pt@x=\dimen262
\pgf@pt@y=\dimen263
\pgf@pt@temp=\dimen264
)
(/nix/store/zafsnq72l8bgllspk9qbjg3nb64ply9k-texlive-combined-2022-texmfdist/te
x/generic/pgf/basiclayer/pgfcorequick.code.tex
File: pgfcorequick.code.tex 2023-01-15 v3.1.10 (3.1.10)
)
(/nix/store/zafsnq72l8bgllspk9qbjg3nb64ply9k-texlive-combined-2022-texmfdist/te
x/generic/pgf/basiclayer/pgfcoreobjects.code.tex
File: pgfcoreobjects.code.tex 2023-01-15 v3.1.10 (3.1.10)
)
(/nix/store/zafsnq72l8bgllspk9qbjg3nb64ply9k-texlive-combined-2022-texmfdist/te
x/generic/pgf/basiclayer/pgfcorepathprocessing.code.tex
File: pgfcorepathprocessing.code.tex 2023-01-15 v3.1.10 (3.1.10)
)
(/nix/store/zafsnq72l8bgllspk9qbjg3nb64ply9k-texlive-combined-2022-texmfdist/te
x/generic/pgf/basiclayer/pgfcorearrows.code.tex
File: pgfcorearrows.code.tex 2023-01-15 v3.1.10 (3.1.10)
\pgfarrowsep=\dimen265
)
(/nix/store/zafsnq72l8bgllspk9qbjg3nb64ply9k-texlive-combined-2022-texmfdist/te
x/generic/pgf/basiclayer/pgfcoreshade.code.tex
File: pgfcoreshade.code.tex 2023-01-15 v3.1.10 (3.1.10)
\pgf@max=\dimen266
\pgf@sys@shading@range@num=\count294
\pgf@shadingcount=\count295
)
(/nix/store/zafsnq72l8bgllspk9qbjg3nb64ply9k-texlive-combined-2022-texmfdist/te
x/generic/pgf/basiclayer/pgfcoreimage.code.tex
File: pgfcoreimage.code.tex 2023-01-15 v3.1.10 (3.1.10)
)
(/nix/store/zafsnq72l8bgllspk9qbjg3nb64ply9k-texlive-combined-2022-texmfdist/te
x/generic/pgf/basiclayer/pgfcoreexternal.code.tex
File: pgfcoreexternal.code.tex 2023-01-15 v3.1.10 (3.1.10)
\pgfexternal@startupbox=\box65
)
(/nix/store/zafsnq72l8bgllspk9qbjg3nb64ply9k-texlive-combined-2022-texmfdist/te
x/generic/pgf/basiclayer/pgfcorelayers.code.tex
File: pgfcorelayers.code.tex 2023-01-15 v3.1.10 (3.1.10)
)
(/nix/store/zafsnq72l8bgllspk9qbjg3nb64ply9k-texlive-combined-2022-texmfdist/te
x/generic/pgf/basiclayer/pgfcoretransparency.code.tex
File: pgfcoretransparency.code.tex 2023-01-15 v3.1.10 (3.1.10)
)
(/nix/store/zafsnq72l8bgllspk9qbjg3nb64ply9k-texlive-combined-2022-texmfdist/te
x/generic/pgf/basiclayer/pgfcorepatterns.code.tex
File: pgfcorepatterns.code.tex 2023-01-15 v3.1.10 (3.1.10)
)
(/nix/store/zafsnq72l8bgllspk9qbjg3nb64ply9k-texlive-combined-2022-texmfdist/te
x/generic/pgf/basiclayer/pgfcorerdf.code.tex
File: pgfcorerdf.code.tex 2023-01-15 v3.1.10 (3.1.10)
)))
(/nix/store/zafsnq72l8bgllspk9qbjg3nb64ply9k-texlive-combined-2022-texmfdist/te
x/latex/pgf/utilities/xxcolor.sty
Package: xxcolor 2003/10/24 ver 0.1
\XC@nummixins=\count296
\XC@countmixins=\count297
)
(/nix/store/zafsnq72l8bgllspk9qbjg3nb64ply9k-texlive-combined-2022-texmfdist/te
x/latex/base/atbegshi-ltx.sty
Package: atbegshi-ltx 2021/01/10 v1.0c Emulation of the original atbegshi
package with kernel methods
)
(/nix/store/zafsnq72l8bgllspk9qbjg3nb64ply9k-texlive-combined-2022-texmfdist/te
x/latex/hyperref/hyperref.sty
Package: hyperref 2023-02-07 v7.00v Hypertext links for LaTeX

(/nix/store/zafsnq72l8bgllspk9qbjg3nb64ply9k-texlive-combined-2022-texmfdist/te
x/generic/ltxcmds/ltxcmds.sty
Package: ltxcmds 2020-05-10 v1.25 LaTeX kernel commands for general use (HO)
)
(/nix/store/zafsnq72l8bgllspk9qbjg3nb64ply9k-texlive-combined-2022-texmfdist/te
x/generic/pdftexcmds/pdftexcmds.sty
Package: pdftexcmds 2020-06-27 v0.33 Utility functions of pdfTeX for LuaTeX (HO
)

(/nix/store/zafsnq72l8bgllspk9qbjg3nb64ply9k-texlive-combined-2022-texmfdist/te
x/generic/infwarerr/infwarerr.sty
Package: infwarerr 2019/12/03 v1.5 Providing info/warning/error messages (HO)
)
Package pdftexcmds Info: \pdf@primitive is available.
Package pdftexcmds Info: \pdf@ifprimitive is available.
Package pdftexcmds Info: \pdfdraftmode found.
)
(/nix/store/zafsnq72l8bgllspk9qbjg3nb64ply9k-texlive-combined-2022-texmfdist/te
x/latex/kvsetkeys/kvsetkeys.sty
Package: kvsetkeys 2022-10-05 v1.19 Key value parser (HO)
)
(/nix/store/zafsnq72l8bgllspk9qbjg3nb64ply9k-texlive-combined-2022-texmfdist/te
x/generic/kvdefinekeys/kvdefinekeys.sty
Package: kvdefinekeys 2019-12-19 v1.6 Define keys (HO)
)
(/nix/store/zafsnq72l8bgllspk9qbjg3nb64ply9k-texlive-combined-2022-texmfdist/te
x/generic/pdfescape/pdfescape.sty
Package: pdfescape 2019/12/09 v1.15 Implements pdfTeX's escape features (HO)
)
(/nix/store/zafsnq72l8bgllspk9qbjg3nb64ply9k-texlive-combined-2022-texmfdist/te
x/latex/hycolor/hycolor.sty
Package: hycolor 2020-01-27 v1.10 Color options for hyperref/bookmark (HO)
)
(/nix/store/zafsnq72l8bgllspk9qbjg3nb64ply9k-texlive-combined-2022-texmfdist/te
x/latex/letltxmacro/letltxmacro.sty
Package: letltxmacro 2019/12/03 v1.6 Let assignment for LaTeX macros (HO)
)
(/nix/store/zafsnq72l8bgllspk9qbjg3nb64ply9k-texlive-combined-2022-texmfdist/te
x/latex/auxhook/auxhook.sty
Package: auxhook 2019-12-17 v1.6 Hooks for auxiliary files (HO)
)
(/nix/store/zafsnq72l8bgllspk9qbjg3nb64ply9k-texlive-combined-2022-texmfdist/te
x/latex/hyperref/nameref.sty
Package: nameref 2022-05-17 v2.50 Cross-referencing by name of section

(/nix/store/zafsnq72l8bgllspk9qbjg3nb64ply9k-texlive-combined-2022-texmfdist/te
x/latex/refcount/refcount.sty
Package: refcount 2019/12/15 v3.6 Data extraction from label references (HO)
)
(/nix/store/zafsnq72l8bgllspk9qbjg3nb64ply9k-texlive-combined-2022-texmfdist/te
x/generic/gettitlestring/gettitlestring.sty
Package: gettitlestring 2019/12/15 v1.6 Cleanup title references (HO)

(/nix/store/zafsnq72l8bgllspk9qbjg3nb64ply9k-texlive-combined-2022-texmfdist/te
x/latex/kvoptions/kvoptions.sty
Package: kvoptions 2022-06-15 v3.15 Key value format for package options (HO)
))
\c@section@level=\count298
)
\@linkdim=\dimen267
\Hy@linkcounter=\count299
\Hy@pagecounter=\count300

(/nix/store/zafsnq72l8bgllspk9qbjg3nb64ply9k-texlive-combined-2022-texmfdist/te
x/latex/hyperref/pd1enc.def
File: pd1enc.def 2023-02-07 v7.00v Hyperref: PDFDocEncoding definition (HO)
Now handling font encoding PD1 ...
... no UTF-8 mapping file for font encoding PD1
)
(/nix/store/zafsnq72l8bgllspk9qbjg3nb64ply9k-texlive-combined-2022-texmfdist/te
x/generic/intcalc/intcalc.sty
Package: intcalc 2019/12/15 v1.3 Expandable calculations with integers (HO)
)
(/nix/store/zafsnq72l8bgllspk9qbjg3nb64ply9k-texlive-combined-2022-texmfdist/te
x/generic/etexcmds/etexcmds.sty
Package: etexcmds 2019/12/15 v1.7 Avoid name clashes with e-TeX commands (HO)
)
\Hy@SavedSpaceFactor=\count301

(/nix/store/zafsnq72l8bgllspk9qbjg3nb64ply9k-texlive-combined-2022-texmfdist/te
x/latex/hyperref/puenc.def
File: puenc.def 2023-02-07 v7.00v Hyperref: PDF Unicode definition (HO)
Now handling font encoding PU ...
... no UTF-8 mapping file for font encoding PU
)
Package hyperref Info: Option `bookmarks' set `true' on input line 4060.
Package hyperref Info: Option `bookmarksopen' set `true' on input line 4060.
Package hyperref Info: Option `implicit' set `false' on input line 4060.
Package hyperref Info: Hyper figures OFF on input line 4177.
Package hyperref Info: Link nesting OFF on input line 4182.
Package hyperref Info: Hyper index ON on input line 4185.
Package hyperref Info: Plain pages OFF on input line 4192.
Package hyperref Info: Backreferencing OFF on input line 4197.
Package hyperref Info: Implicit mode OFF; no redefinition of LaTeX internals.
Package hyperref Info: Bookmarks ON on input line 4425.
\c@Hy@tempcnt=\count302

(/nix/store/zafsnq72l8bgllspk9qbjg3nb64ply9k-texlive-combined-2022-texmfdist/te
x/latex/url/url.sty
\Urlmuskip=\muskip16
Package: url 2013/09/16  ver 3.4  Verb mode for urls, etc.
)
LaTeX Info: Redefining \url on input line 4763.
\XeTeXLinkMargin=\dimen268

(/nix/store/zafsnq72l8bgllspk9qbjg3nb64ply9k-texlive-combined-2022-texmfdist/te
x/generic/bitset/bitset.sty
Package: bitset 2019/12/09 v1.3 Handle bit-vector datatype (HO)

(/nix/store/zafsnq72l8bgllspk9qbjg3nb64ply9k-texlive-combined-2022-texmfdist/te
x/generic/bigintcalc/bigintcalc.sty
Package: bigintcalc 2019/12/15 v1.5 Expandable calculations on big integers (HO
)
))
\Fld@menulength=\count303
\Field@Width=\dimen269
\Fld@charsize=\dimen270
Package hyperref Info: Hyper figures OFF on input line 6042.
Package hyperref Info: Link nesting OFF on input line 6047.
Package hyperref Info: Hyper index ON on input line 6050.
Package hyperref Info: backreferencing OFF on input line 6057.
Package hyperref Info: Link coloring OFF on input line 6062.
Package hyperref Info: Link coloring with OCG OFF on input line 6067.
Package hyperref Info: PDF/A mode OFF on input line 6072.
\Hy@abspage=\count304


Package hyperref Message: Stopped early.

)
Package hyperref Info: Driver (autodetected): hpdftex.

(/nix/store/zafsnq72l8bgllspk9qbjg3nb64ply9k-texlive-combined-2022-texmfdist/te
x/latex/hyperref/hpdftex.def
File: hpdftex.def 2023-02-07 v7.00v Hyperref driver for pdfTeX

(/nix/store/zafsnq72l8bgllspk9qbjg3nb64ply9k-texlive-combined-2022-texmfdist/te
x/latex/base/atveryend-ltx.sty
Package: atveryend-ltx 2020/08/19 v1.0a Emulation of the original atveryend pac
kage
with kernel methods
)
\Fld@listcount=\count305
\c@bookmark@seq@number=\count306

(/nix/store/zafsnq72l8bgllspk9qbjg3nb64ply9k-texlive-combined-2022-texmfdist/te
x/latex/rerunfilecheck/rerunfilecheck.sty
Package: rerunfilecheck 2022-07-10 v1.10 Rerun checks for auxiliary files (HO)

(/nix/store/zafsnq72l8bgllspk9qbjg3nb64ply9k-texlive-combined-2022-texmfdist/te
x/generic/uniquecounter/uniquecounter.sty
Package: uniquecounter 2019/12/15 v1.4 Provide unlimited unique counter (HO)
)
Package uniquecounter Info: New unique counter `rerunfilecheck' on input line 2
85.
))
(/nix/store/zafsnq72l8bgllspk9qbjg3nb64ply9k-texlive-combined-2022-texmfdist/te
x/latex/beamer/beamerbaserequires.sty
(/nix/store/zafsnq72l8bgllspk9qbjg3nb64ply9k-texlive-combined-2022-texmfdist/te
x/latex/beamer/beamerbasecompatibility.sty)
(/nix/store/zafsnq72l8bgllspk9qbjg3nb64ply9k-texlive-combined-2022-texmfdist/te
x/latex/beamer/beamerbasefont.sty
(/nix/store/zafsnq72l8bgllspk9qbjg3nb64ply9k-texlive-combined-2022-texmfdist/te
x/latex/amsfonts/amssymb.sty
Package: amssymb 2013/01/14 v3.01 AMS font symbols

(/nix/store/zafsnq72l8bgllspk9qbjg3nb64ply9k-texlive-combined-2022-texmfdist/te
x/latex/amsfonts/amsfonts.sty
Package: amsfonts 2013/01/14 v3.01 Basic AMSFonts support
\@emptytoks=\toks28
\symAMSa=\mathgroup4
\symAMSb=\mathgroup5
LaTeX Font Info:    Redeclaring math symbol \hbar on input line 98.
LaTeX Font Info:    Overwriting math alphabet `\mathfrak' in version `bold'
(Font)                  U/euf/m/n --> U/euf/b/n on input line 106.
)))
(/nix/store/zafsnq72l8bgllspk9qbjg3nb64ply9k-texlive-combined-2022-texmfdist/te
x/latex/beamer/beamerbasetranslator.sty
(/nix/store/zafsnq72l8bgllspk9qbjg3nb64ply9k-texlive-combined-2022-texmfdist/te
x/latex/translator/translator.sty
Package: translator 2021-05-31 v1.12d Easy translation of strings in LaTeX
))
(/nix/store/zafsnq72l8bgllspk9qbjg3nb64ply9k-texlive-combined-2022-texmfdist/te
x/latex/beamer/beamerbasemisc.sty)
(/nix/store/zafsnq72l8bgllspk9qbjg3nb64ply9k-texlive-combined-2022-texmfdist/te
x/latex/beamer/beamerbasetwoscreens.sty)
(/nix/store/zafsnq72l8bgllspk9qbjg3nb64ply9k-texlive-combined-2022-texmfdist/te
x/latex/beamer/beamerbaseoverlay.sty
\beamer@argscount=\count307
\beamer@lastskipcover=\skip51
\beamer@trivlistdepth=\count308
)
(/nix/store/zafsnq72l8bgllspk9qbjg3nb64ply9k-texlive-combined-2022-texmfdist/te
x/latex/beamer/beamerbasetitle.sty)
(/nix/store/zafsnq72l8bgllspk9qbjg3nb64ply9k-texlive-combined-2022-texmfdist/te
x/latex/beamer/beamerbasesection.sty
\c@lecture=\count309
\c@part=\count310
\c@section=\count311
\c@subsection=\count312
\c@subsubsection=\count313
)
(/nix/store/zafsnq72l8bgllspk9qbjg3nb64ply9k-texlive-combined-2022-texmfdist/te
x/latex/beamer/beamerbaseframe.sty
\beamer@framebox=\box66
\beamer@frametitlebox=\box67
\beamer@zoombox=\box68
\beamer@zoomcount=\count314
\beamer@zoomframecount=\count315
\beamer@frametextheight=\dimen271
\c@subsectionslide=\count316
\beamer@frametopskip=\skip52
\beamer@framebottomskip=\skip53
\beamer@frametopskipautobreak=\skip54
\beamer@framebottomskipautobreak=\skip55
\beamer@envbody=\toks29
\framewidth=\dimen272
\c@framenumber=\count317
)
(/nix/store/zafsnq72l8bgllspk9qbjg3nb64ply9k-texlive-combined-2022-texmfdist/te
x/latex/beamer/beamerbaseverbatim.sty
\beamer@verbatimfileout=\write4
)
(/nix/store/zafsnq72l8bgllspk9qbjg3nb64ply9k-texlive-combined-2022-texmfdist/te
x/latex/beamer/beamerbaseframesize.sty
\beamer@splitbox=\box69
\beamer@autobreakcount=\count318
\beamer@autobreaklastheight=\dimen273
\beamer@frametitletoks=\toks30
\beamer@framesubtitletoks=\toks31
)
(/nix/store/zafsnq72l8bgllspk9qbjg3nb64ply9k-texlive-combined-2022-texmfdist/te
x/latex/beamer/beamerbaseframecomponents.sty
\beamer@footins=\box70
)
(/nix/store/zafsnq72l8bgllspk9qbjg3nb64ply9k-texlive-combined-2022-texmfdist/te
x/latex/beamer/beamerbasecolor.sty)
(/nix/store/zafsnq72l8bgllspk9qbjg3nb64ply9k-texlive-combined-2022-texmfdist/te
x/latex/beamer/beamerbasenotes.sty
\beamer@frameboxcopy=\box71
)
(/nix/store/zafsnq72l8bgllspk9qbjg3nb64ply9k-texlive-combined-2022-texmfdist/te
x/latex/beamer/beamerbasetoc.sty)
(/nix/store/zafsnq72l8bgllspk9qbjg3nb64ply9k-texlive-combined-2022-texmfdist/te
x/latex/beamer/beamerbasetemplates.sty
\beamer@sbttoks=\toks32

(/nix/store/zafsnq72l8bgllspk9qbjg3nb64ply9k-texlive-combined-2022-texmfdist/te
x/latex/beamer/beamerbaseauxtemplates.sty
(/nix/store/zafsnq72l8bgllspk9qbjg3nb64ply9k-texlive-combined-2022-texmfdist/te
x/latex/beamer/beamerbaseboxes.sty
\bmb@box=\box72
\bmb@colorbox=\box73
\bmb@boxwidth=\dimen274
\bmb@boxheight=\dimen275
\bmb@prevheight=\dimen276
\bmb@temp=\dimen277
\bmb@dima=\dimen278
\bmb@dimb=\dimen279
\bmb@prevheight=\dimen280
)
\beamer@blockheadheight=\dimen281
))
(/nix/store/zafsnq72l8bgllspk9qbjg3nb64ply9k-texlive-combined-2022-texmfdist/te
x/latex/beamer/beamerbaselocalstructure.sty
(/nix/store/zafsnq72l8bgllspk9qbjg3nb64ply9k-texlive-combined-2022-texmfdist/te
x/latex/tools/enumerate.sty
Package: enumerate 2015/07/23 v3.00 enumerate extensions (DPC)
\@enLab=\toks33
)
\beamer@bibiconwidth=\skip56
\c@figure=\count319
\c@table=\count320
\abovecaptionskip=\skip57
\belowcaptionskip=\skip58
)
(/nix/store/zafsnq72l8bgllspk9qbjg3nb64ply9k-texlive-combined-2022-texmfdist/te
x/latex/beamer/beamerbasenavigation.sty
(/nix/store/zafsnq72l8bgllspk9qbjg3nb64ply9k-texlive-combined-2022-texmfdist/te
x/latex/beamer/beamerbasenavigationsymbols.tex)
\beamer@section@min@dim=\dimen282
)
(/nix/store/zafsnq72l8bgllspk9qbjg3nb64ply9k-texlive-combined-2022-texmfdist/te
x/latex/beamer/beamerbasetheorems.sty
(/nix/store/zafsnq72l8bgllspk9qbjg3nb64ply9k-texlive-combined-2022-texmfdist/te
x/latex/amsmath/amsmath.sty
Package: amsmath 2022/04/08 v2.17n AMS math features
\@mathmargin=\skip59

For additional information on amsmath, use the `?' option.

(/nix/store/zafsnq72l8bgllspk9qbjg3nb64ply9k-texlive-combined-2022-texmfdist/te
x/latex/amsmath/amstext.sty
Package: amstext 2021/08/26 v2.01 AMS text

(/nix/store/zafsnq72l8bgllspk9qbjg3nb64ply9k-texlive-combined-2022-texmfdist/te
x/latex/amsmath/amsgen.sty
File: amsgen.sty 1999/11/30 v2.0 generic functions
\@emptytoks=\toks34
\ex@=\dimen283
))
(/nix/store/zafsnq72l8bgllspk9qbjg3nb64ply9k-texlive-combined-2022-texmfdist/te
x/latex/amsmath/amsbsy.sty
Package: amsbsy 1999/11/29 v1.2d Bold Symbols
\pmbraise@=\dimen284
)
(/nix/store/zafsnq72l8bgllspk9qbjg3nb64ply9k-texlive-combined-2022-texmfdist/te
x/latex/amsmath/amsopn.sty
Package: amsopn 2022/04/08 v2.04 operator names
)
\inf@bad=\count321
LaTeX Info: Redefining \frac on input line 234.
\uproot@=\count322
\leftroot@=\count323
LaTeX Info: Redefining \overline on input line 399.
LaTeX Info: Redefining \colon on input line 410.
\classnum@=\count324
\DOTSCASE@=\count325
LaTeX Info: Redefining \ldots on input line 496.
LaTeX Info: Redefining \dots on input line 499.
LaTeX Info: Redefining \cdots on input line 620.
\Mathstrutbox@=\box74
\strutbox@=\box75
LaTeX Info: Redefining \big on input line 722.
LaTeX Info: Redefining \Big on input line 723.
LaTeX Info: Redefining \bigg on input line 724.
LaTeX Info: Redefining \Bigg on input line 725.
\big@size=\dimen285
LaTeX Font Info:    Redeclaring font encoding OML on input line 743.
LaTeX Font Info:    Redeclaring font encoding OMS on input line 744.
\macc@depth=\count326
LaTeX Info: Redefining \bmod on input line 905.
LaTeX Info: Redefining \pmod on input line 910.
LaTeX Info: Redefining \smash on input line 940.
LaTeX Info: Redefining \relbar on input line 970.
LaTeX Info: Redefining \Relbar on input line 971.
\c@MaxMatrixCols=\count327
\dotsspace@=\muskip17
\c@parentequation=\count328
\dspbrk@lvl=\count329
\tag@help=\toks35
\row@=\count330
\column@=\count331
\maxfields@=\count332
\andhelp@=\toks36
\eqnshift@=\dimen286
\alignsep@=\dimen287
\tagshift@=\dimen288
\tagwidth@=\dimen289
\totwidth@=\dimen290
\lineht@=\dimen291
\@envbody=\toks37
\multlinegap=\skip60
\multlinetaggap=\skip61
\mathdisplay@stack=\toks38
LaTeX Info: Redefining \[ on input line 2953.
LaTeX Info: Redefining \] on input line 2954.
)
(/nix/store/zafsnq72l8bgllspk9qbjg3nb64ply9k-texlive-combined-2022-texmfdist/te
x/latex/amscls/amsthm.sty
Package: amsthm 2020/05/29 v2.20.6
\thm@style=\toks39
\thm@bodyfont=\toks40
\thm@headfont=\toks41
\thm@notefont=\toks42
\thm@headpunct=\toks43
\thm@preskip=\skip62
\thm@postskip=\skip63
\thm@headsep=\skip64
\dth@everypar=\toks44
)
\c@theorem=\count333
)
(/nix/store/zafsnq72l8bgllspk9qbjg3nb64ply9k-texlive-combined-2022-texmfdist/te
x/latex/beamer/beamerbasethemes.sty))
(/nix/store/zafsnq72l8bgllspk9qbjg3nb64ply9k-texlive-combined-2022-texmfdist/te
x/latex/beamer/beamerthemedefault.sty
(/nix/store/zafsnq72l8bgllspk9qbjg3nb64ply9k-texlive-combined-2022-texmfdist/te
x/latex/beamer/beamerfontthemedefault.sty)
(/nix/store/zafsnq72l8bgllspk9qbjg3nb64ply9k-texlive-combined-2022-texmfdist/te
x/latex/beamer/beamercolorthemedefault.sty)
(/nix/store/zafsnq72l8bgllspk9qbjg3nb64ply9k-texlive-combined-2022-texmfdist/te
x/latex/beamer/beamerinnerthemedefault.sty
\beamer@dima=\dimen292
\beamer@dimb=\dimen293
)
(/nix/store/zafsnq72l8bgllspk9qbjg3nb64ply9k-texlive-combined-2022-texmfdist/te
x/latex/beamer/beamerouterthemedefault.sty)))
(/nix/store/zafsnq72l8bgllspk9qbjg3nb64ply9k-texlive-combined-2022-texmfdist/te
x/latex/base/fontenc.sty
Package: fontenc 2021/04/29 v2.0v Standard LaTeX package
)
(/nix/store/zafsnq72l8bgllspk9qbjg3nb64ply9k-texlive-combined-2022-texmfdist/te
x/latex/libertine/libertine.sty
Package: libertine 2022/09/12 (Bob Tennent) Supports Libertine and Biolinum fon
ts for all LaTeX engines.

(/nix/store/zafsnq72l8bgllspk9qbjg3nb64ply9k-texlive-combined-2022-texmfdist/te
x/generic/iftex/ifxetex.sty
Package: ifxetex 2019/10/25 v0.7 ifxetex legacy package. Use iftex instead.
)
(/nix/store/zafsnq72l8bgllspk9qbjg3nb64ply9k-texlive-combined-2022-texmfdist/te
x/generic/iftex/ifluatex.sty
Package: ifluatex 2019/10/25 v1.5 ifluatex legacy package. Use iftex instead.
)
(/nix/store/zafsnq72l8bgllspk9qbjg3nb64ply9k-texlive-combined-2022-texmfdist/te
x/latex/xkeyval/xkeyval.sty
Package: xkeyval 2022/06/16 v2.9 package option processing (HA)

(/nix/store/zafsnq72l8bgllspk9qbjg3nb64ply9k-texlive-combined-2022-texmfdist/te
x/generic/xkeyval/xkeyval.tex
(/nix/store/zafsnq72l8bgllspk9qbjg3nb64ply9k-texlive-combined-2022-texmfdist/te
x/generic/xkeyval/xkvutils.tex
\XKV@toks=\toks45
\XKV@tempa@toks=\toks46
)
\XKV@depth=\count334
File: xkeyval.tex 2014/12/03 v2.7a key=value parser (HA)
))
(/nix/store/zafsnq72l8bgllspk9qbjg3nb64ply9k-texlive-combined-2022-texmfdist/te
x/latex/base/textcomp.sty
Package: textcomp 2020/02/02 v2.0n Standard LaTeX package
)
(/nix/store/zafsnq72l8bgllspk9qbjg3nb64ply9k-texlive-combined-2022-texmfdist/te
x/latex/base/fontenc.sty
Package: fontenc 2021/04/29 v2.0v Standard LaTeX package
)
(/nix/store/zafsnq72l8bgllspk9qbjg3nb64ply9k-texlive-combined-2022-texmfdist/te
x/latex/fontaxes/fontaxes.sty
Package: fontaxes 2020/07/21 v1.0e Font selection axes
LaTeX Info: Redefining \upshape on input line 29.
LaTeX Info: Redefining \itshape on input line 31.
LaTeX Info: Redefining \slshape on input line 33.
LaTeX Info: Redefining \swshape on input line 35.
LaTeX Info: Redefining \scshape on input line 37.
LaTeX Info: Redefining \sscshape on input line 39.
LaTeX Info: Redefining \ulcshape on input line 41.
LaTeX Info: Redefining \textsw on input line 47.
LaTeX Info: Redefining \textssc on input line 48.
LaTeX Info: Redefining \textulc on input line 49.
)
LaTeX Info: Redefining \oldstylenums on input line 483.

(/nix/store/zafsnq72l8bgllspk9qbjg3nb64ply9k-texlive-combined-2022-texmfdist/te
x/latex/libertine/LinLibertine_I.tex))
(/nix/store/zafsnq72l8bgllspk9qbjg3nb64ply9k-texlive-combined-2022-texmfdist/te
x/latex/inconsolata/zi4.sty
Package: zi4 2019/05/17 v1.12

`inconsolata-zi4' v1.12, 2019/05/17 Text macros for Inconsolata (msharpe)
\zifour@ocount=\count335
)
(/nix/store/zafsnq72l8bgllspk9qbjg3nb64ply9k-texlive-combined-2022-texmfdist/te
x/latex/newtx/newtxmath.sty
Package: newtxmath 2022/01/16 v1.71

`newtxmath' v1.71, 2022/01/16 Math macros based originally on txfonts (msharpe)

(/nix/store/zafsnq72l8bgllspk9qbjg3nb64ply9k-texlive-combined-2022-texmfdist/te
x/latex/base/ifthen.sty
Package: ifthen 2022/04/13 v1.1d Standard LaTeX ifthen package (DPC)
)
(/nix/store/zafsnq72l8bgllspk9qbjg3nb64ply9k-texlive-combined-2022-texmfdist/te
x/latex/oberdiek/centernot.sty
Package: centernot 2016/05/16 v1.4 Centers the not symbol horizontally (HO)
)
\tx@cntz=\count336

(/nix/store/zafsnq72l8bgllspk9qbjg3nb64ply9k-texlive-combined-2022-texmfdist/te
x/generic/kastrup/binhex.tex)
\tx@Isdigit=\count337
\tx@IsAlNum=\count338
\tx@tA=\toks47
\tx@tB=\toks48
\tx@su=\read3

amsthm NOT loaded
LaTeX Font Info:    Redeclaring symbol font `operators' on input line 376.
LaTeX Font Info:    Overwriting symbol font `operators' in version `normal'
(Font)                  OT1/cmr/m/n --> OT1/LinuxLibertineT-TLF/m/n on input li
ne 376.
LaTeX Font Info:    Overwriting symbol font `operators' in version `bold'
(Font)                  OT1/cmr/bx/n --> OT1/LinuxLibertineT-TLF/m/n on input l
ine 376.
LaTeX Font Info:    Overwriting symbol font `operators' in version `bold'
(Font)                  OT1/LinuxLibertineT-TLF/m/n --> OT1/LinuxLibertineT-TLF
/sb/n on input line 377.
LaTeX Font Info:    Redeclaring math alphabet \mathsf on input line 383.
LaTeX Font Info:    Overwriting math alphabet `\mathsf' in version `normal'
(Font)                  OT1/cmss/m/n --> T1/LinuxBiolinumT-TLF/m/n on input lin
e 383.
LaTeX Font Info:    Overwriting math alphabet `\mathsf' in version `bold'
(Font)                  OT1/cmss/bx/n --> T1/LinuxBiolinumT-TLF/m/n on input li
ne 383.
LaTeX Font Info:    Redeclaring math alphabet \mathit on input line 384.
LaTeX Font Info:    Overwriting math alphabet `\mathit' in version `normal'
(Font)                  OT1/cmr/m/it --> OT1/LinuxLibertineT-TLF/m/it on input 
line 384.
LaTeX Font Info:    Overwriting math alphabet `\mathit' in version `bold'
(Font)                  OT1/cmr/bx/it --> OT1/LinuxLibertineT-TLF/m/it on input
 line 384.
LaTeX Font Info:    Redeclaring math alphabet \mathtt on input line 385.
LaTeX Font Info:    Overwriting math alphabet `\mathtt' in version `normal'
(Font)                  OT1/cmtt/m/n --> T1/zi4/m/n on input line 385.
LaTeX Font Info:    Overwriting math alphabet `\mathtt' in version `bold'
(Font)                  OT1/cmtt/m/n --> T1/zi4/m/n on input line 385.
LaTeX Font Info:    Redeclaring math alphabet \mathbf on input line 387.
LaTeX Font Info:    Overwriting math alphabet `\mathbf' in version `normal'
(Font)                  OT1/cmr/bx/n --> OT1/LinuxLibertineT-TLF/sb/n on input 
line 387.
LaTeX Font Info:    Overwriting math alphabet `\mathbf' in version `bold'
(Font)                  OT1/cmr/bx/n --> OT1/LinuxLibertineT-TLF/sb/n on input 
line 387.
LaTeX Font Info:    Overwriting math alphabet `\mathit' in version `bold'
(Font)                  OT1/LinuxLibertineT-TLF/m/it --> OT1/LinuxLibertineT-TL
F/sb/it on input line 388.
LaTeX Font Info:    Overwriting math alphabet `\mathsf' in version `bold'
(Font)                  T1/LinuxBiolinumT-TLF/m/n --> T1/LinuxBiolinumT-TLF/b/n
 on input line 389.
LaTeX Font Info:    Overwriting math alphabet `\mathtt' in version `bold'
(Font)                  T1/zi4/m/n --> T1/zi4/b/n on input line 390.
LaTeX Font Info:    Redeclaring symbol font `letters' on input line 407.
LaTeX Font Info:    Overwriting symbol font `letters' in version `normal'
(Font)                  OML/cmm/m/it --> OML/nxlmi/m/it on input line 407.
LaTeX Font Info:    Overwriting symbol font `letters' in version `bold'
(Font)                  OML/cmm/b/it --> OML/nxlmi/m/it on input line 407.
LaTeX Font Info:    Overwriting symbol font `letters' in version `bold'
(Font)                  OML/nxlmi/m/it --> OML/nxlmi/b/it on input line 408.
\symlettersA=\mathgroup6
LaTeX Font Info:    Overwriting symbol font `lettersA' in version `bold'
(Font)                  U/ntxmia/m/it --> U/ntxmia/b/it on input line 547.
LaTeX Font Info:    Redeclaring math alphabet \mathfrak on input line 549.
Now handling font encoding LMS ...
... no UTF-8 mapping file for font encoding LMS
LaTeX Font Info:    Redeclaring symbol font `symbols' on input line 568.
LaTeX Font Info:    Encoding `OMS' has changed to `LMS' for symbol font
(Font)              `symbols' in the math version `normal' on input line 568.
LaTeX Font Info:    Overwriting symbol font `symbols' in version `normal'
(Font)                  OMS/cmsy/m/n --> LMS/ntxsy/m/n on input line 568.
LaTeX Font Info:    Encoding `OMS' has changed to `LMS' for symbol font
(Font)              `symbols' in the math version `bold' on input line 568.
LaTeX Font Info:    Overwriting symbol font `symbols' in version `bold'
(Font)                  OMS/cmsy/b/n --> LMS/ntxsy/m/n on input line 568.
LaTeX Font Info:    Overwriting symbol font `symbols' in version `bold'
(Font)                  LMS/ntxsy/m/n --> LMS/ntxsy/b/n on input line 569.
\symAMSm=\mathgroup7
LaTeX Font Info:    Overwriting symbol font `AMSm' in version `bold'
(Font)                  U/ntxsym/m/n --> U/ntxsym/b/n on input line 594.
\symsymbolsC=\mathgroup8
LaTeX Font Info:    Overwriting symbol font `symbolsC' in version `bold'
(Font)                  U/ntxsyc/m/n --> U/ntxsyc/b/n on input line 615.
Now handling font encoding LMX ...
... no UTF-8 mapping file for font encoding LMX
LaTeX Font Info:    Redeclaring symbol font `largesymbols' on input line 628.
LaTeX Font Info:    Encoding `OMX' has changed to `LMX' for symbol font
(Font)              `largesymbols' in the math version `normal' on input line 6
28.
LaTeX Font Info:    Overwriting symbol font `largesymbols' in version `normal'
(Font)                  OMX/cmex/m/n --> LMX/ntxexx/m/n on input line 628.
LaTeX Font Info:    Encoding `OMX' has changed to `LMX' for symbol font
(Font)              `largesymbols' in the math version `bold' on input line 628
.
LaTeX Font Info:    Overwriting symbol font `largesymbols' in version `bold'
(Font)                  OMX/cmex/m/n --> LMX/ntxexx/m/n on input line 628.
LaTeX Font Info:    Overwriting symbol font `largesymbols' in version `bold'
(Font)                  LMX/ntxexx/m/n --> LMX/ntxexx/b/n on input line 629.
\symlargesymbolsTXA=\mathgroup9
LaTeX Font Info:    Overwriting symbol font `largesymbolsTXA' in version `bold'

(Font)                  U/ntxexa/m/n --> U/ntxexa/b/n on input line 643.
\tx@sbptoks=\toks49
LaTeX Font Info:    Redeclaring math delimiter \lfloor on input line 866.
LaTeX Font Info:    Redeclaring math delimiter \rfloor on input line 867.
LaTeX Font Info:    Redeclaring math delimiter \lceil on input line 868.
LaTeX Font Info:    Redeclaring math delimiter \rceil on input line 869.
LaTeX Font Info:    Redeclaring math delimiter \lbrace on input line 870.
LaTeX Font Info:    Redeclaring math delimiter \rbrace on input line 871.
LaTeX Font Info:    Redeclaring math delimiter \langle on input line 872.
LaTeX Font Info:    Redeclaring math delimiter \rangle on input line 874.
LaTeX Font Info:    Redeclaring math delimiter \arrowvert on input line 878.
LaTeX Font Info:    Redeclaring math delimiter \vert on input line 879.
LaTeX Font Info:    Redeclaring math accent \dot on input line 950.
LaTeX Font Info:    Redeclaring math accent \ddot on input line 951.
LaTeX Font Info:    Redeclaring math accent \vec on input line 2020.
LaTeX Info: Redefining \Bbbk on input line 2810.
LaTeX Info: Redefining \not on input line 2959.
LaTeX Info: Redefining \textsquare on input line 2989.
LaTeX Info: Redefining \openbox on input line 2991.
)
(/nix/store/zafsnq72l8bgllspk9qbjg3nb64ply9k-texlive-combined-2022-texmfdist/te
x/latex/base/fontenc.sty
Package: fontenc 2021/04/29 v2.0v Standard LaTeX package
LaTeX Font Info:    Trying to load font information for T1+LinuxBiolinumT-TLF o
n input line 112.

(/nix/store/zafsnq72l8bgllspk9qbjg3nb64ply9k-texlive-combined-2022-texmfdist/te
x/latex/libertine/T1LinuxBiolinumT-TLF.fd
File: T1LinuxBiolinumT-TLF.fd 2017/03/20 (autoinst) Font definitions for T1/Lin
uxBiolinumT-TLF.
)
LaTeX Font Info:    Font shape `T1/LinuxBiolinumT-TLF/m/n' will be
(Font)              scaled to size 10.95pt on input line 112.
)
(/nix/store/zafsnq72l8bgllspk9qbjg3nb64ply9k-texlive-combined-2022-texmfdist/te
x/latex/tipa/tipa.sty
Package: tipa 2002/08/08 TIPA version 1.1

(/nix/store/zafsnq72l8bgllspk9qbjg3nb64ply9k-texlive-combined-2022-texmfdist/te
x/latex/base/fontenc.sty
Package: fontenc 2021/04/29 v2.0v Standard LaTeX package

(/nix/store/zafsnq72l8bgllspk9qbjg3nb64ply9k-texlive-combined-2022-texmfdist/te
x/latex/tipa/t3enc.def
File: t3enc.def 2001/12/31 T3 encoding
Now handling font encoding T3 ...
... no UTF-8 mapping file for font encoding T3
LaTeX Font Info:    Font shape `T1/LinuxBiolinumT-TLF/m/sl' in size <10.95> not
 available
(Font)              Font shape `T1/LinuxBiolinumT-TLF/m/it' tried instead on in
put line 316.
LaTeX Font Info:    Font shape `T1/LinuxBiolinumT-TLF/m/it' will be
(Font)              scaled to size 10.95pt on input line 316.
LaTeX Font Info:    Font shape `T1/LinuxBiolinumT-TLF/b/n' will be
(Font)              scaled to size 10.95pt on input line 356.
)))
(/nix/store/zafsnq72l8bgllspk9qbjg3nb64ply9k-texlive-combined-2022-texmfdist/te
x/latex/adjustbox/adjustbox.sty
Package: adjustbox 2022/10/17 v1.3a Adjusting TeX boxes (trim, clip, ...)

(/nix/store/zafsnq72l8bgllspk9qbjg3nb64ply9k-texlive-combined-2022-texmfdist/te
x/latex/adjustbox/adjcalc.sty
Package: adjcalc 2012/05/16 v1.1 Provides advanced setlength with multiple back
-ends (calc, etex, pgfmath)
)
(/nix/store/zafsnq72l8bgllspk9qbjg3nb64ply9k-texlive-combined-2022-texmfdist/te
x/latex/adjustbox/trimclip.sty
Package: trimclip 2020/08/19 v1.2 Trim and clip general TeX material

(/nix/store/zafsnq72l8bgllspk9qbjg3nb64ply9k-texlive-combined-2022-texmfdist/te
x/latex/collectbox/collectbox.sty
Package: collectbox 2022/10/17 v0.4c Collect macro arguments as boxes
\collectedbox=\box76
)
\tc@llx=\dimen294
\tc@lly=\dimen295
\tc@urx=\dimen296
\tc@ury=\dimen297
Package trimclip Info: Using driver 'tc-pdftex.def'.

(/nix/store/zafsnq72l8bgllspk9qbjg3nb64ply9k-texlive-combined-2022-texmfdist/te
x/latex/adjustbox/tc-pdftex.def
File: tc-pdftex.def 2019/01/04 v2.2 Clipping driver for pdftex
))
\adjbox@Width=\dimen298
\adjbox@Height=\dimen299
\adjbox@Depth=\dimen300
\adjbox@Totalheight=\dimen301
\adjbox@pwidth=\dimen302
\adjbox@pheight=\dimen303
\adjbox@pdepth=\dimen304
\adjbox@ptotalheight=\dimen305
)
(/nix/store/zafsnq72l8bgllspk9qbjg3nb64ply9k-texlive-combined-2022-texmfdist/te
x/latex/multirow/multirow.sty
Package: multirow 2021/03/15 v2.8 Span multiple rows of a table
\multirow@colwidth=\skip65
\multirow@cntb=\count339
\multirow@dima=\skip66
\bigstrutjot=\dimen306
)
(/nix/store/zafsnq72l8bgllspk9qbjg3nb64ply9k-texlive-combined-2022-texmfdist/te
x/latex/tools/multicol.sty
Package: multicol 2021/11/30 v1.9d multicolumn formatting (FMi)
\c@tracingmulticols=\count340
\mult@box=\box77
\multicol@leftmargin=\dimen307
\c@unbalance=\count341
\c@collectmore=\count342
\doublecol@number=\count343
\multicoltolerance=\count344
\multicolpretolerance=\count345
\full@width=\dimen308
\page@free=\dimen309
\premulticols=\dimen310
\postmulticols=\dimen311
\multicolsep=\skip67
\multicolbaselineskip=\skip68
\partial@page=\box78
\last@line=\box79
\maxbalancingoverflow=\dimen312
\mult@rightbox=\box80
\mult@grightbox=\box81
\mult@firstbox=\box82
\mult@gfirstbox=\box83
\@tempa=\box84
\@tempa=\box85
\@tempa=\box86
\@tempa=\box87
\@tempa=\box88
\@tempa=\box89
\@tempa=\box90
\@tempa=\box91
\@tempa=\box92
\@tempa=\box93
\@tempa=\box94
\@tempa=\box95
\@tempa=\box96
\@tempa=\box97
\@tempa=\box98
\@tempa=\box99
\@tempa=\box100
\@tempa=\box101
\@tempa=\box102
\@tempa=\box103
\@tempa=\box104
\@tempa=\box105
\@tempa=\box106
\@tempa=\box107
\@tempa=\box108
\@tempa=\box109
\@tempa=\box110
\@tempa=\box111
\@tempa=\box112
\@tempa=\box113
\@tempa=\box114
\@tempa=\box115
\@tempa=\box116
\@tempa=\box117
\@tempa=\box118
\@tempa=\box119
\c@minrows=\count346
\c@columnbadness=\count347
\c@finalcolumnbadness=\count348
\last@try=\dimen313
\multicolovershoot=\dimen314
\multicolundershoot=\dimen315
\mult@nat@firstbox=\box120
\colbreak@box=\box121
\mc@col@check@num=\count349
)
(/nix/store/zafsnq72l8bgllspk9qbjg3nb64ply9k-texlive-combined-2022-texmfdist/te
x/latex/biblatex/biblatex.sty
Package: biblatex 2023/03/05 v3.19 programmable bibliographies (PK/MW)

(/nix/store/zafsnq72l8bgllspk9qbjg3nb64ply9k-texlive-combined-2022-texmfdist/te
x/latex/logreq/logreq.sty
Package: logreq 2010/08/04 v1.0 xml request logger
\lrq@indent=\count350

(/nix/store/zafsnq72l8bgllspk9qbjg3nb64ply9k-texlive-combined-2022-texmfdist/te
x/latex/logreq/logreq.def
File: logreq.def 2010/08/04 v1.0 logreq spec v1.0
))
\c@tabx@nest=\count351
\c@listtotal=\count352
\c@listcount=\count353
\c@liststart=\count354
\c@liststop=\count355
\c@citecount=\count356
\c@citetotal=\count357
\c@multicitecount=\count358
\c@multicitetotal=\count359
\c@instcount=\count360
\c@maxnames=\count361
\c@minnames=\count362
\c@maxitems=\count363
\c@minitems=\count364
\c@citecounter=\count365
\c@maxcitecounter=\count366
\c@savedcitecounter=\count367
\c@uniquelist=\count368
\c@uniquename=\count369
\c@refsection=\count370
\c@refsegment=\count371
\c@maxextratitle=\count372
\c@maxextratitleyear=\count373
\c@maxextraname=\count374
\c@maxextradate=\count375
\c@maxextraalpha=\count376
\c@abbrvpenalty=\count377
\c@highnamepenalty=\count378
\c@lownamepenalty=\count379
\c@maxparens=\count380
\c@parenlevel=\count381
\blx@tempcnta=\count382
\blx@tempcntb=\count383
\blx@tempcntc=\count384
\c@blx@maxsection=\count385
\blx@maxsegment@0=\count386
\blx@notetype=\count387
\blx@parenlevel@text=\count388
\blx@parenlevel@foot=\count389
\blx@sectionciteorder@0=\count390
\blx@sectionciteorderinternal@0=\count391
\blx@entrysetcounter=\count392
\blx@biblioinstance=\count393
\labelnumberwidth=\skip69
\labelalphawidth=\skip70
\biblabelsep=\skip71
\bibitemsep=\skip72
\bibnamesep=\skip73
\bibinitsep=\skip74
\bibparsep=\skip75
\bibhang=\skip76
\blx@bcfin=\read4
\blx@bcfout=\write5
\blx@langwohyphens=\language84
\c@mincomprange=\count394
\c@maxcomprange=\count395
\c@mincompwidth=\count396
Package biblatex Info: Trying to load biblatex default data model...
Package biblatex Info: ... file 'blx-dm.def' found.

(/nix/store/zafsnq72l8bgllspk9qbjg3nb64ply9k-texlive-combined-2022-texmfdist/te
x/latex/biblatex/blx-dm.def
File: blx-dm.def 2023/03/05 v3.19 biblatex localization (PK/MW)
)
Package biblatex Info: Trying to load biblatex style data model...
Package biblatex Info: ... file 'authoryear-comp.dbx' not found.
Package biblatex Info: Trying to load biblatex custom data model...
Package biblatex Info: ... file 'biblatex-dm.cfg' not found.
\c@afterword=\count397
\c@savedafterword=\count398
\c@annotator=\count399
\c@savedannotator=\count400
\c@author=\count401
\c@savedauthor=\count402
\c@bookauthor=\count403
\c@savedbookauthor=\count404
\c@commentator=\count405
\c@savedcommentator=\count406
\c@editor=\count407
\c@savededitor=\count408
\c@editora=\count409
\c@savededitora=\count410
\c@editorb=\count411
\c@savededitorb=\count412
\c@editorc=\count413
\c@savededitorc=\count414
\c@foreword=\count415
\c@savedforeword=\count416
\c@holder=\count417
\c@savedholder=\count418
\c@introduction=\count419
\c@savedintroduction=\count420
\c@namea=\count421
\c@savednamea=\count422
\c@nameb=\count423
\c@savednameb=\count424
\c@namec=\count425
\c@savednamec=\count426
\c@translator=\count427
\c@savedtranslator=\count428
\c@shortauthor=\count429
\c@savedshortauthor=\count430
\c@shorteditor=\count431
\c@savedshorteditor=\count432
\c@labelname=\count433
\c@savedlabelname=\count434
\c@institution=\count435
\c@savedinstitution=\count436
\c@lista=\count437
\c@savedlista=\count438
\c@listb=\count439
\c@savedlistb=\count440
\c@listc=\count441
\c@savedlistc=\count442
\c@listd=\count443
\c@savedlistd=\count444
\c@liste=\count445
\c@savedliste=\count446
\c@listf=\count447
\c@savedlistf=\count448
\c@location=\count449
\c@savedlocation=\count450
\c@organization=\count451
\c@savedorganization=\count452
\c@origlocation=\count453
\c@savedoriglocation=\count454
\c@origpublisher=\count455
\c@savedorigpublisher=\count456
\c@publisher=\count457
\c@savedpublisher=\count458
\c@language=\count459
\c@savedlanguage=\count460
\c@origlanguage=\count461
\c@savedoriglanguage=\count462
\c@pageref=\count463
\c@savedpageref=\count464
\shorthandwidth=\skip77
\shortjournalwidth=\skip78
\shortserieswidth=\skip79
\shorttitlewidth=\skip80
\shortauthorwidth=\skip81
\shorteditorwidth=\skip82
\locallabelnumberwidth=\skip83
\locallabelalphawidth=\skip84
\localshorthandwidth=\skip85
\localshortjournalwidth=\skip86
\localshortserieswidth=\skip87
\localshorttitlewidth=\skip88
\localshortauthorwidth=\skip89
\localshorteditorwidth=\skip90
Package biblatex Info: Trying to load compatibility code...
Package biblatex Info: ... file 'blx-compat.def' found.

(/nix/store/zafsnq72l8bgllspk9qbjg3nb64ply9k-texlive-combined-2022-texmfdist/te
x/latex/biblatex/blx-compat.def
File: blx-compat.def 2023/03/05 v3.19 biblatex compatibility (PK/MW)
)
Package biblatex Info: Trying to load BibTeX backend compatibility...
Package biblatex Info: ... file 'blx-bibtex.def' found.

(/nix/store/zafsnq72l8bgllspk9qbjg3nb64ply9k-texlive-combined-2022-texmfdist/te
x/latex/biblatex/blx-bibtex.def
File: blx-bibtex.def 2023/03/05 v3.19 biblatex compatibility (PK/MW)


Package biblatex Warning: Using fall-back bibtex backend:
(biblatex)                functionality may be reduced/unavailable.

)
Package biblatex Info: Trying to load generic definitions...
Package biblatex Info: ... file 'biblatex.def' found.

(/nix/store/zafsnq72l8bgllspk9qbjg3nb64ply9k-texlive-combined-2022-texmfdist/te
x/latex/biblatex/biblatex.def
File: biblatex.def 2023/03/05 v3.19 biblatex compatibility (PK/MW)
\c@textcitecount=\count465
\c@textcitetotal=\count466
\c@textcitemaxnames=\count467
\c@biburlbigbreakpenalty=\count468
\c@biburlbreakpenalty=\count469
\c@biburlnumpenalty=\count470
\c@biburlucpenalty=\count471
\c@biburllcpenalty=\count472
\biburlbigskip=\muskip18
\biburlnumskip=\muskip19
\biburlucskip=\muskip20
\biburllcskip=\muskip21
\c@smartand=\count473
)
Package biblatex Info: Trying to load bibliography style 'authoryear-comp'...
Package biblatex Info: ... file 'authoryear-comp.bbx' found.

(/nix/store/zafsnq72l8bgllspk9qbjg3nb64ply9k-texlive-combined-2022-texmfdist/te
x/latex/biblatex/bbx/authoryear-comp.bbx
File: authoryear-comp.bbx 2023/03/05 v3.19 biblatex bibliography style (PK/MW)
Package biblatex Info: Trying to load bibliography style 'authoryear'...
Package biblatex Info: ... file 'authoryear.bbx' found.

(/nix/store/zafsnq72l8bgllspk9qbjg3nb64ply9k-texlive-combined-2022-texmfdist/te
x/latex/biblatex/bbx/authoryear.bbx
File: authoryear.bbx 2023/03/05 v3.19 biblatex bibliography style (PK/MW)
Package biblatex Info: Trying to load bibliography style 'standard'...
Package biblatex Info: ... file 'standard.bbx' found.

(/nix/store/zafsnq72l8bgllspk9qbjg3nb64ply9k-texlive-combined-2022-texmfdist/te
x/latex/biblatex/bbx/standard.bbx
File: standard.bbx 2023/03/05 v3.19 biblatex bibliography style (PK/MW)
\c@bbx:relatedcount=\count474
\c@bbx:relatedtotal=\count475
)))
Package biblatex Info: Trying to load citation style 'authoryear-comp'...
Package biblatex Info: ... file 'authoryear-comp.cbx' found.

(/nix/store/zafsnq72l8bgllspk9qbjg3nb64ply9k-texlive-combined-2022-texmfdist/te
x/latex/biblatex/cbx/authoryear-comp.cbx
File: authoryear-comp.cbx 2023/03/05 v3.19 biblatex citation style (PK/MW)
Package biblatex Info: Redefining '\cite'.
Package biblatex Info: Redefining '\parencite'.
Package biblatex Info: Redefining '\footcite'.
Package biblatex Info: Redefining '\footcitetext'.
Package biblatex Info: Redefining '\smartcite'.
Package biblatex Info: Redefining '\textcite'.
Package biblatex Info: Redefining '\textcites'.
Package biblatex Info: Redefining '\cites'.
Package biblatex Info: Redefining '\parencites'.
Package biblatex Info: Redefining '\footcites'.
Package biblatex Info: Redefining '\footcitetexts'.
Package biblatex Info: Redefining '\smartcites'.
)
Package biblatex Info: Trying to load configuration file...
Package biblatex Info: ... file 'biblatex.cfg' found.

(/nix/store/zafsnq72l8bgllspk9qbjg3nb64ply9k-texlive-combined-2022-texmfdist/te
x/latex/biblatex/biblatex.cfg
File: biblatex.cfg 
)
Package biblatex Info: Input encoding 'utf8' detected.
Package biblatex Info: Document encoding is UTF8 ....

(/nix/store/zafsnq72l8bgllspk9qbjg3nb64ply9k-texlive-combined-2022-texmfdist/te
x/latex/l3kernel/expl3.sty
Package: expl3 2023-02-22 L3 programming layer (loader) 

(/nix/store/zafsnq72l8bgllspk9qbjg3nb64ply9k-texlive-combined-2022-texmfdist/te
x/latex/l3backend/l3backend-pdftex.def
File: l3backend-pdftex.def 2023-01-16 L3 backend support: PDF output (pdfTeX)
\l__color_backend_stack_int=\count476
\l__pdf_internal_box=\box122
))
Package biblatex Info: ... and expl3
(biblatex)             2023-02-22 L3 programming layer (loader) 
(biblatex)             is new enough (at least 2020/04/06),
(biblatex)             setting 'casechanger=expl3'.

(/nix/store/zafsnq72l8bgllspk9qbjg3nb64ply9k-texlive-combined-2022-texmfdist/te
x/latex/biblatex/blx-case-expl3.sty
(/nix/store/zafsnq72l8bgllspk9qbjg3nb64ply9k-texlive-combined-2022-texmfdist/te
x/latex/l3packages/xparse/xparse.sty
Package: xparse 2023-02-02 L3 Experimental document command parser
)
Package: blx-case-expl3 2023/03/05 v3.19 expl3 case changing code for biblatex
))
(/nix/store/zafsnq72l8bgllspk9qbjg3nb64ply9k-texlive-combined-2022-texmfdist/te
x/generic/expex/expex.sty
Package: expex 5/1/2017 v5.1b LaTex wrapper for expex.tex (JF)

(/nix/store/zafsnq72l8bgllspk9qbjg3nb64ply9k-texlive-combined-2022-texmfdist/te
x/generic/expex/expex.tex
File: expex.tex 5/25/2017 v5.1b ExPex linguistics example formatter (JF)
\ep@dima=\dimen316
\ep@dimb=\dimen317
\ep@dimc=\dimen318
\ep@cnta=\count477
\epc@b=\count478
\excnt=\count479
\numbox=\box123
\epd@numright=\dimen319
\pexcnt=\count480
\epd@labelleft=\dimen320
\epd@labelright=\dimen321
\epd@textleft=\dimen322
\epd@preambleleft=\dimen323
\epd@sampleexnowidth=\dimen324
\ep@everylabel=\toks50
\exnobox=\box124
\ling@tagsfile=\write6
\ling@tagsin=\read5
\glstrutbox=\box125
\ep@cascadeindent=\dimen325
\ep@hangindentamount=\dimen326
\ep@cascadecount=\count481
\gltoks@a=\toks51
\gltoks@b=\toks52
\glw@maxht=\dimen327
\glw@maxdp=\dimen328
\@itemtype=\count482
\gl@maxdplast=\dimen329
\gltoks@sofar=\toks53
\gltoks@every=\toks54
\gltoks@next=\toks55
\debug@glword=\box126
\@glaparsestate=\count483
\glwcascade@pshapeindent=\dimen330
\glwcascade@pshapelinewd=\dimen331
\ssleftwd=\dimen332
\ssrightwd=\dimen333
))
(/nix/store/zafsnq72l8bgllspk9qbjg3nb64ply9k-texlive-combined-2022-texmfdist/te
x/latex/stmaryrd/stmaryrd.sty
Package: stmaryrd 1994/03/03 St Mary's Road symbol package
\symstmry=\mathgroup10
LaTeX Font Info:    Overwriting symbol font `stmry' in version `bold'
(Font)                  U/stmry/m/n --> U/stmry/b/n on input line 89.
)
(/nix/store/zafsnq72l8bgllspk9qbjg3nb64ply9k-texlive-combined-2022-texmfdist/te
x/latex/oberdiek/stackrel.sty
Package: stackrel 2016/05/16 v1.3 Adding subscript option to stackrel (HO)
)
(/nix/store/zafsnq72l8bgllspk9qbjg3nb64ply9k-texlive-combined-2022-texmfdist/te
x/latex/stackengine/stackengine.sty
Package: stackengine 2021/07/22 v4.11\ Stacking text and objects in convenient 
ways

(/nix/store/zafsnq72l8bgllspk9qbjg3nb64ply9k-texlive-combined-2022-texmfdist/te
x/generic/listofitems/listofitems.sty
(/nix/store/zafsnq72l8bgllspk9qbjg3nb64ply9k-texlive-combined-2022-texmfdist/te
x/generic/listofitems/listofitems.tex
\loi_cnt_foreach_nest=\count484
\loi_nestcnt=\count485
)
Package: listofitems 2019/08/21 v1.63 Grab items in lists using user-specified 
sep char (CT)
)
(/nix/store/zafsnq72l8bgllspk9qbjg3nb64ply9k-texlive-combined-2022-texmfdist/te
x/latex/tools/calc.sty
Package: calc 2017/05/25 v4.3 Infix arithmetic (KKT,FJ)
\calc@Acount=\count486
\calc@Bcount=\count487
\calc@Adimen=\dimen334
\calc@Bdimen=\dimen335
\calc@Askip=\skip91
\calc@Bskip=\skip92
LaTeX Info: Redefining \setlength on input line 80.
LaTeX Info: Redefining \addtolength on input line 81.
\calc@Ccount=\count488
\calc@Cskip=\skip93
)
\c@@stackindex=\count489
\@boxshift=\skip94
\stack@tmplength=\skip95
\temp@stkl=\skip96
\@stackedboxwidth=\skip97
\@addedbox=\box127
\@anchorbox=\box128
\@insetbox=\box129
\se@backgroundbox=\box130
\stackedbox=\box131
\@centerbox=\box132
\c@ROWcellindex@=\count490
)
(/nix/store/zafsnq72l8bgllspk9qbjg3nb64ply9k-texlive-combined-2022-texmfdist/te
x/latex/relsize/relsize.sty
Package: relsize 2013/03/29 ver 4.1
)
(/nix/store/zafsnq72l8bgllspk9qbjg3nb64ply9k-texlive-combined-2022-texmfdist/te
x/latex/mathtools/mathtools.sty
Package: mathtools 2022/06/29 v1.29 mathematical typesetting tools

(/nix/store/zafsnq72l8bgllspk9qbjg3nb64ply9k-texlive-combined-2022-texmfdist/te
x/latex/mathtools/mhsetup.sty
Package: mhsetup 2021/03/18 v1.4 programming setup (MH)
)
\g_MT_multlinerow_int=\count491
\l_MT_multwidth_dim=\dimen336
\origjot=\skip98
\l_MT_shortvdotswithinadjustabove_dim=\dimen337
\l_MT_shortvdotswithinadjustbelow_dim=\dimen338
\l_MT_above_intertext_sep=\dimen339
\l_MT_below_intertext_sep=\dimen340
\l_MT_above_shortintertext_sep=\dimen341
\l_MT_below_shortintertext_sep=\dimen342
\xmathstrut@box=\box133
\xmathstrut@dim=\dimen343
)
(/nix/store/zafsnq72l8bgllspk9qbjg3nb64ply9k-texlive-combined-2022-texmfdist/te
x/latex/doublestroke/dsfont.sty
Package: dsfont 1995/08/01 v0.1 Double stroke roman fonts
)
(/nix/store/zafsnq72l8bgllspk9qbjg3nb64ply9k-texlive-combined-2022-texmfdist/te
x/latex/base/fixltx2e.sty
Package: fixltx2e 2016/12/29 v2.1a fixes to LaTeX (obsolete)
Applying: [2015/01/01] Old fixltx2e package on input line 46.


Package fixltx2e Warning: fixltx2e is not required with releases after 2015
(fixltx2e)                All fixes are now in the LaTeX kernel.
(fixltx2e)                See the latexrelease package for details.

Already applied: [0000/00/00] Old fixltx2e package on input line 53.
)
(/nix/store/zafsnq72l8bgllspk9qbjg3nb64ply9k-texlive-combined-2022-texmfdist/te
x/generic/ulem/ulem.sty
\UL@box=\box134
\UL@hyphenbox=\box135
\UL@skip=\skip99
\UL@hook=\toks56
\UL@height=\dimen344
\UL@pe=\count492
\UL@pixel=\dimen345
\ULC@box=\box136
Package: ulem 2019/11/18
\ULdepth=\dimen346
)
(/nix/store/zafsnq72l8bgllspk9qbjg3nb64ply9k-texlive-combined-2022-texmfdist/te
x/latex/beamertheme-metropolis/beamerthememetropolis.sty
Package: beamerthememetropolis 2017/01/23 v1.2 Metropolis Beamer theme

(/nix/store/zafsnq72l8bgllspk9qbjg3nb64ply9k-texlive-combined-2022-texmfdist/te
x/latex/pgfopts/pgfopts.sty
Package: pgfopts 2014/07/10 v2.1a LaTeX package options with pgfkeys
\pgfopts@list@add@a@toks=\toks57
\pgfopts@list@add@b@toks=\toks58
)
(/nix/store/zafsnq72l8bgllspk9qbjg3nb64ply9k-texlive-combined-2022-texmfdist/te
x/latex/beamertheme-metropolis/beamerinnerthememetropolis.sty
Package: beamerinnerthememetropolis 2017/01/23 Metropolis inner theme

(/nix/store/zafsnq72l8bgllspk9qbjg3nb64ply9k-texlive-combined-2022-texmfdist/te
x/latex/pgf/frontendlayer/tikz.sty
(/nix/store/zafsnq72l8bgllspk9qbjg3nb64ply9k-texlive-combined-2022-texmfdist/te
x/latex/pgf/basiclayer/pgf.sty
Package: pgf 2023-01-15 v3.1.10 (3.1.10)

(/nix/store/zafsnq72l8bgllspk9qbjg3nb64ply9k-texlive-combined-2022-texmfdist/te
x/generic/pgf/modules/pgfmoduleshapes.code.tex
File: pgfmoduleshapes.code.tex 2023-01-15 v3.1.10 (3.1.10)
\pgfnodeparttextbox=\box137
)
(/nix/store/zafsnq72l8bgllspk9qbjg3nb64ply9k-texlive-combined-2022-texmfdist/te
x/generic/pgf/modules/pgfmoduleplot.code.tex
File: pgfmoduleplot.code.tex 2023-01-15 v3.1.10 (3.1.10)
)
(/nix/store/zafsnq72l8bgllspk9qbjg3nb64ply9k-texlive-combined-2022-texmfdist/te
x/latex/pgf/compatibility/pgfcomp-version-0-65.sty
Package: pgfcomp-version-0-65 2023-01-15 v3.1.10 (3.1.10)
\pgf@nodesepstart=\dimen347
\pgf@nodesepend=\dimen348
)
(/nix/store/zafsnq72l8bgllspk9qbjg3nb64ply9k-texlive-combined-2022-texmfdist/te
x/latex/pgf/compatibility/pgfcomp-version-1-18.sty
Package: pgfcomp-version-1-18 2023-01-15 v3.1.10 (3.1.10)
))
(/nix/store/zafsnq72l8bgllspk9qbjg3nb64ply9k-texlive-combined-2022-texmfdist/te
x/latex/pgf/utilities/pgffor.sty
(/nix/store/zafsnq72l8bgllspk9qbjg3nb64ply9k-texlive-combined-2022-texmfdist/te
x/generic/pgf/utilities/pgffor.code.tex
Package: pgffor 2023-01-15 v3.1.10 (3.1.10)
\pgffor@iter=\dimen349
\pgffor@skip=\dimen350
\pgffor@stack=\toks59
\pgffor@toks=\toks60
))
(/nix/store/zafsnq72l8bgllspk9qbjg3nb64ply9k-texlive-combined-2022-texmfdist/te
x/generic/pgf/frontendlayer/tikz/tikz.code.tex
Package: tikz 2023-01-15 v3.1.10 (3.1.10)

(/nix/store/zafsnq72l8bgllspk9qbjg3nb64ply9k-texlive-combined-2022-texmfdist/te
x/generic/pgf/libraries/pgflibraryplothandlers.code.tex
File: pgflibraryplothandlers.code.tex 2023-01-15 v3.1.10 (3.1.10)
\pgf@plot@mark@count=\count493
\pgfplotmarksize=\dimen351
)
\tikz@lastx=\dimen352
\tikz@lasty=\dimen353
\tikz@lastxsaved=\dimen354
\tikz@lastysaved=\dimen355
\tikz@lastmovetox=\dimen356
\tikz@lastmovetoy=\dimen357
\tikzleveldistance=\dimen358
\tikzsiblingdistance=\dimen359
\tikz@figbox=\box138
\tikz@figbox@bg=\box139
\tikz@tempbox=\box140
\tikz@tempbox@bg=\box141
\tikztreelevel=\count494
\tikznumberofchildren=\count495
\tikznumberofcurrentchild=\count496
\tikz@fig@count=\count497

(/nix/store/zafsnq72l8bgllspk9qbjg3nb64ply9k-texlive-combined-2022-texmfdist/te
x/generic/pgf/modules/pgfmodulematrix.code.tex
File: pgfmodulematrix.code.tex 2023-01-15 v3.1.10 (3.1.10)
\pgfmatrixcurrentrow=\count498
\pgfmatrixcurrentcolumn=\count499
\pgf@matrix@numberofcolumns=\count500
)
\tikz@expandcount=\count501

(/nix/store/zafsnq72l8bgllspk9qbjg3nb64ply9k-texlive-combined-2022-texmfdist/te
x/generic/pgf/frontendlayer/tikz/libraries/tikzlibrarytopaths.code.tex
File: tikzlibrarytopaths.code.tex 2023-01-15 v3.1.10 (3.1.10)
)))
\metropolis@titleseparator@linewidth=\skip100
\metropolis@progressonsectionpage=\skip101
\metropolis@progressonsectionpage@linewidth=\skip102
\metropolis@blocksep=\skip103
\metropolis@blockadjust=\skip104
\metropolis@parskip=\skip105
)
(/nix/store/zafsnq72l8bgllspk9qbjg3nb64ply9k-texlive-combined-2022-texmfdist/te
x/latex/beamertheme-metropolis/beamerouterthememetropolis.sty
Package: beamerouterthememetropolis 2017/01/23 Metropolis outer theme
\metropolis@frametitle@padding=\skip106
\metropolis@progressinheadfoot=\skip107
\metropolis@progressinheadfoot@linewidth=\skip108
)
(/nix/store/zafsnq72l8bgllspk9qbjg3nb64ply9k-texlive-combined-2022-texmfdist/te
x/latex/beamertheme-metropolis/beamercolorthememetropolis.sty
Package: beamercolorthememetropolis 2017/01/23 Metropolis color theme
)
(/nix/store/zafsnq72l8bgllspk9qbjg3nb64ply9k-texlive-combined-2022-texmfdist/te
x/latex/beamertheme-metropolis/beamerfontthememetropolis.sty
Package: beamerfontthememetropolis 2017/01/23 Metropolis font theme


Package beamerthememetropolis Warning: You need to compile with XeLaTeX or LuaL
aTeX to use the Fira fonts on input line 95.

))
(/nix/store/zafsnq72l8bgllspk9qbjg3nb64ply9k-texlive-combined-2022-texmfdist/te
x/generic/pgf/frontendlayer/tikz/libraries/tikzlibraryarrows.code.tex
File: tikzlibraryarrows.code.tex 2023-01-15 v3.1.10 (3.1.10)

(/nix/store/zafsnq72l8bgllspk9qbjg3nb64ply9k-texlive-combined-2022-texmfdist/te
x/generic/pgf/libraries/pgflibraryarrows.code.tex
File: pgflibraryarrows.code.tex 2023-01-15 v3.1.10 (3.1.10)
\arrowsize=\dimen360
))
(/nix/store/zafsnq72l8bgllspk9qbjg3nb64ply9k-texlive-combined-2022-texmfdist/te
x/generic/pgf/libraries/pgflibraryarrows.meta.code.tex
File: pgflibraryarrows.meta.code.tex 2023-01-15 v3.1.10 (3.1.10)
\pgfarrowinset=\dimen361
\pgfarrowlength=\dimen362
\pgfarrowwidth=\dimen363
\pgfarrowlinewidth=\dimen364
)
(/nix/store/zafsnq72l8bgllspk9qbjg3nb64ply9k-texlive-combined-2022-texmfdist/te
x/generic/pgf/frontendlayer/tikz/libraries/tikzlibraryautomata.code.tex
File: tikzlibraryautomata.code.tex 2023-01-15 v3.1.10 (3.1.10)

(/nix/store/zafsnq72l8bgllspk9qbjg3nb64ply9k-texlive-combined-2022-texmfdist/te
x/generic/pgf/frontendlayer/tikz/libraries/tikzlibraryshapes.multipart.code.tex
File: tikzlibraryshapes.multipart.code.tex 2023-01-15 v3.1.10 (3.1.10)

(/nix/store/zafsnq72l8bgllspk9qbjg3nb64ply9k-texlive-combined-2022-texmfdist/te
x/generic/pgf/libraries/shapes/pgflibraryshapes.multipart.code.tex
File: pgflibraryshapes.multipart.code.tex 2023-01-15 v3.1.10 (3.1.10)
\pgfnodepartlowerbox=\box142
\pgfnodeparttwobox=\box143
\pgfnodepartthreebox=\box144
\pgfnodepartfourbox=\box145
\pgfnodeparttwentybox=\box146
\pgfnodepartnineteenbox=\box147
\pgfnodeparteighteenbox=\box148
\pgfnodepartseventeenbox=\box149
\pgfnodepartsixteenbox=\box150
\pgfnodepartfifteenbox=\box151
\pgfnodepartfourteenbox=\box152
\pgfnodepartthirteenbox=\box153
\pgfnodeparttwelvebox=\box154
\pgfnodepartelevenbox=\box155
\pgfnodeparttenbox=\box156
\pgfnodepartninebox=\box157
\pgfnodeparteightbox=\box158
\pgfnodepartsevenbox=\box159
\pgfnodepartsixbox=\box160
\pgfnodepartfivebox=\box161
)))
(/nix/store/zafsnq72l8bgllspk9qbjg3nb64ply9k-texlive-combined-2022-texmfdist/te
x/latex/forest/forest.sty
Package: forest 2017/07/14 v2.1.5 Drawing (linguistic) trees

(/nix/store/zafsnq72l8bgllspk9qbjg3nb64ply9k-texlive-combined-2022-texmfdist/te
x/generic/pgf/frontendlayer/tikz/libraries/tikzlibraryshapes.code.tex
File: tikzlibraryshapes.code.tex 2023-01-15 v3.1.10 (3.1.10)

(/nix/store/zafsnq72l8bgllspk9qbjg3nb64ply9k-texlive-combined-2022-texmfdist/te
x/generic/pgf/frontendlayer/tikz/libraries/tikzlibraryshapes.geometric.code.tex
File: tikzlibraryshapes.geometric.code.tex 2023-01-15 v3.1.10 (3.1.10)

(/nix/store/zafsnq72l8bgllspk9qbjg3nb64ply9k-texlive-combined-2022-texmfdist/te
x/generic/pgf/libraries/shapes/pgflibraryshapes.geometric.code.tex
File: pgflibraryshapes.geometric.code.tex 2023-01-15 v3.1.10 (3.1.10)
))
(/nix/store/zafsnq72l8bgllspk9qbjg3nb64ply9k-texlive-combined-2022-texmfdist/te
x/generic/pgf/frontendlayer/tikz/libraries/tikzlibraryshapes.misc.code.tex
File: tikzlibraryshapes.misc.code.tex 2023-01-15 v3.1.10 (3.1.10)

(/nix/store/zafsnq72l8bgllspk9qbjg3nb64ply9k-texlive-combined-2022-texmfdist/te
x/generic/pgf/libraries/shapes/pgflibraryshapes.misc.code.tex
File: pgflibraryshapes.misc.code.tex 2023-01-15 v3.1.10 (3.1.10)
))
(/nix/store/zafsnq72l8bgllspk9qbjg3nb64ply9k-texlive-combined-2022-texmfdist/te
x/generic/pgf/frontendlayer/tikz/libraries/tikzlibraryshapes.symbols.code.tex
File: tikzlibraryshapes.symbols.code.tex 2023-01-15 v3.1.10 (3.1.10)

(/nix/store/zafsnq72l8bgllspk9qbjg3nb64ply9k-texlive-combined-2022-texmfdist/te
x/generic/pgf/libraries/shapes/pgflibraryshapes.symbols.code.tex
File: pgflibraryshapes.symbols.code.tex 2023-01-15 v3.1.10 (3.1.10)
))
(/nix/store/zafsnq72l8bgllspk9qbjg3nb64ply9k-texlive-combined-2022-texmfdist/te
x/generic/pgf/frontendlayer/tikz/libraries/tikzlibraryshapes.arrows.code.tex
File: tikzlibraryshapes.arrows.code.tex 2023-01-15 v3.1.10 (3.1.10)

(/nix/store/zafsnq72l8bgllspk9qbjg3nb64ply9k-texlive-combined-2022-texmfdist/te
x/generic/pgf/libraries/shapes/pgflibraryshapes.arrows.code.tex
File: pgflibraryshapes.arrows.code.tex 2023-01-15 v3.1.10 (3.1.10)
))
(/nix/store/zafsnq72l8bgllspk9qbjg3nb64ply9k-texlive-combined-2022-texmfdist/te
x/generic/pgf/frontendlayer/tikz/libraries/tikzlibraryshapes.callouts.code.tex
(/nix/store/zafsnq72l8bgllspk9qbjg3nb64ply9k-texlive-combined-2022-texmfdist/te
x/generic/pgf/libraries/shapes/pgflibraryshapes.callouts.code.tex)))
(/nix/store/zafsnq72l8bgllspk9qbjg3nb64ply9k-texlive-combined-2022-texmfdist/te
x/generic/pgf/frontendlayer/tikz/libraries/tikzlibraryfit.code.tex
File: tikzlibraryfit.code.tex 2023-01-15 v3.1.10 (3.1.10)
)
(/nix/store/zafsnq72l8bgllspk9qbjg3nb64ply9k-texlive-combined-2022-texmfdist/te
x/generic/pgf/frontendlayer/tikz/libraries/tikzlibrarycalc.code.tex
File: tikzlibrarycalc.code.tex 2023-01-15 v3.1.10 (3.1.10)
)
(/nix/store/zafsnq72l8bgllspk9qbjg3nb64ply9k-texlive-combined-2022-texmfdist/te
x/generic/pgf/libraries/pgflibraryintersections.code.tex
(/nix/store/zafsnq72l8bgllspk9qbjg3nb64ply9k-texlive-combined-2022-texmfdist/te
x/generic/pgf/libraries/pgflibraryfpu.code.tex)
\pgf@intersect@solutions=\count502
)
(/nix/store/zafsnq72l8bgllspk9qbjg3nb64ply9k-texlive-combined-2022-texmfdist/te
x/latex/elocalloc/elocalloc.sty
Package: elocalloc 2016/12/15 v0.03 local allocation for LaTeX 2015+ (DPC)
)
(/nix/store/zafsnq72l8bgllspk9qbjg3nb64ply9k-texlive-combined-2022-texmfdist/te
x/latex/environ/environ.sty
Package: environ 2014/05/04 v0.3 A new way to define environments

(/nix/store/zafsnq72l8bgllspk9qbjg3nb64ply9k-texlive-combined-2022-texmfdist/te
x/latex/trimspaces/trimspaces.sty
Package: trimspaces 2009/09/17 v1.1 Trim spaces around a token list
))
(/nix/store/zafsnq72l8bgllspk9qbjg3nb64ply9k-texlive-combined-2022-texmfdist/te
x/latex/inlinedef/inlinedef.sty
Package: inlinedef 2008/07/10 v1.0 Inlined expansions within definitions
\ID@toks=\toks61
\ID@count=\count503
)
\ID@usercommands=\toks62
\safeloop@depth=\count504
\safeRKloop@depth=\count505
\forest@temp@dimen=\dimen365
\forest@temp@count=\count506
\forest@n=\count507
\forest@temp@global@count=\count508
\forest@temp@toks=\toks63
\forest@temparray@M=\count509
\forest@temparray@N=\count510
\forest@global@temparray@M=\count511
\forest@global@temparray@N=\count512
\forest@isnum@count=\count513
\forest@isdim@nonintpart=\count514
\forest@isdim@dimen=\dimen366
\forest@sort@m=\count515
\forest@sort@k=\count516
\forest@sort@p=\count517
\bracket@content=\toks64
\bracket@afterthought=\toks65
\forest@node@maxid=\count518
\forest@process@left@M=\count519
\forest@process@left@N=\count520
\forest@process@right@M=\count521
\forest@process@right@N=\count522
\forest@process@saved@M=\count523
\forest@process@saved@N=\count524
\forest@process@result@M=\count525
\forest@process@result@N=\count526
\forest@process@n=\count527
\forest@nodewalk@branch@toks=\toks66
\forest@nodewalk@shortsteps@resolution=\toks67
\forest@do@dynamics=\toks68
\forest@box=\box162
\forest@xg=\dimen367
\forest@yg=\dimen368
\forest@xs=\dimen369
\forest@ys=\dimen370
\forest@pi@toks=\toks69
\forest@segment@toks=\toks70
\forest@PIi@toks=\toks71
\forest@PIii@toks=\toks72
\forest@copy@in=\read6
\forest@copy@out=\write7
\forest@externalize@max@outer@n=\count528
\forest@externalize@inner@n=\count529
)
(/nix/store/zafsnq72l8bgllspk9qbjg3nb64ply9k-texlive-combined-2022-texmfdist/te
x/latex/forest/forest-lib-linguistics.sty
Package: forest-lib-linguistics 2017/07/14 v0.1.2
\standardnodestrutbox=\box163
)
(/nix/store/zafsnq72l8bgllspk9qbjg3nb64ply9k-texlive-combined-2022-texmfdist/te
x/latex/newunicodechar/newunicodechar.sty
Package: newunicodechar 2018/04/08 v1.2 Defining Unicode characters
)

Package newunicodechar Warning: Redefining Unicode character; it meant
(newunicodechar)                ***  \IeC {\textlnot }  ***
(newunicodechar)                before your redefinition on input line 54.


Package newunicodechar Warning: Redefining Unicode character; it meant
(newunicodechar)                ***  \IeC {\textonesuperior }  ***
(newunicodechar)                before your redefinition on input line 55.


Package newunicodechar Warning: Redefining Unicode character; it meant
(newunicodechar)                ***  \IeC {\texttwosuperior }  ***
(newunicodechar)                before your redefinition on input line 56.


Package newunicodechar Warning: Redefining Unicode character; it meant
(newunicodechar)                ***  \IeC {\textthreesuperior }  ***
(newunicodechar)                before your redefinition on input line 57.


Package newunicodechar Warning: Redefining Unicode character; it meant
(newunicodechar)                ***  \IeC {\textperiodcentered }  ***
(newunicodechar)                before your redefinition on input line 58.


Package newunicodechar Warning: Redefining Unicode character; it meant
(newunicodechar)                ***  \IeC {\texttimes }  ***
(newunicodechar)                before your redefinition on input line 59.


Package newunicodechar Warning: Redefining Unicode character; it meant
(newunicodechar)                ***  \IeC {\textdiv }  ***
(newunicodechar)                before your redefinition on input line 60.


Package newunicodechar Warning: Redefining Unicode character; it meant
(newunicodechar)                ***  \ensuremath {\mathnormal {\pi }}  ***
(newunicodechar)                before your redefinition on input line 119.


Package newunicodechar Warning: Redefining Unicode character; it meant
(newunicodechar)                ***  \ensuremath {\mathnormal {\phi }}  ***
(newunicodechar)                before your redefinition on input line 128.


Package newunicodechar Warning: Redefining Unicode character; it meant
(newunicodechar)                ***  ^K  ***
(newunicodechar)                before your redefinition on input line 130.


Package newunicodechar Warning: Redefining Unicode character; it meant
(newunicodechar)                ***  _i  ***
(newunicodechar)                before your redefinition on input line 131.


Package newunicodechar Warning: Redefining Unicode character; it meant
(newunicodechar)                ***  \IeC {\textdagger }  ***
(newunicodechar)                before your redefinition on input line 133.


Package newunicodechar Warning: Redefining Unicode character; it meant
(newunicodechar)                ***  ^a  ***
(newunicodechar)                before your redefinition on input line 138.


Package newunicodechar Warning: Redefining Unicode character; it meant
(newunicodechar)                ***  ^n  ***
(newunicodechar)                before your redefinition on input line 142.


Package newunicodechar Warning: Redefining Unicode character; it meant
(newunicodechar)                ***  _1  ***
(newunicodechar)                before your redefinition on input line 144.


Package newunicodechar Warning: Redefining Unicode character; it meant
(newunicodechar)                ***  _2  ***
(newunicodechar)                before your redefinition on input line 145.


Package newunicodechar Warning: Redefining Unicode character; it meant
(newunicodechar)                ***  _3  ***
(newunicodechar)                before your redefinition on input line 146.


Package newunicodechar Warning: Redefining Unicode character; it meant
(newunicodechar)                ***  _n  ***
(newunicodechar)                before your redefinition on input line 149.


Package newunicodechar Warning: Redefining Unicode character; it meant
(newunicodechar)                ***  \IeC {\textleftarrow }  ***
(newunicodechar)                before your redefinition on input line 158.


Package newunicodechar Warning: Redefining Unicode character; it meant
(newunicodechar)                ***  \IeC {\textuparrow }  ***
(newunicodechar)                before your redefinition on input line 159.


Package newunicodechar Warning: Redefining Unicode character; it meant
(newunicodechar)                ***  \IeC {\textrightarrow }  ***
(newunicodechar)                before your redefinition on input line 160.


Package newunicodechar Warning: Redefining Unicode character; it meant
(newunicodechar)                ***  \IeC {\textlangle }  ***
(newunicodechar)                before your redefinition on input line 251.


Package newunicodechar Warning: Redefining Unicode character; it meant
(newunicodechar)                ***  \IeC {\textrangle }  ***
(newunicodechar)                before your redefinition on input line 252.

\@quotelevel=\count530
\@quotereset=\count531
(./september6.aux)
\openout1 = `september6.aux'.

LaTeX Font Info:    Checking defaults for OML/nxlmi/m/it on input line 278.
LaTeX Font Info:    Trying to load font information for OML+nxlmi on input line
 278.

(/nix/store/zafsnq72l8bgllspk9qbjg3nb64ply9k-texlive-combined-2022-texmfdist/te
x/latex/newtx/omlnxlmi.fd
File: omlnxlmi.fd 2013/11/19 Fontinst v1.933 font definitions for OML/nxlmi.
)
LaTeX Font Info:    ... okay on input line 278.
LaTeX Font Info:    Checking defaults for OMS/cmsy/m/n on input line 278.
LaTeX Font Info:    ... okay on input line 278.
LaTeX Font Info:    Checking defaults for OT1/cmr/m/n on input line 278.
LaTeX Font Info:    ... okay on input line 278.
LaTeX Font Info:    Checking defaults for T1/cmr/m/n on input line 278.
LaTeX Font Info:    ... okay on input line 278.
LaTeX Font Info:    Checking defaults for TS1/cmr/m/n on input line 278.
LaTeX Font Info:    ... okay on input line 278.
LaTeX Font Info:    Checking defaults for OMX/cmex/m/n on input line 278.
LaTeX Font Info:    ... okay on input line 278.
LaTeX Font Info:    Checking defaults for U/ntxexa/m/n on input line 278.
LaTeX Font Info:    Trying to load font information for U+ntxexa on input line 
278.

(/nix/store/zafsnq72l8bgllspk9qbjg3nb64ply9k-texlive-combined-2022-texmfdist/te
x/latex/newtx/untxexa.fd
File: untxexa.fd 2012/04/16 Fontinst v1.933 font definitions for U/ntxexa.
)
LaTeX Font Info:    ... okay on input line 278.
LaTeX Font Info:    Checking defaults for PD1/pdf/m/n on input line 278.
LaTeX Font Info:    ... okay on input line 278.
LaTeX Font Info:    Checking defaults for PU/pdf/m/n on input line 278.
LaTeX Font Info:    ... okay on input line 278.
LaTeX Font Info:    Checking defaults for LMS/ntxsy/m/n on input line 278.
LaTeX Font Info:    Trying to load font information for LMS+ntxsy on input line
 278.

(/nix/store/zafsnq72l8bgllspk9qbjg3nb64ply9k-texlive-combined-2022-texmfdist/te
x/latex/newtx/lmsntxsy.fd
File: lmsntxsy.fd 2016/07/02 Fontinst v1.933 font definitions for LMS/ntxsy.
)
LaTeX Font Info:    ... okay on input line 278.
LaTeX Font Info:    Checking defaults for LMX/ntxexx/m/n on input line 278.
LaTeX Font Info:    Trying to load font information for LMX+ntxexx on input lin
e 278.

(/nix/store/zafsnq72l8bgllspk9qbjg3nb64ply9k-texlive-combined-2022-texmfdist/te
x/latex/newtx/lmxntxexx.fd
File: lmxntxexx.fd 2016/07/03 Fontinst v1.933 font definitions for LMX/ntxexx.
)
LaTeX Font Info:    ... okay on input line 278.
LaTeX Font Info:    Checking defaults for T3/cmr/m/n on input line 278.
LaTeX Font Info:    Trying to load font information for T3+cmr on input line 27
8.

(/nix/store/zafsnq72l8bgllspk9qbjg3nb64ply9k-texlive-combined-2022-texmfdist/te
x/latex/tipa/t3cmr.fd
File: t3cmr.fd 2001/12/31 TIPA font definitions
)
LaTeX Font Info:    ... okay on input line 278.

*geometry* driver: auto-detecting
*geometry* detected driver: pdftex
*geometry* verbose mode - [ preamble ] result:
* driver: pdftex
* paper: custom
* layout: <same size as paper>
* layoutoffset:(h,v)=(0.0pt,0.0pt)
* modes: includehead includefoot 
* h-part:(L,W,R)=(28.45274pt, 307.28987pt, 28.45274pt)
* v-part:(T,H,B)=(0.0pt, 273.14662pt, 0.0pt)
* \paperwidth=364.19536pt
* \paperheight=273.14662pt
* \textwidth=307.28987pt
* \textheight=244.6939pt
* \oddsidemargin=-43.81725pt
* \evensidemargin=-43.81725pt
* \topmargin=-72.26999pt
* \headheight=14.22636pt
* \headsep=0.0pt
* \topskip=11.0pt
* \footskip=14.22636pt
* \marginparwidth=4.0pt
* \marginparsep=10.0pt
* \columnsep=10.0pt
* \skip\footins=10.0pt plus 4.0pt minus 2.0pt
* \hoffset=0.0pt
* \voffset=0.0pt
* \mag=1000
* \@twocolumnfalse
* \@twosidefalse
* \@mparswitchfalse
* \@reversemarginfalse
* (1in=72.27pt=25.4mm, 1cm=28.453pt)


(/nix/store/zafsnq72l8bgllspk9qbjg3nb64ply9k-texlive-combined-2022-texmfdist/te
x/context/base/mkii/supp-pdf.mkii
[Loading MPS to PDF converter (version 2006.09.02).]
\scratchcounter=\count532
\scratchdimen=\dimen371
\scratchbox=\box164
\nofMPsegments=\count533
\nofMParguments=\count534
\everyMPshowfont=\toks73
\MPscratchCnt=\count535
\MPscratchDim=\dimen372
\MPnumerator=\count536
\makeMPintoPDFobject=\count537
\everyMPtoPDFconversion=\toks74
)
(/nix/store/zafsnq72l8bgllspk9qbjg3nb64ply9k-texlive-combined-2022-texmfdist/te
x/latex/epstopdf-pkg/epstopdf-base.sty
Package: epstopdf-base 2020-01-24 v2.11 Base part for package epstopdf

(/nix/store/zafsnq72l8bgllspk9qbjg3nb64ply9k-texlive-combined-2022-texmfdist/te
x/latex/grfext/grfext.sty
Package: grfext 2019/12/03 v1.3 Manage graphics extensions (HO)
)
Package epstopdf-base Info: Redefining graphics rule for `.eps' on input line 4
85.
Package grfext Info: Graphics extension search list:
(grfext)             [.pdf,.png,.jpg,.mps,.jpeg,.jbig2,.jb2,.PDF,.PNG,.JPG,.JPE
G,.JBIG2,.JB2,.eps]
(grfext)             \AppendGraphicsExtensions on input line 504.

(/nix/store/zafsnq72l8bgllspk9qbjg3nb64ply9k-texlive-combined-2022-texmfdist/te
x/latex/latexconfig/epstopdf-sys.cfg
File: epstopdf-sys.cfg 2010/07/13 v1.3 Configuration of (r)epstopdf for TeX Liv
e
))
Package hyperref Info: Link coloring OFF on input line 278.
 (./september6.out) (./september6.out)
\@outlinefile=\write8
\openout8 = `september6.out'.

LaTeX Font Info:    Overwriting symbol font `operators' in version `normal'
(Font)                  OT1/LinuxLibertineT-TLF/m/n --> OT1/cmss/m/n on input l
ine 278.
LaTeX Font Info:    Overwriting symbol font `operators' in version `bold'
(Font)                  OT1/LinuxLibertineT-TLF/sb/n --> OT1/cmss/b/n on input 
line 278.
\symnumbers=\mathgroup11
\sympureletters=\mathgroup12
LaTeX Font Info:    Overwriting math alphabet `\mathrm' in version `normal'
(Font)                  OT1/cmss/m/n --> T1/LinuxLibertineT-TLF/m/n on input li
ne 278.
LaTeX Font Info:    Redeclaring math alphabet \mathbf on input line 278.
LaTeX Font Info:    Overwriting math alphabet `\mathbf' in version `normal'
(Font)                  OT1/LinuxLibertineT-TLF/sb/n --> T1/LinuxBiolinumT-TLF/
b/n on input line 278.
LaTeX Font Info:    Overwriting math alphabet `\mathbf' in version `bold'
(Font)                  OT1/LinuxLibertineT-TLF/sb/n --> T1/LinuxBiolinumT-TLF/
b/n on input line 278.
LaTeX Font Info:    Redeclaring math alphabet \mathsf on input line 278.
LaTeX Font Info:    Overwriting math alphabet `\mathsf' in version `normal'
(Font)                  T1/LinuxBiolinumT-TLF/m/n --> T1/LinuxBiolinumT-TLF/m/n
 on input line 278.
LaTeX Font Info:    Overwriting math alphabet `\mathsf' in version `bold'
(Font)                  T1/LinuxBiolinumT-TLF/b/n --> T1/LinuxBiolinumT-TLF/m/n
 on input line 278.
LaTeX Font Info:    Redeclaring math alphabet \mathit on input line 278.
LaTeX Font Info:    Overwriting math alphabet `\mathit' in version `normal'
(Font)                  OT1/LinuxLibertineT-TLF/m/it --> T1/LinuxBiolinumT-TLF/
m/it on input line 278.
LaTeX Font Info:    Overwriting math alphabet `\mathit' in version `bold'
(Font)                  OT1/LinuxLibertineT-TLF/sb/it --> T1/LinuxBiolinumT-TLF
/m/it on input line 278.
LaTeX Font Info:    Redeclaring math alphabet \mathtt on input line 278.
LaTeX Font Info:    Overwriting math alphabet `\mathtt' in version `normal'
(Font)                  T1/zi4/m/n --> T1/zi4/m/n on input line 278.
LaTeX Font Info:    Overwriting math alphabet `\mathtt' in version `bold'
(Font)                  T1/zi4/b/n --> T1/zi4/m/n on input line 278.
LaTeX Font Info:    Overwriting symbol font `numbers' in version `bold'
(Font)                  T1/LinuxBiolinumT-TLF/m/n --> T1/LinuxBiolinumT-TLF/b/n
 on input line 278.
LaTeX Font Info:    Overwriting symbol font `pureletters' in version `bold'
(Font)                  T1/LinuxBiolinumT-TLF/m/it --> T1/LinuxBiolinumT-TLF/b/
it on input line 278.
LaTeX Font Info:    Overwriting math alphabet `\mathrm' in version `bold'
(Font)                  OT1/cmss/b/n --> T1/LinuxLibertineT-TLF/b/n on input li
ne 278.
LaTeX Font Info:    Overwriting math alphabet `\mathbf' in version `bold'
(Font)                  T1/LinuxBiolinumT-TLF/b/n --> T1/LinuxBiolinumT-TLF/b/n
 on input line 278.
LaTeX Font Info:    Overwriting math alphabet `\mathsf' in version `bold'
(Font)                  T1/LinuxBiolinumT-TLF/m/n --> T1/LinuxBiolinumT-TLF/b/n
 on input line 278.
LaTeX Font Info:    Overwriting math alphabet `\mathit' in version `bold'
(Font)                  T1/LinuxBiolinumT-TLF/m/it --> T1/LinuxBiolinumT-TLF/b/
it on input line 278.
LaTeX Font Info:    Overwriting math alphabet `\mathtt' in version `bold'
(Font)                  T1/zi4/m/n --> T1/zi4/b/n on input line 278.

(/nix/store/zafsnq72l8bgllspk9qbjg3nb64ply9k-texlive-combined-2022-texmfdist/te
x/latex/translator/translator-basic-dictionary-English.dict
Dictionary: translator-basic-dictionary, Language: English 
)
(/nix/store/zafsnq72l8bgllspk9qbjg3nb64ply9k-texlive-combined-2022-texmfdist/te
x/latex/translator/translator-bibliography-dictionary-English.dict
Dictionary: translator-bibliography-dictionary, Language: English 
)
(/nix/store/zafsnq72l8bgllspk9qbjg3nb64ply9k-texlive-combined-2022-texmfdist/te
x/latex/translator/translator-environment-dictionary-English.dict
Dictionary: translator-environment-dictionary, Language: English 
)
(/nix/store/zafsnq72l8bgllspk9qbjg3nb64ply9k-texlive-combined-2022-texmfdist/te
x/latex/translator/translator-months-dictionary-English.dict
Dictionary: translator-months-dictionary, Language: English 
)
(/nix/store/zafsnq72l8bgllspk9qbjg3nb64ply9k-texlive-combined-2022-texmfdist/te
x/latex/translator/translator-numbers-dictionary-English.dict
Dictionary: translator-numbers-dictionary, Language: English 
)
(/nix/store/zafsnq72l8bgllspk9qbjg3nb64ply9k-texlive-combined-2022-texmfdist/te
x/latex/translator/translator-theorem-dictionary-English.dict
Dictionary: translator-theorem-dictionary, Language: English 
)
LaTeX Info: Command `\dddot' is already robust on input line 278.
LaTeX Info: Command `\ddddot' is already robust on input line 278.
\c@mv@tabular=\count538
\c@mv@boldtabular=\count539

(/nix/store/zafsnq72l8bgllspk9qbjg3nb64ply9k-texlive-combined-2022-texmfdist/te
x/latex/upquote/upquote.sty
Package: upquote 2012/04/19 v1.3 upright-quote and grave-accent glyphs in verba
tim
)
Package biblatex Info: Trying to load language 'english'...
Package biblatex Info: ... file 'english.lbx' found.

(/nix/store/zafsnq72l8bgllspk9qbjg3nb64ply9k-texlive-combined-2022-texmfdist/te
x/latex/biblatex/lbx/english.lbx
File: english.lbx 2023/03/05 v3.19 biblatex localization (PK/MW)
)
Package biblatex Info: Input encoding 'utf8' detected.
Package biblatex Info: Automatic encoding selection.
(biblatex)             Assuming data encoding 'utf8'.
Package biblatex Info: Input encoding 'utf8' detected.
Package biblatex Info: Data encoding 'utf8' specified.
(biblatex)             No need to reencode data.
\openout5 = `september6-blx.bib'.

Package biblatex Info: Trying to load bibliographic data...
Package biblatex Info: ... file 'september6.bbl' found.
 (./september6.bbl)
Package biblatex Info: Reference section=0 on input line 278.
Package biblatex Info: Reference segment=0 on input line 278.
 (./september6.nav)
LaTeX Font Info:    Font shape `T1/LinuxBiolinumT-TLF/m/n' will be
(Font)              scaled to size 6.0pt on input line 278.
LaTeX Font Info:    Font shape `T1/LinuxBiolinumT-TLF/m/n' will be
(Font)              scaled to size 8.0pt on input line 278.
LaTeX Font Info:    Font shape `T1/LinuxBiolinumT-TLF/m/n' will be
(Font)              scaled to size 14.4pt on input line 280.
LaTeX Font Info:    Font shape `T1/LinuxBiolinumT-TLF/b/n' will be
(Font)              scaled to size 14.4pt on input line 280.
LaTeX Font Info:    Font shape `T1/LinuxBiolinumT-TLF/m/n' will be
(Font)              scaled to size 10.0pt on input line 280.

Overfull \vbox (15.63992pt too high) detected at line 280
 []

[1

{/nix/store/fknarmbdv2r4hjmwfd5fhzq5061ivrsy-texlive-combined-2022/share/texmf-
var/fonts/map/pdftex/updmap/pdftex.map}]
LaTeX Font Info:    Trying to load font information for U+msa on input line 282
.

(/nix/store/zafsnq72l8bgllspk9qbjg3nb64ply9k-texlive-combined-2022-texmfdist/te
x/latex/amsfonts/umsa.fd
File: umsa.fd 2013/01/14 v3.01 AMS symbols A
)
LaTeX Font Info:    Trying to load font information for U+msb on input line 282
.

(/nix/store/zafsnq72l8bgllspk9qbjg3nb64ply9k-texlive-combined-2022-texmfdist/te
x/latex/amsfonts/umsb.fd
File: umsb.fd 2013/01/14 v3.01 AMS symbols B
)
LaTeX Font Info:    Trying to load font information for U+ntxmia on input line 
282.

(/nix/store/zafsnq72l8bgllspk9qbjg3nb64ply9k-texlive-combined-2022-texmfdist/te
x/latex/newtx/untxmia.fd
File: untxmia.fd 2018/04/14 Fontinst v1.933 font definitions for U/ntxmia.
)
LaTeX Font Info:    Trying to load font information for U+ntxsym on input line 
282.

(/nix/store/zafsnq72l8bgllspk9qbjg3nb64ply9k-texlive-combined-2022-texmfdist/te
x/latex/newtx/untxsym.fd
File: untxsym.fd 2015/03/20 Fontinst v1.933 font definitions for U/ntxsym.
)
LaTeX Font Info:    Trying to load font information for U+ntxsyc on input line 
282.

(/nix/store/zafsnq72l8bgllspk9qbjg3nb64ply9k-texlive-combined-2022-texmfdist/te
x/latex/newtx/untxsyc.fd
File: untxsyc.fd 2012/04/12 Fontinst v1.933 font definitions for U/ntxsyc.
)
LaTeX Font Info:    Trying to load font information for U+stmry on input line 2
82.

(/nix/store/zafsnq72l8bgllspk9qbjg3nb64ply9k-texlive-combined-2022-texmfdist/te
x/latex/stmaryrd/Ustmry.fd)
LaTeX Font Info:    Font shape `T1/LinuxBiolinumT-TLF/m/n' will be
(Font)              scaled to size 6.1pt on input line 282.
LaTeX Font Info:    Font shape `T1/LinuxBiolinumT-TLF/m/it' will be
(Font)              scaled to size 8.0pt on input line 282.
LaTeX Font Info:    Font shape `T1/LinuxBiolinumT-TLF/m/it' will be
(Font)              scaled to size 6.1pt on input line 282.
 [2

]
LaTeX Font Info:    Font shape `T1/LinuxBiolinumT-TLF/m/n' will be
(Font)              scaled to size 12.0pt on input line 287.
LaTeX Font Info:    Font shape `T1/LinuxBiolinumT-TLF/b/n' will be
(Font)              scaled to size 12.0pt on input line 287.
LaTeX Font Info:    Font shape `T1/LinuxBiolinumT-TLF/m/n' will be
(Font)              scaled to size 4.0pt on input line 287.
 [3

]
LaTeX Font Info:    Trying to load font information for TS1+LinuxBiolinumT-TLF 
on input line 297.

(/nix/store/zafsnq72l8bgllspk9qbjg3nb64ply9k-texlive-combined-2022-texmfdist/te
x/latex/libertine/TS1LinuxBiolinumT-TLF.fd
File: TS1LinuxBiolinumT-TLF.fd 2017/03/20 (autoinst) Font definitions for TS1/L
inuxBiolinumT-TLF.
)
LaTeX Font Info:    Font shape `TS1/LinuxBiolinumT-TLF/m/n' will be
(Font)              scaled to size 10.95pt on input line 297.
 [4

] [5

] [6

] [7

] [8

]
\openout4 = `september6.3.vrb'.


(./september6.3.vrb
LaTeX Font Info:    Trying to load font information for T1+zi4 on input line 2.


(/nix/store/zafsnq72l8bgllspk9qbjg3nb64ply9k-texlive-combined-2022-texmfdist/te
x/latex/inconsolata/t1zi4.fd
File: t1zi4.fd 2018/01/14 T1/zi4 (Inconsolata)
)
LaTeX Font Info:    Font shape `T1/zi4/m/n' will be
(Font)              scaled to size 10.95pt on input line 2.
)
LaTeX Font Info:    Font shape `T1/zi4/b/n' will be
(Font)              scaled to size 12.0pt on input line 303.
 [9

]
\openout4 = `september6.4.vrb'.

 (./september6.4.vrb) [10

]
\openout4 = `september6.5.vrb'.


(./september6.5.vrb) [11

] (./september6.5.vrb) [12

] (./september6.5.vrb)
[13

]
\openout4 = `september6.6.vrb'.

 (./september6.6.vrb) [14

] (./september6.6.vrb) [15

] (./september6.6.vrb)
[16

] (./september6.6.vrb) [17

]
\openout4 = `september6.7.vrb'.

 (./september6.7.vrb) [18

] (./september6.7.vrb)
[19

] (./september6.7.vrb) [20

] (./september6.7.vrb) [21

] (./september6.7.vrb)
[22

] (./september6.7.vrb) [23

]
\openout4 = `september6.8.vrb'.

 (./september6.8.vrb) [24

] (./september6.8.vrb)
[25

] (./september6.8.vrb) [26

]
\openout4 = `september6.9.vrb'.

 (./september6.9.vrb) [27

] (./september6.9.vrb)
[28

]
\openout4 = `september6.10.vrb'.

 (./september6.10.vrb) [29

]
\openout4 = `september6.11.vrb'.

 (./september6.11.vrb) [30

] (./september6.11.vrb) [31

] [32

] [33

] [34

] [35

]
\openout4 = `september6.13.vrb'.

 (./september6.13.vrb) [36

] (./september6.13.vrb)
[37

] (./september6.13.vrb) [38

] (./september6.13.vrb) [39

] (./september6.13.vrb) [40

]
\openout4 = `september6.14.vrb'.

 (./september6.14.vrb) [41

]
\openout4 = `september6.15.vrb'.

 (./september6.15.vrb) [42

]
\openout4 = `september6.16.vrb'.


(./september6.16.vrb) [43

] (./september6.16.vrb) [44

] (./september6.16.vrb)
[45

]
\openout4 = `september6.17.vrb'.

 (./september6.17.vrb) [46

] (./september6.17.vrb) [47

] (./september6.17.vrb) [48

]
\openout4 = `september6.18.vrb'.

 (./september6.18.vrb) [49

]
\openout4 = `september6.19.vrb'.

 (./september6.19.vrb) [50

]
\openout4 = `september6.20.vrb'.


(./september6.20.vrb
Missing character: There is no ] in font nullfont!
Missing character: There is no ] in font nullfont!
Missing character: There is no ] in font nullfont!
) [51

]
\tf@nav=\write9
\openout9 = `september6.nav'.

\tf@toc=\write10
\openout10 = `september6.toc'.

\tf@snm=\write11
\openout11 = `september6.snm'.

 (./september6.aux)
Package rerunfilecheck Info: File `september6.out' has not changed.
(rerunfilecheck)             Checksum: 94D8C396C7D28D7B599AE766D1F35EBA;342.
Package logreq Info: Writing requests to 'september6.run.xml'.
\openout1 = `september6.run.xml'.

 ) 
Here is how much of TeX's memory you used:
 52256 strings out of 476040
 1145718 string characters out of 5770637
 1863388 words of memory out of 5000000
 71588 multiletter control sequences out of 15000+600000
 597687 words of font info for 92 fonts, out of 8000000 for 9000
 1141 hyphenation exceptions out of 8191
 142i,13n,132p,1953b,1517s stack positions out of 10000i,1000n,20000p,200000b,200000s
{/nix/store/zafsnq72l8bgllspk9qbjg3nb64ply9k-texlive-combined-2022-texmfdist/
fonts/enc/dvips/libertine/lbtn_25tcsq.enc}{/nix/store/zafsnq72l8bgllspk9qbjg3nb
64ply9k-texlive-combined-2022-texmfdist/fonts/enc/dvips/inconsolata/i4-t1-4.enc
}{/nix/store/zafsnq72l8bgllspk9qbjg3nb64ply9k-texlive-combined-2022-texmfdist/f
onts/enc/dvips/libertine/lbtn_afusau.enc}</nix/store/zafsnq72l8bgllspk9qbjg3nb6
4ply9k-texlive-combined-2022-texmfdist/fonts/type1/public/inconsolata/Inconsola
ta-zi4b.pfb></nix/store/zafsnq72l8bgllspk9qbjg3nb64ply9k-texlive-combined-2022-
texmfdist/fonts/type1/public/inconsolata/Inconsolata-zi4r.pfb></nix/store/zafsn
q72l8bgllspk9qbjg3nb64ply9k-texlive-combined-2022-texmfdist/fonts/type1/public/
libertine/LinBiolinumT.pfb></nix/store/zafsnq72l8bgllspk9qbjg3nb64ply9k-texlive
-combined-2022-texmfdist/fonts/type1/public/libertine/LinBiolinumTB.pfb></nix/s
tore/zafsnq72l8bgllspk9qbjg3nb64ply9k-texlive-combined-2022-texmfdist/fonts/typ
e1/public/libertine/LinBiolinumTI.pfb>
Output written on september6.pdf (51 pages, 230492 bytes).
PDF statistics:
 439 PDF objects out of 1000 (max. 8388607)
 365 compressed objects within 4 object streams
 176 named destinations out of 1000 (max. 500000)
 67 words of extra memory for PDF output out of 10000 (max. 10000000)

