This is pdfTeX, Version 3.141592653-2.6-1.40.22 (TeX Live 2021/NixOS.org) (preloaded format=pdflatex 1980.1.1)  6 SEP 2023 18:51
entering extended mode
 restricted \write18 enabled.
 %&-line parsing enabled.
**key
(./key.tex
LaTeX2e <2021-11-15> patch level 1
L3 programming layer <2022-02-24>
(/nix/store/rxl4n0aqcd43pdl07a7n4v21cg4p6wwh-texlive-combined-2021/share/texmf/
tex/latex/base/article.cls
Document Class: article 2021/10/04 v1.4n Standard LaTeX document class

(/nix/store/rxl4n0aqcd43pdl07a7n4v21cg4p6wwh-texlive-combined-2021/share/texmf/
tex/latex/base/size11.clo
File: size11.clo 2021/10/04 v1.4n Standard LaTeX file (size option)
)
\c@part=\count185
\c@section=\count186
\c@subsection=\count187
\c@subsubsection=\count188
\c@paragraph=\count189
\c@subparagraph=\count190
\c@figure=\count191
\c@table=\count192
\abovecaptionskip=\skip47
\belowcaptionskip=\skip48
\bibindent=\dimen138
)
(/nix/store/rxl4n0aqcd43pdl07a7n4v21cg4p6wwh-texlive-combined-2021/share/texmf/
tex/latex/geometry/geometry.sty
Package: geometry 2020/01/02 v5.9 Page Geometry

(/nix/store/rxl4n0aqcd43pdl07a7n4v21cg4p6wwh-texlive-combined-2021/share/texmf/
tex/latex/graphics/keyval.sty
Package: keyval 2014/10/28 v1.15 key=value parser (DPC)
\KV@toks@=\toks16
)
(/nix/store/rxl4n0aqcd43pdl07a7n4v21cg4p6wwh-texlive-combined-2021/share/texmf/
tex/generic/iftex/ifvtex.sty
Package: ifvtex 2019/10/25 v1.7 ifvtex legacy package. Use iftex instead.

(/nix/store/rxl4n0aqcd43pdl07a7n4v21cg4p6wwh-texlive-combined-2021/share/texmf/
tex/generic/iftex/iftex.sty
Package: iftex 2022/02/03 v1.0f TeX engine tests
))
\Gm@cnth=\count193
\Gm@cntv=\count194
\c@Gm@tempcnt=\count195
\Gm@bindingoffset=\dimen139
\Gm@wd@mp=\dimen140
\Gm@odd@mp=\dimen141
\Gm@even@mp=\dimen142
\Gm@layoutwidth=\dimen143
\Gm@layoutheight=\dimen144
\Gm@layouthoffset=\dimen145
\Gm@layoutvoffset=\dimen146
\Gm@dimlist=\toks17
)
(/nix/store/rxl4n0aqcd43pdl07a7n4v21cg4p6wwh-texlive-combined-2021/share/texmf/
tex/latex/etoolbox/etoolbox.sty
Package: etoolbox 2020/10/05 v2.5k e-TeX tools for LaTeX (JAW)
\etb@tempcnta=\count196
)
(/nix/store/rxl4n0aqcd43pdl07a7n4v21cg4p6wwh-texlive-combined-2021/share/texmf/
tex/latex/graphics/lscape.sty
Package: lscape 2020/05/28 v3.02 Landscape Pages (DPC)

(/nix/store/rxl4n0aqcd43pdl07a7n4v21cg4p6wwh-texlive-combined-2021/share/texmf/
tex/latex/graphics/graphics.sty
Package: graphics 2021/03/04 v1.4d Standard LaTeX Graphics (DPC,SPQR)

(/nix/store/rxl4n0aqcd43pdl07a7n4v21cg4p6wwh-texlive-combined-2021/share/texmf/
tex/latex/graphics/trig.sty
Package: trig 2021/08/11 v1.11 sin cos tan (DPC)
)
(/nix/store/rxl4n0aqcd43pdl07a7n4v21cg4p6wwh-texlive-combined-2021/share/texmf/
tex/latex/graphics-cfg/graphics.cfg
File: graphics.cfg 2016/06/04 v1.11 sample graphics configuration
)
Package graphics Info: Driver file: pdftex.def on input line 107.

(/nix/store/rxl4n0aqcd43pdl07a7n4v21cg4p6wwh-texlive-combined-2021/share/texmf/
tex/latex/graphics-def/pdftex.def
File: pdftex.def 2020/10/05 v1.2a Graphics/color driver for pdftex
)))
(/nix/store/rxl4n0aqcd43pdl07a7n4v21cg4p6wwh-texlive-combined-2021/share/texmf/
tex/latex/titling/titling.sty
Package: titling 2009/09/04 v2.1d maketitle typesetting
\thanksmarkwidth=\skip49
\thanksmargin=\skip50
\droptitle=\skip51
)
(/nix/store/rxl4n0aqcd43pdl07a7n4v21cg4p6wwh-texlive-combined-2021/share/texmf/
tex/latex/graphics/graphicx.sty
Package: graphicx 2021/09/16 v1.2d Enhanced LaTeX Graphics (DPC,SPQR)
\Gin@req@height=\dimen147
\Gin@req@width=\dimen148
)
(/nix/store/rxl4n0aqcd43pdl07a7n4v21cg4p6wwh-texlive-combined-2021/share/texmf/
tex/latex/amsfonts/amssymb.sty
Package: amssymb 2013/01/14 v3.01 AMS font symbols

(/nix/store/rxl4n0aqcd43pdl07a7n4v21cg4p6wwh-texlive-combined-2021/share/texmf/
tex/latex/amsfonts/amsfonts.sty
Package: amsfonts 2013/01/14 v3.01 Basic AMSFonts support
\@emptytoks=\toks18
\symAMSa=\mathgroup4
\symAMSb=\mathgroup5
LaTeX Font Info:    Redeclaring math symbol \hbar on input line 98.
LaTeX Font Info:    Overwriting math alphabet `\mathfrak' in version `bold'
(Font)                  U/euf/m/n --> U/euf/b/n on input line 106.
))
(/nix/store/rxl4n0aqcd43pdl07a7n4v21cg4p6wwh-texlive-combined-2021/share/texmf/
tex/latex/mathtools/mathtools.sty
Package: mathtools 2022/02/07 v1.28a mathematical typesetting tools

(/nix/store/rxl4n0aqcd43pdl07a7n4v21cg4p6wwh-texlive-combined-2021/share/texmf/
tex/latex/tools/calc.sty
Package: calc 2017/05/25 v4.3 Infix arithmetic (KKT,FJ)
\calc@Acount=\count197
\calc@Bcount=\count198
\calc@Adimen=\dimen149
\calc@Bdimen=\dimen150
\calc@Askip=\skip52
\calc@Bskip=\skip53
LaTeX Info: Redefining \setlength on input line 80.
LaTeX Info: Redefining \addtolength on input line 81.
\calc@Ccount=\count199
\calc@Cskip=\skip54
)
(/nix/store/rxl4n0aqcd43pdl07a7n4v21cg4p6wwh-texlive-combined-2021/share/texmf/
tex/latex/mathtools/mhsetup.sty
Package: mhsetup 2021/03/18 v1.4 programming setup (MH)
)
(/nix/store/rxl4n0aqcd43pdl07a7n4v21cg4p6wwh-texlive-combined-2021/share/texmf/
tex/latex/amsmath/amsmath.sty
Package: amsmath 2021/10/15 v2.17l AMS math features
\@mathmargin=\skip55

For additional information on amsmath, use the `?' option.

(/nix/store/rxl4n0aqcd43pdl07a7n4v21cg4p6wwh-texlive-combined-2021/share/texmf/
tex/latex/amsmath/amstext.sty
Package: amstext 2021/08/26 v2.01 AMS text

(/nix/store/rxl4n0aqcd43pdl07a7n4v21cg4p6wwh-texlive-combined-2021/share/texmf/
tex/latex/amsmath/amsgen.sty
File: amsgen.sty 1999/11/30 v2.0 generic functions
\@emptytoks=\toks19
\ex@=\dimen151
))
(/nix/store/rxl4n0aqcd43pdl07a7n4v21cg4p6wwh-texlive-combined-2021/share/texmf/
tex/latex/amsmath/amsbsy.sty
Package: amsbsy 1999/11/29 v1.2d Bold Symbols
\pmbraise@=\dimen152
)
(/nix/store/rxl4n0aqcd43pdl07a7n4v21cg4p6wwh-texlive-combined-2021/share/texmf/
tex/latex/amsmath/amsopn.sty
Package: amsopn 2021/08/26 v2.02 operator names
)
\inf@bad=\count266
LaTeX Info: Redefining \frac on input line 234.
\uproot@=\count267
\leftroot@=\count268
LaTeX Info: Redefining \overline on input line 399.
\classnum@=\count269
\DOTSCASE@=\count270
LaTeX Info: Redefining \ldots on input line 496.
LaTeX Info: Redefining \dots on input line 499.
LaTeX Info: Redefining \cdots on input line 620.
\Mathstrutbox@=\box50
\strutbox@=\box51
\big@size=\dimen153
LaTeX Font Info:    Redeclaring font encoding OML on input line 743.
LaTeX Font Info:    Redeclaring font encoding OMS on input line 744.
\macc@depth=\count271
\c@MaxMatrixCols=\count272
\dotsspace@=\muskip16
\c@parentequation=\count273
\dspbrk@lvl=\count274
\tag@help=\toks20
\row@=\count275
\column@=\count276
\maxfields@=\count277
\andhelp@=\toks21
\eqnshift@=\dimen154
\alignsep@=\dimen155
\tagshift@=\dimen156
\tagwidth@=\dimen157
\totwidth@=\dimen158
\lineht@=\dimen159
\@envbody=\toks22
\multlinegap=\skip56
\multlinetaggap=\skip57
\mathdisplay@stack=\toks23
LaTeX Info: Redefining \[ on input line 2938.
LaTeX Info: Redefining \] on input line 2939.
)
\g_MT_multlinerow_int=\count278
\l_MT_multwidth_dim=\dimen160
\origjot=\skip58
\l_MT_shortvdotswithinadjustabove_dim=\dimen161
\l_MT_shortvdotswithinadjustbelow_dim=\dimen162
\l_MT_above_intertext_sep=\dimen163
\l_MT_below_intertext_sep=\dimen164
\l_MT_above_shortintertext_sep=\dimen165
\l_MT_below_shortintertext_sep=\dimen166
\xmathstrut@box=\box52
\xmathstrut@dim=\dimen167
)
(/nix/store/rxl4n0aqcd43pdl07a7n4v21cg4p6wwh-texlive-combined-2021/share/texmf/
tex/latex/amscls/amsthm.sty
Package: amsthm 2020/05/29 v2.20.6
\thm@style=\toks24
\thm@bodyfont=\toks25
\thm@headfont=\toks26
\thm@notefont=\toks27
\thm@headpunct=\toks28
\thm@preskip=\skip59
\thm@postskip=\skip60
\thm@headsep=\skip61
\dth@everypar=\toks29
)
\c@thm=\count279

(/nix/store/rxl4n0aqcd43pdl07a7n4v21cg4p6wwh-texlive-combined-2021/share/texmf/
tex/latex/enumitem/enumitem.sty
Package: enumitem 2019/06/20 v3.9 Customized lists
\labelindent=\skip62
\enit@outerparindent=\dimen168
\enit@toks=\toks30
\enit@inbox=\box53
\enit@count@id=\count280
\enitdp@description=\count281
)
(/nix/store/rxl4n0aqcd43pdl07a7n4v21cg4p6wwh-texlive-combined-2021/share/texmf/
tex/latex/xcolor/xcolor.sty
Package: xcolor 2021/10/31 v2.13 LaTeX color extensions (UK)

(/nix/store/rxl4n0aqcd43pdl07a7n4v21cg4p6wwh-texlive-combined-2021/share/texmf/
tex/latex/graphics-cfg/color.cfg
File: color.cfg 2016/01/02 v1.6 sample color configuration
)
Package xcolor Info: Driver file: pdftex.def on input line 227.
Package xcolor Info: Model `cmy' substituted by `cmy0' on input line 1352.
Package xcolor Info: Model `hsb' substituted by `rgb' on input line 1356.
Package xcolor Info: Model `RGB' extended on input line 1368.
Package xcolor Info: Model `HTML' substituted by `rgb' on input line 1370.
Package xcolor Info: Model `Hsb' substituted by `hsb' on input line 1371.
Package xcolor Info: Model `tHsb' substituted by `hsb' on input line 1372.
Package xcolor Info: Model `HSB' substituted by `hsb' on input line 1373.
Package xcolor Info: Model `Gray' substituted by `gray' on input line 1374.
Package xcolor Info: Model `wave' substituted by `hsb' on input line 1375.
)
(/nix/store/rxl4n0aqcd43pdl07a7n4v21cg4p6wwh-texlive-combined-2021/share/texmf/
tex/latex/base/fontenc.sty
Package: fontenc 2021/04/29 v2.0v Standard LaTeX package
)
(/nix/store/rxl4n0aqcd43pdl07a7n4v21cg4p6wwh-texlive-combined-2021/share/texmf/
tex/latex/libertine/libertine.sty
Package: libertine 2020/03/26 (Bob Tennent) Supports Libertine and Biolinum fon
ts for all LaTeX engines.

(/nix/store/rxl4n0aqcd43pdl07a7n4v21cg4p6wwh-texlive-combined-2021/share/texmf/
tex/generic/iftex/ifxetex.sty
Package: ifxetex 2019/10/25 v0.7 ifxetex legacy package. Use iftex instead.
)
(/nix/store/rxl4n0aqcd43pdl07a7n4v21cg4p6wwh-texlive-combined-2021/share/texmf/
tex/generic/iftex/ifluatex.sty
Package: ifluatex 2019/10/25 v1.5 ifluatex legacy package. Use iftex instead.
)
(/nix/store/rxl4n0aqcd43pdl07a7n4v21cg4p6wwh-texlive-combined-2021/share/texmf/
tex/latex/xkeyval/xkeyval.sty
Package: xkeyval 2020/11/20 v2.8 package option processing (HA)

(/nix/store/rxl4n0aqcd43pdl07a7n4v21cg4p6wwh-texlive-combined-2021/share/texmf/
tex/generic/xkeyval/xkeyval.tex
(/nix/store/rxl4n0aqcd43pdl07a7n4v21cg4p6wwh-texlive-combined-2021/share/texmf/
tex/generic/xkeyval/xkvutils.tex
\XKV@toks=\toks31
\XKV@tempa@toks=\toks32
)
\XKV@depth=\count282
File: xkeyval.tex 2014/12/03 v2.7a key=value parser (HA)
))
(/nix/store/rxl4n0aqcd43pdl07a7n4v21cg4p6wwh-texlive-combined-2021/share/texmf/
tex/latex/base/textcomp.sty
Package: textcomp 2020/02/02 v2.0n Standard LaTeX package
)
(/nix/store/rxl4n0aqcd43pdl07a7n4v21cg4p6wwh-texlive-combined-2021/share/texmf/
tex/latex/base/fontenc.sty
Package: fontenc 2021/04/29 v2.0v Standard LaTeX package
)
(/nix/store/rxl4n0aqcd43pdl07a7n4v21cg4p6wwh-texlive-combined-2021/share/texmf/
tex/latex/fontaxes/fontaxes.sty
Package: fontaxes 2020/07/21 v1.0e Font selection axes
LaTeX Info: Redefining \upshape on input line 29.
LaTeX Info: Redefining \itshape on input line 31.
LaTeX Info: Redefining \slshape on input line 33.
LaTeX Info: Redefining \swshape on input line 35.
LaTeX Info: Redefining \scshape on input line 37.
LaTeX Info: Redefining \sscshape on input line 39.
LaTeX Info: Redefining \ulcshape on input line 41.
LaTeX Info: Redefining \textsw on input line 47.
LaTeX Info: Redefining \textssc on input line 48.
LaTeX Info: Redefining \textulc on input line 49.
)
LaTeX Info: Redefining \oldstylenums on input line 484.

(/nix/store/rxl4n0aqcd43pdl07a7n4v21cg4p6wwh-texlive-combined-2021/share/texmf/
tex/latex/libertine/LinLibertine_I.tex))
(/nix/store/rxl4n0aqcd43pdl07a7n4v21cg4p6wwh-texlive-combined-2021/share/texmf/
tex/latex/inconsolata/zi4.sty
Package: zi4 2019/05/17 v1.12

`inconsolata-zi4' v1.12, 2019/05/17 Text macros for Inconsolata (msharpe)
\zifour@ocount=\count283
)
(/nix/store/rxl4n0aqcd43pdl07a7n4v21cg4p6wwh-texlive-combined-2021/share/texmf/
tex/latex/newtx/newtxmath.sty
Package: newtxmath 2022/01/16 v1.71

`newtxmath' v1.71, 2022/01/16 Math macros based originally on txfonts (msharpe)

(/nix/store/rxl4n0aqcd43pdl07a7n4v21cg4p6wwh-texlive-combined-2021/share/texmf/
tex/latex/base/ifthen.sty
Package: ifthen 2020/11/24 v1.1c Standard LaTeX ifthen package (DPC)
)
(/nix/store/rxl4n0aqcd43pdl07a7n4v21cg4p6wwh-texlive-combined-2021/share/texmf/
tex/latex/oberdiek/centernot.sty
Package: centernot 2016/05/16 v1.4 Centers the not symbol horizontally (HO)
)
\tx@cntz=\count284

(/nix/store/rxl4n0aqcd43pdl07a7n4v21cg4p6wwh-texlive-combined-2021/share/texmf/
tex/generic/kastrup/binhex.tex)
\tx@Isdigit=\count285
\tx@IsAlNum=\count286
\tx@tA=\toks33
\tx@tB=\toks34
\tx@su=\read2

amsthm NOT loaded
LaTeX Font Info:    Redeclaring symbol font `operators' on input line 376.
LaTeX Font Info:    Overwriting symbol font `operators' in version `normal'
(Font)                  OT1/cmr/m/n --> OT1/LinuxLibertineT-TLF/m/n on input li
ne 376.
LaTeX Font Info:    Overwriting symbol font `operators' in version `bold'
(Font)                  OT1/cmr/bx/n --> OT1/LinuxLibertineT-TLF/m/n on input l
ine 376.
LaTeX Font Info:    Overwriting symbol font `operators' in version `bold'
(Font)                  OT1/LinuxLibertineT-TLF/m/n --> OT1/LinuxLibertineT-TLF
/sb/n on input line 377.
LaTeX Font Info:    Redeclaring math alphabet \mathsf on input line 383.
LaTeX Font Info:    Overwriting math alphabet `\mathsf' in version `normal'
(Font)                  OT1/cmss/m/n --> T1/LinuxBiolinumT-TLF/m/n on input lin
e 383.
LaTeX Font Info:    Overwriting math alphabet `\mathsf' in version `bold'
(Font)                  OT1/cmss/bx/n --> T1/LinuxBiolinumT-TLF/m/n on input li
ne 383.
LaTeX Font Info:    Redeclaring math alphabet \mathit on input line 384.
LaTeX Font Info:    Overwriting math alphabet `\mathit' in version `normal'
(Font)                  OT1/cmr/m/it --> OT1/LinuxLibertineT-TLF/m/it on input 
line 384.
LaTeX Font Info:    Overwriting math alphabet `\mathit' in version `bold'
(Font)                  OT1/cmr/bx/it --> OT1/LinuxLibertineT-TLF/m/it on input
 line 384.
LaTeX Font Info:    Redeclaring math alphabet \mathtt on input line 385.
LaTeX Font Info:    Overwriting math alphabet `\mathtt' in version `normal'
(Font)                  OT1/cmtt/m/n --> T1/zi4/m/n on input line 385.
LaTeX Font Info:    Overwriting math alphabet `\mathtt' in version `bold'
(Font)                  OT1/cmtt/m/n --> T1/zi4/m/n on input line 385.
LaTeX Font Info:    Redeclaring math alphabet \mathbf on input line 387.
LaTeX Font Info:    Overwriting math alphabet `\mathbf' in version `normal'
(Font)                  OT1/cmr/bx/n --> OT1/LinuxLibertineT-TLF/sb/n on input 
line 387.
LaTeX Font Info:    Overwriting math alphabet `\mathbf' in version `bold'
(Font)                  OT1/cmr/bx/n --> OT1/LinuxLibertineT-TLF/sb/n on input 
line 387.
LaTeX Font Info:    Overwriting math alphabet `\mathit' in version `bold'
(Font)                  OT1/LinuxLibertineT-TLF/m/it --> OT1/LinuxLibertineT-TL
F/sb/it on input line 388.
LaTeX Font Info:    Overwriting math alphabet `\mathsf' in version `bold'
(Font)                  T1/LinuxBiolinumT-TLF/m/n --> T1/LinuxBiolinumT-TLF/b/n
 on input line 389.
LaTeX Font Info:    Overwriting math alphabet `\mathtt' in version `bold'
(Font)                  T1/zi4/m/n --> T1/zi4/b/n on input line 390.
LaTeX Font Info:    Redeclaring symbol font `letters' on input line 407.
LaTeX Font Info:    Overwriting symbol font `letters' in version `normal'
(Font)                  OML/cmm/m/it --> OML/nxlmi/m/it on input line 407.
LaTeX Font Info:    Overwriting symbol font `letters' in version `bold'
(Font)                  OML/cmm/b/it --> OML/nxlmi/m/it on input line 407.
LaTeX Font Info:    Overwriting symbol font `letters' in version `bold'
(Font)                  OML/nxlmi/m/it --> OML/nxlmi/b/it on input line 408.
\symlettersA=\mathgroup6
LaTeX Font Info:    Overwriting symbol font `lettersA' in version `bold'
(Font)                  U/ntxmia/m/it --> U/ntxmia/b/it on input line 547.
LaTeX Font Info:    Redeclaring math alphabet \mathfrak on input line 549.
Now handling font encoding LMS ...
... no UTF-8 mapping file for font encoding LMS
LaTeX Font Info:    Redeclaring symbol font `symbols' on input line 568.
LaTeX Font Info:    Encoding `OMS' has changed to `LMS' for symbol font
(Font)              `symbols' in the math version `normal' on input line 568.
LaTeX Font Info:    Overwriting symbol font `symbols' in version `normal'
(Font)                  OMS/cmsy/m/n --> LMS/ntxsy/m/n on input line 568.
LaTeX Font Info:    Encoding `OMS' has changed to `LMS' for symbol font
(Font)              `symbols' in the math version `bold' on input line 568.
LaTeX Font Info:    Overwriting symbol font `symbols' in version `bold'
(Font)                  OMS/cmsy/b/n --> LMS/ntxsy/m/n on input line 568.
LaTeX Font Info:    Overwriting symbol font `symbols' in version `bold'
(Font)                  LMS/ntxsy/m/n --> LMS/ntxsy/b/n on input line 569.
\symAMSm=\mathgroup7
LaTeX Font Info:    Overwriting symbol font `AMSm' in version `bold'
(Font)                  U/ntxsym/m/n --> U/ntxsym/b/n on input line 594.
\symsymbolsC=\mathgroup8
LaTeX Font Info:    Overwriting symbol font `symbolsC' in version `bold'
(Font)                  U/ntxsyc/m/n --> U/ntxsyc/b/n on input line 615.
Now handling font encoding LMX ...
... no UTF-8 mapping file for font encoding LMX
LaTeX Font Info:    Redeclaring symbol font `largesymbols' on input line 628.
LaTeX Font Info:    Encoding `OMX' has changed to `LMX' for symbol font
(Font)              `largesymbols' in the math version `normal' on input line 6
28.
LaTeX Font Info:    Overwriting symbol font `largesymbols' in version `normal'
(Font)                  OMX/cmex/m/n --> LMX/ntxexx/m/n on input line 628.
LaTeX Font Info:    Encoding `OMX' has changed to `LMX' for symbol font
(Font)              `largesymbols' in the math version `bold' on input line 628
.
LaTeX Font Info:    Overwriting symbol font `largesymbols' in version `bold'
(Font)                  OMX/cmex/m/n --> LMX/ntxexx/m/n on input line 628.
LaTeX Font Info:    Overwriting symbol font `largesymbols' in version `bold'
(Font)                  LMX/ntxexx/m/n --> LMX/ntxexx/b/n on input line 629.
\symlargesymbolsTXA=\mathgroup9
LaTeX Font Info:    Overwriting symbol font `largesymbolsTXA' in version `bold'

(Font)                  U/ntxexa/m/n --> U/ntxexa/b/n on input line 643.
\tx@sbptoks=\toks35
LaTeX Font Info:    Redeclaring math delimiter \lfloor on input line 866.
LaTeX Font Info:    Redeclaring math delimiter \rfloor on input line 867.
LaTeX Font Info:    Redeclaring math delimiter \lceil on input line 868.
LaTeX Font Info:    Redeclaring math delimiter \rceil on input line 869.
LaTeX Font Info:    Redeclaring math delimiter \lbrace on input line 870.
LaTeX Font Info:    Redeclaring math delimiter \rbrace on input line 871.
LaTeX Font Info:    Redeclaring math delimiter \langle on input line 872.
LaTeX Font Info:    Redeclaring math delimiter \rangle on input line 874.
LaTeX Font Info:    Redeclaring math delimiter \arrowvert on input line 878.
LaTeX Font Info:    Redeclaring math delimiter \vert on input line 879.
LaTeX Font Info:    Redeclaring math accent \dot on input line 950.
LaTeX Font Info:    Redeclaring math accent \ddot on input line 951.
LaTeX Font Info:    Redeclaring math accent \vec on input line 2020.
LaTeX Info: Redefining \Bbbk on input line 2810.
LaTeX Info: Redefining \not on input line 2959.
LaTeX Info: Redefining \textsquare on input line 2989.
LaTeX Info: Redefining \openbox on input line 2991.
)
(/nix/store/rxl4n0aqcd43pdl07a7n4v21cg4p6wwh-texlive-combined-2021/share/texmf/
tex/latex/tipa/tipa.sty
Package: tipa 2002/08/08 TIPA version 1.1

(/nix/store/rxl4n0aqcd43pdl07a7n4v21cg4p6wwh-texlive-combined-2021/share/texmf/
tex/latex/base/fontenc.sty
Package: fontenc 2021/04/29 v2.0v Standard LaTeX package

(/nix/store/rxl4n0aqcd43pdl07a7n4v21cg4p6wwh-texlive-combined-2021/share/texmf/
tex/latex/tipa/t3enc.def
File: t3enc.def 2001/12/31 T3 encoding
Now handling font encoding T3 ...
... no UTF-8 mapping file for font encoding T3
LaTeX Font Info:    Trying to load font information for T1+LinuxBiolinumT-TLF o
n input line 357.

(/nix/store/rxl4n0aqcd43pdl07a7n4v21cg4p6wwh-texlive-combined-2021/share/texmf/
tex/latex/libertine/T1LinuxBiolinumT-TLF.fd
File: T1LinuxBiolinumT-TLF.fd 2017/03/20 (autoinst) Font definitions for T1/Lin
uxBiolinumT-TLF.
)
LaTeX Font Info:    Font shape `T1/LinuxBiolinumT-TLF/m/n' will be
(Font)              scaled to size 10.95pt on input line 357.
)
LaTeX Font Info:    Trying to load font information for T1+LinuxLibertineT-TLF 
on input line 112.

(/nix/store/rxl4n0aqcd43pdl07a7n4v21cg4p6wwh-texlive-combined-2021/share/texmf/
tex/latex/libertine/T1LinuxLibertineT-TLF.fd
File: T1LinuxLibertineT-TLF.fd 2017/03/20 (autoinst) Font definitions for T1/Li
nuxLibertineT-TLF.
)
LaTeX Font Info:    Font shape `T1/LinuxLibertineT-TLF/m/n' will be
(Font)              scaled to size 10.95pt on input line 112.
))
(/nix/store/rxl4n0aqcd43pdl07a7n4v21cg4p6wwh-texlive-combined-2021/share/texmf/
tex/latex/stmaryrd/stmaryrd.sty
Package: stmaryrd 1994/03/03 St Mary's Road symbol package
\symstmry=\mathgroup10
LaTeX Font Info:    Overwriting symbol font `stmry' in version `bold'
(Font)                  U/stmry/m/n --> U/stmry/b/n on input line 89.
)
(/nix/store/rxl4n0aqcd43pdl07a7n4v21cg4p6wwh-texlive-combined-2021/share/texmf/
tex/latex/doublestroke/dsfont.sty
Package: dsfont 1995/08/01 v0.1 Double stroke roman fonts
)
(/nix/store/rxl4n0aqcd43pdl07a7n4v21cg4p6wwh-texlive-combined-2021/share/texmf/
tex/latex/fancyhdr/fancyhdr.sty
Package: fancyhdr 2021/01/28 v4.0.1 Extensive control of page headers and foote
rs
\f@nch@headwidth=\skip63
\f@nch@O@elh=\skip64
\f@nch@O@erh=\skip65
\f@nch@O@olh=\skip66
\f@nch@O@orh=\skip67
\f@nch@O@elf=\skip68
\f@nch@O@erf=\skip69
\f@nch@O@olf=\skip70
\f@nch@O@orf=\skip71
)
(/nix/store/rxl4n0aqcd43pdl07a7n4v21cg4p6wwh-texlive-combined-2021/share/texmf/
tex/latex/sectsty/sectsty.sty
Package: sectsty 2002/02/25 v2.0.2 Commands to change all sectional heading sty
les


LaTeX Warning: Command \underbar  has changed.
               Check if current package is valid.


LaTeX Warning: Command \underline  has changed.
               Check if current package is valid.

)
(/nix/store/rxl4n0aqcd43pdl07a7n4v21cg4p6wwh-texlive-combined-2021/share/texmf/
tex/generic/expex/expex.sty
Package: expex 5/1/2017 v5.1b LaTex wrapper for expex.tex (JF)

(/nix/store/rxl4n0aqcd43pdl07a7n4v21cg4p6wwh-texlive-combined-2021/share/texmf/
tex/generic/expex/expex.tex
File: expex.tex 5/25/2017 v5.1b ExPex linguistics example formatter (JF)
\ep@dima=\dimen169
\ep@dimb=\dimen170
\ep@dimc=\dimen171
\ep@cnta=\count287
\epc@b=\count288
\excnt=\count289
\numbox=\box54
\epd@numright=\dimen172
\pexcnt=\count290
\epd@labelleft=\dimen173
\epd@labelright=\dimen174
\epd@textleft=\dimen175
\epd@preambleleft=\dimen176
\epd@sampleexnowidth=\dimen177
\ep@everylabel=\toks36
\exnobox=\box55
\ling@tagsfile=\write3
\ling@tagsin=\read3
\glstrutbox=\box56
\ep@cascadeindent=\dimen178
\ep@hangindentamount=\dimen179
\ep@cascadecount=\count291
\gltoks@a=\toks37
\gltoks@b=\toks38
\glw@maxht=\dimen180
\glw@maxdp=\dimen181
\@itemtype=\count292
\gl@maxdplast=\dimen182
\gltoks@sofar=\toks39
\gltoks@every=\toks40
\gltoks@next=\toks41
\debug@glword=\box57
\@glaparsestate=\count293
\glwcascade@pshapeindent=\dimen183
\glwcascade@pshapelinewd=\dimen184
\ssleftwd=\dimen185
\ssrightwd=\dimen186
))
(/nix/store/rxl4n0aqcd43pdl07a7n4v21cg4p6wwh-texlive-combined-2021/share/texmf/
tex/latex/oberdiek/stackrel.sty
Package: stackrel 2016/05/16 v1.3 Adding subscript option to stackrel (HO)

(/nix/store/rxl4n0aqcd43pdl07a7n4v21cg4p6wwh-texlive-combined-2021/share/texmf/
tex/generic/etexcmds/etexcmds.sty
Package: etexcmds 2019/12/15 v1.7 Avoid name clashes with e-TeX commands (HO)

(/nix/store/rxl4n0aqcd43pdl07a7n4v21cg4p6wwh-texlive-combined-2021/share/texmf/
tex/generic/infwarerr/infwarerr.sty
Package: infwarerr 2019/12/03 v1.5 Providing info/warning/error messages (HO)
))
(/nix/store/rxl4n0aqcd43pdl07a7n4v21cg4p6wwh-texlive-combined-2021/share/texmf/
tex/generic/pdftexcmds/pdftexcmds.sty
Package: pdftexcmds 2020-06-27 v0.33 Utility functions of pdfTeX for LuaTeX (HO
)

(/nix/store/rxl4n0aqcd43pdl07a7n4v21cg4p6wwh-texlive-combined-2021/share/texmf/
tex/generic/ltxcmds/ltxcmds.sty
Package: ltxcmds 2020-05-10 v1.25 LaTeX kernel commands for general use (HO)
)
Package pdftexcmds Info: \pdf@primitive is available.
Package pdftexcmds Info: \pdf@ifprimitive is available.
Package pdftexcmds Info: \pdfdraftmode found.
))
(/nix/store/rxl4n0aqcd43pdl07a7n4v21cg4p6wwh-texlive-combined-2021/share/texmf/
tex/latex/stackengine/stackengine.sty
Package: stackengine 2021/07/22 v4.11\ Stacking text and objects in convenient 
ways

(/nix/store/rxl4n0aqcd43pdl07a7n4v21cg4p6wwh-texlive-combined-2021/share/texmf/
tex/generic/listofitems/listofitems.sty
(/nix/store/rxl4n0aqcd43pdl07a7n4v21cg4p6wwh-texlive-combined-2021/share/texmf/
tex/generic/listofitems/listofitems.tex
\loi_cnt_foreach_nest=\count294
\loi_nestcnt=\count295
)
Package: listofitems 2019/08/21 v1.63 Grab items in lists using user-specified 
sep char (CT)
)
\c@@stackindex=\count296
\@boxshift=\skip72
\stack@tmplength=\skip73
\temp@stkl=\skip74
\@stackedboxwidth=\skip75
\@addedbox=\box58
\@anchorbox=\box59
\@insetbox=\box60
\se@backgroundbox=\box61
\stackedbox=\box62
\@centerbox=\box63
\c@ROWcellindex@=\count297
)
(/nix/store/rxl4n0aqcd43pdl07a7n4v21cg4p6wwh-texlive-combined-2021/share/texmf/
tex/latex/relsize/relsize.sty
Package: relsize 2013/03/29 ver 4.1
)
(/nix/store/rxl4n0aqcd43pdl07a7n4v21cg4p6wwh-texlive-combined-2021/share/texmf/
tex/latex/base/fixltx2e.sty
Package: fixltx2e 2016/12/29 v2.1a fixes to LaTeX (obsolete)
Applying: [2015/01/01] Old fixltx2e package on input line 46.


Package fixltx2e Warning: fixltx2e is not required with releases after 2015
(fixltx2e)                All fixes are now in the LaTeX kernel.
(fixltx2e)                See the latexrelease package for details.

Already applied: [0000/00/00] Old fixltx2e package on input line 53.
)
(/nix/store/rxl4n0aqcd43pdl07a7n4v21cg4p6wwh-texlive-combined-2021/share/texmf/
tex/latex/hyperref/hyperref.sty
Package: hyperref 2022-02-21 v7.00n Hypertext links for LaTeX

(/nix/store/rxl4n0aqcd43pdl07a7n4v21cg4p6wwh-texlive-combined-2021/share/texmf/
tex/generic/kvsetkeys/kvsetkeys.sty
Package: kvsetkeys 2019/12/15 v1.18 Key value parser (HO)
)
(/nix/store/rxl4n0aqcd43pdl07a7n4v21cg4p6wwh-texlive-combined-2021/share/texmf/
tex/generic/kvdefinekeys/kvdefinekeys.sty
Package: kvdefinekeys 2019-12-19 v1.6 Define keys (HO)
)
(/nix/store/rxl4n0aqcd43pdl07a7n4v21cg4p6wwh-texlive-combined-2021/share/texmf/
tex/generic/pdfescape/pdfescape.sty
Package: pdfescape 2019/12/09 v1.15 Implements pdfTeX's escape features (HO)
)
(/nix/store/rxl4n0aqcd43pdl07a7n4v21cg4p6wwh-texlive-combined-2021/share/texmf/
tex/latex/hycolor/hycolor.sty
Package: hycolor 2020-01-27 v1.10 Color options for hyperref/bookmark (HO)
)
(/nix/store/rxl4n0aqcd43pdl07a7n4v21cg4p6wwh-texlive-combined-2021/share/texmf/
tex/latex/letltxmacro/letltxmacro.sty
Package: letltxmacro 2019/12/03 v1.6 Let assignment for LaTeX macros (HO)
)
(/nix/store/rxl4n0aqcd43pdl07a7n4v21cg4p6wwh-texlive-combined-2021/share/texmf/
tex/latex/auxhook/auxhook.sty
Package: auxhook 2019-12-17 v1.6 Hooks for auxiliary files (HO)
)
(/nix/store/rxl4n0aqcd43pdl07a7n4v21cg4p6wwh-texlive-combined-2021/share/texmf/
tex/latex/kvoptions/kvoptions.sty
Package: kvoptions 2020-10-07 v3.14 Key value format for package options (HO)
)
\@linkdim=\dimen187
\Hy@linkcounter=\count298
\Hy@pagecounter=\count299

(/nix/store/rxl4n0aqcd43pdl07a7n4v21cg4p6wwh-texlive-combined-2021/share/texmf/
tex/latex/hyperref/pd1enc.def
File: pd1enc.def 2022-02-21 v7.00n Hyperref: PDFDocEncoding definition (HO)
Now handling font encoding PD1 ...
... no UTF-8 mapping file for font encoding PD1
)
(/nix/store/rxl4n0aqcd43pdl07a7n4v21cg4p6wwh-texlive-combined-2021/share/texmf/
tex/generic/intcalc/intcalc.sty
Package: intcalc 2019/12/15 v1.3 Expandable calculations with integers (HO)
)
\Hy@SavedSpaceFactor=\count300

(/nix/store/rxl4n0aqcd43pdl07a7n4v21cg4p6wwh-texlive-combined-2021/share/texmf/
tex/latex/hyperref/puenc.def
File: puenc.def 2022-02-21 v7.00n Hyperref: PDF Unicode definition (HO)
Now handling font encoding PU ...
... no UTF-8 mapping file for font encoding PU
)
Package hyperref Info: Option `colorlinks' set `true' on input line 4018.
Package hyperref Info: Option `bookmarks' set `true' on input line 4018.
Package hyperref Info: Option `bookmarksopen' set `true' on input line 4018.
Package hyperref Info: Hyper figures OFF on input line 4137.
Package hyperref Info: Link nesting OFF on input line 4142.
Package hyperref Info: Hyper index ON on input line 4145.
Package hyperref Info: Plain pages OFF on input line 4152.
Package hyperref Info: Backreferencing OFF on input line 4157.
Package hyperref Info: Implicit mode ON; LaTeX internals redefined.
Package hyperref Info: Bookmarks ON on input line 4390.
\c@Hy@tempcnt=\count301

(/nix/store/rxl4n0aqcd43pdl07a7n4v21cg4p6wwh-texlive-combined-2021/share/texmf/
tex/latex/url/url.sty
\Urlmuskip=\muskip17
Package: url 2013/09/16  ver 3.4  Verb mode for urls, etc.
)
LaTeX Info: Redefining \url on input line 4749.
\XeTeXLinkMargin=\dimen188

(/nix/store/rxl4n0aqcd43pdl07a7n4v21cg4p6wwh-texlive-combined-2021/share/texmf/
tex/generic/bitset/bitset.sty
Package: bitset 2019/12/09 v1.3 Handle bit-vector datatype (HO)

(/nix/store/rxl4n0aqcd43pdl07a7n4v21cg4p6wwh-texlive-combined-2021/share/texmf/
tex/generic/bigintcalc/bigintcalc.sty
Package: bigintcalc 2019/12/15 v1.5 Expandable calculations on big integers (HO
)
))
\Fld@menulength=\count302
\Field@Width=\dimen189
\Fld@charsize=\dimen190
Package hyperref Info: Hyper figures OFF on input line 6027.
Package hyperref Info: Link nesting OFF on input line 6032.
Package hyperref Info: Hyper index ON on input line 6035.
Package hyperref Info: backreferencing OFF on input line 6042.
Package hyperref Info: Link coloring ON on input line 6045.
Package hyperref Info: Link coloring with OCG OFF on input line 6052.
Package hyperref Info: PDF/A mode OFF on input line 6057.
LaTeX Info: Redefining \ref on input line 6097.
LaTeX Info: Redefining \pageref on input line 6101.

(/nix/store/rxl4n0aqcd43pdl07a7n4v21cg4p6wwh-texlive-combined-2021/share/texmf/
tex/latex/base/atbegshi-ltx.sty
Package: atbegshi-ltx 2021/01/10 v1.0c Emulation of the original atbegshi
package with kernel methods
)
\Hy@abspage=\count303
\c@Item=\count304
\c@Hfootnote=\count305
)
Package hyperref Info: Driver (autodetected): hpdftex.

(/nix/store/rxl4n0aqcd43pdl07a7n4v21cg4p6wwh-texlive-combined-2021/share/texmf/
tex/latex/hyperref/hpdftex.def
File: hpdftex.def 2022-02-21 v7.00n Hyperref driver for pdfTeX

(/nix/store/rxl4n0aqcd43pdl07a7n4v21cg4p6wwh-texlive-combined-2021/share/texmf/
tex/latex/base/atveryend-ltx.sty
Package: atveryend-ltx 2020/08/19 v1.0a Emulation of the original atveryend pac
kage
with kernel methods
)
\Fld@listcount=\count306
\c@bookmark@seq@number=\count307

(/nix/store/rxl4n0aqcd43pdl07a7n4v21cg4p6wwh-texlive-combined-2021/share/texmf/
tex/latex/rerunfilecheck/rerunfilecheck.sty
Package: rerunfilecheck 2019/12/05 v1.9 Rerun checks for auxiliary files (HO)

(/nix/store/rxl4n0aqcd43pdl07a7n4v21cg4p6wwh-texlive-combined-2021/share/texmf/
tex/generic/uniquecounter/uniquecounter.sty
Package: uniquecounter 2019/12/15 v1.4 Provide unlimited unique counter (HO)
)
Package uniquecounter Info: New unique counter `rerunfilecheck' on input line 2
86.
)
\Hy@SectionHShift=\skip76
)
(/nix/store/rxl4n0aqcd43pdl07a7n4v21cg4p6wwh-texlive-combined-2021/share/texmf/
tex/generic/ulem/ulem.sty
\UL@box=\box64
\UL@hyphenbox=\box65
\UL@skip=\skip77
\UL@hook=\toks42
\UL@height=\dimen191
\UL@pe=\count308
\UL@pixel=\dimen192
\ULC@box=\box66
Package: ulem 2019/11/18
\ULdepth=\dimen193
)
(/nix/store/rxl4n0aqcd43pdl07a7n4v21cg4p6wwh-texlive-combined-2021/share/texmf/
tex/latex/appendix/appendix.sty
Package: appendix 2020/02/08 v1.2c extra appendix facilities
\c@@pps=\count309
\c@@ppsavesec=\count310
\c@@ppsaveapp=\count311
)
(/nix/store/rxl4n0aqcd43pdl07a7n4v21cg4p6wwh-texlive-combined-2021/share/texmf/
tex/latex/biblatex/biblatex.sty
Package: biblatex 2022/02/02 v3.17 programmable bibliographies (PK/MW)

(/nix/store/rxl4n0aqcd43pdl07a7n4v21cg4p6wwh-texlive-combined-2021/share/texmf/
tex/latex/logreq/logreq.sty
Package: logreq 2010/08/04 v1.0 xml request logger
\lrq@indent=\count312

(/nix/store/rxl4n0aqcd43pdl07a7n4v21cg4p6wwh-texlive-combined-2021/share/texmf/
tex/latex/logreq/logreq.def
File: logreq.def 2010/08/04 v1.0 logreq spec v1.0
))
\c@tabx@nest=\count313
\c@listtotal=\count314
\c@listcount=\count315
\c@liststart=\count316
\c@liststop=\count317
\c@citecount=\count318
\c@citetotal=\count319
\c@multicitecount=\count320
\c@multicitetotal=\count321
\c@instcount=\count322
\c@maxnames=\count323
\c@minnames=\count324
\c@maxitems=\count325
\c@minitems=\count326
\c@citecounter=\count327
\c@maxcitecounter=\count328
\c@savedcitecounter=\count329
\c@uniquelist=\count330
\c@uniquename=\count331
\c@refsection=\count332
\c@refsegment=\count333
\c@maxextratitle=\count334
\c@maxextratitleyear=\count335
\c@maxextraname=\count336
\c@maxextradate=\count337
\c@maxextraalpha=\count338
\c@abbrvpenalty=\count339
\c@highnamepenalty=\count340
\c@lownamepenalty=\count341
\c@maxparens=\count342
\c@parenlevel=\count343
\blx@tempcnta=\count344
\blx@tempcntb=\count345
\blx@tempcntc=\count346
\c@blx@maxsection=\count347
\c@blx@maxsegment@0=\count348
\blx@notetype=\count349
\blx@parenlevel@text=\count350
\blx@parenlevel@foot=\count351
\c@blx@sectionciteorder@0=\count352
\blx@entrysetcounter=\count353
\blx@biblioinstance=\count354
\labelnumberwidth=\skip78
\labelalphawidth=\skip79
\biblabelsep=\skip80
\bibitemsep=\skip81
\bibnamesep=\skip82
\bibinitsep=\skip83
\bibparsep=\skip84
\bibhang=\skip85
\blx@bcfin=\read4
\blx@bcfout=\write4
\blx@langwohyphens=\language3
\c@mincomprange=\count355
\c@maxcomprange=\count356
\c@mincompwidth=\count357
Package biblatex Info: Trying to load biblatex default data model...
Package biblatex Info: ... file 'blx-dm.def' found.

(/nix/store/rxl4n0aqcd43pdl07a7n4v21cg4p6wwh-texlive-combined-2021/share/texmf/
tex/latex/biblatex/blx-dm.def
File: blx-dm.def 2022/02/02 v3.17 biblatex localization (PK/MW)
)
Package biblatex Info: Trying to load biblatex style data model...
Package biblatex Info: ... file 'authoryear-comp.dbx' not found.
Package biblatex Info: Trying to load biblatex custom data model...
Package biblatex Info: ... file 'biblatex-dm.cfg' not found.
\c@afterword=\count358
\c@savedafterword=\count359
\c@annotator=\count360
\c@savedannotator=\count361
\c@author=\count362
\c@savedauthor=\count363
\c@bookauthor=\count364
\c@savedbookauthor=\count365
\c@commentator=\count366
\c@savedcommentator=\count367
\c@editor=\count368
\c@savededitor=\count369
\c@editora=\count370
\c@savededitora=\count371
\c@editorb=\count372
\c@savededitorb=\count373
\c@editorc=\count374
\c@savededitorc=\count375
\c@foreword=\count376
\c@savedforeword=\count377
\c@holder=\count378
\c@savedholder=\count379
\c@introduction=\count380
\c@savedintroduction=\count381
\c@namea=\count382
\c@savednamea=\count383
\c@nameb=\count384
\c@savednameb=\count385
\c@namec=\count386
\c@savednamec=\count387
\c@translator=\count388
\c@savedtranslator=\count389
\c@shortauthor=\count390
\c@savedshortauthor=\count391
\c@shorteditor=\count392
\c@savedshorteditor=\count393
\c@labelname=\count394
\c@savedlabelname=\count395
\c@institution=\count396
\c@savedinstitution=\count397
\c@lista=\count398
\c@savedlista=\count399
\c@listb=\count400
\c@savedlistb=\count401
\c@listc=\count402
\c@savedlistc=\count403
\c@listd=\count404
\c@savedlistd=\count405
\c@liste=\count406
\c@savedliste=\count407
\c@listf=\count408
\c@savedlistf=\count409
\c@location=\count410
\c@savedlocation=\count411
\c@organization=\count412
\c@savedorganization=\count413
\c@origlocation=\count414
\c@savedoriglocation=\count415
\c@origpublisher=\count416
\c@savedorigpublisher=\count417
\c@publisher=\count418
\c@savedpublisher=\count419
\c@language=\count420
\c@savedlanguage=\count421
\c@origlanguage=\count422
\c@savedoriglanguage=\count423
\c@pageref=\count424
\c@savedpageref=\count425
\shorthandwidth=\skip86
\shortjournalwidth=\skip87
\shortserieswidth=\skip88
\shorttitlewidth=\skip89
\shortauthorwidth=\skip90
\shorteditorwidth=\skip91
\locallabelnumberwidth=\skip92
\locallabelalphawidth=\skip93
\localshorthandwidth=\skip94
\localshortjournalwidth=\skip95
\localshortserieswidth=\skip96
\localshorttitlewidth=\skip97
\localshortauthorwidth=\skip98
\localshorteditorwidth=\skip99
Package biblatex Info: Trying to load compatibility code...
Package biblatex Info: ... file 'blx-compat.def' found.

(/nix/store/rxl4n0aqcd43pdl07a7n4v21cg4p6wwh-texlive-combined-2021/share/texmf/
tex/latex/biblatex/blx-compat.def
File: blx-compat.def 2022/02/02 v3.17 biblatex compatibility (PK/MW)
)
Package biblatex Info: Trying to load generic definitions...
Package biblatex Info: ... file 'biblatex.def' found.

(/nix/store/rxl4n0aqcd43pdl07a7n4v21cg4p6wwh-texlive-combined-2021/share/texmf/
tex/latex/biblatex/biblatex.def
File: biblatex.def 2022/02/02 v3.17 biblatex compatibility (PK/MW)
\c@textcitecount=\count426
\c@textcitetotal=\count427
\c@textcitemaxnames=\count428
\c@biburlbigbreakpenalty=\count429
\c@biburlbreakpenalty=\count430
\c@biburlnumpenalty=\count431
\c@biburlucpenalty=\count432
\c@biburllcpenalty=\count433
\biburlbigskip=\muskip18
\biburlnumskip=\muskip19
\biburlucskip=\muskip20
\biburllcskip=\muskip21
\c@smartand=\count434
)
Package biblatex Info: Trying to load bibliography style 'authoryear-comp'...
Package biblatex Info: ... file 'authoryear-comp.bbx' found.

(/nix/store/rxl4n0aqcd43pdl07a7n4v21cg4p6wwh-texlive-combined-2021/share/texmf/
tex/latex/biblatex/bbx/authoryear-comp.bbx
File: authoryear-comp.bbx 2022/02/02 v3.17 biblatex bibliography style (PK/MW)
Package biblatex Info: Trying to load bibliography style 'authoryear'...
Package biblatex Info: ... file 'authoryear.bbx' found.

(/nix/store/rxl4n0aqcd43pdl07a7n4v21cg4p6wwh-texlive-combined-2021/share/texmf/
tex/latex/biblatex/bbx/authoryear.bbx
File: authoryear.bbx 2022/02/02 v3.17 biblatex bibliography style (PK/MW)
Package biblatex Info: Trying to load bibliography style 'standard'...
Package biblatex Info: ... file 'standard.bbx' found.

(/nix/store/rxl4n0aqcd43pdl07a7n4v21cg4p6wwh-texlive-combined-2021/share/texmf/
tex/latex/biblatex/bbx/standard.bbx
File: standard.bbx 2022/02/02 v3.17 biblatex bibliography style (PK/MW)
\c@bbx:relatedcount=\count435
\c@bbx:relatedtotal=\count436
)))
Package biblatex Info: Trying to load citation style 'authoryear-comp'...
Package biblatex Info: ... file 'authoryear-comp.cbx' found.

(/nix/store/rxl4n0aqcd43pdl07a7n4v21cg4p6wwh-texlive-combined-2021/share/texmf/
tex/latex/biblatex/cbx/authoryear-comp.cbx
File: authoryear-comp.cbx 2022/02/02 v3.17 biblatex citation style (PK/MW)
Package biblatex Info: Redefining '\cite'.
Package biblatex Info: Redefining '\parencite'.
Package biblatex Info: Redefining '\footcite'.
Package biblatex Info: Redefining '\footcitetext'.
Package biblatex Info: Redefining '\smartcite'.
Package biblatex Info: Redefining '\textcite'.
Package biblatex Info: Redefining '\textcites'.
Package biblatex Info: Redefining '\cites'.
Package biblatex Info: Redefining '\parencites'.
Package biblatex Info: Redefining '\footcites'.
Package biblatex Info: Redefining '\footcitetexts'.
Package biblatex Info: Redefining '\smartcites'.
)
Package biblatex Info: Trying to load configuration file...
Package biblatex Info: ... file 'biblatex.cfg' found.

(/nix/store/rxl4n0aqcd43pdl07a7n4v21cg4p6wwh-texlive-combined-2021/share/texmf/
tex/latex/biblatex/biblatex.cfg
File: biblatex.cfg 
)
Package biblatex Info: Input encoding 'utf8' detected.
Package biblatex Info: Document encoding is UTF8 ....

(/nix/store/rxl4n0aqcd43pdl07a7n4v21cg4p6wwh-texlive-combined-2021/share/texmf/
tex/latex/l3kernel/expl3.sty
Package: expl3 2022-02-24 L3 programming layer (loader) 

(/nix/store/rxl4n0aqcd43pdl07a7n4v21cg4p6wwh-texlive-combined-2021/share/texmf/
tex/latex/l3backend/l3backend-pdftex.def
File: l3backend-pdftex.def 2022-02-07 L3 backend support: PDF output (pdfTeX)
\l__color_backend_stack_int=\count437
\l__pdf_internal_box=\box67
))
Package biblatex Info: ... and expl3
(biblatex)             2022-02-24 L3 programming layer (loader) 
(biblatex)             is new enough (at least 2020/04/06),
(biblatex)             setting 'casechanger=expl3'.

(/nix/store/rxl4n0aqcd43pdl07a7n4v21cg4p6wwh-texlive-combined-2021/share/texmf/
tex/latex/biblatex/blx-case-expl3.sty
(/nix/store/rxl4n0aqcd43pdl07a7n4v21cg4p6wwh-texlive-combined-2021/share/texmf/
tex/latex/l3packages/xparse/xparse.sty
Package: xparse 2022-01-12 L3 Experimental document command parser
)
Package: blx-case-expl3 2022/02/02 v3.17 expl3 case changing code for biblatex
))
(/nix/store/rxl4n0aqcd43pdl07a7n4v21cg4p6wwh-texlive-combined-2021/share/texmf/
tex/latex/bussproofs/bussproofs.sty
Proof Tree (bussproofs) style macros. Version 1.1.
\theLevel=\count438
\myMaxLevel=\count439
\myBoxA=\box68
\myBoxB=\box69
\myBoxC=\box70
\myBoxD=\box71
\myBoxLL=\box72
\myBoxRL=\box73
\thisAboveSkip=\dimen194
\thisBelowSkip=\dimen195
\newScoreStart=\dimen196
\newScoreEnd=\dimen197
\newCenter=\dimen198
\displace=\dimen199
\leftLowerAmt=\dimen256
\rightLowerAmt=\dimen257
\scoreHeight=\dimen258
\scoreDepth=\dimen259
\htLbox=\dimen260
\htRbox=\dimen261
\htRRbox=\dimen262
\htRRRbox=\dimen263
\htAbox=\dimen264
\htCbox=\dimen265
)
(/nix/store/rxl4n0aqcd43pdl07a7n4v21cg4p6wwh-texlive-combined-2021/share/texmf/
tex/latex/forest/forest.sty
Package: forest 2017/07/14 v2.1.5 Drawing (linguistic) trees

(/nix/store/rxl4n0aqcd43pdl07a7n4v21cg4p6wwh-texlive-combined-2021/share/texmf/
tex/latex/pgf/frontendlayer/tikz.sty
(/nix/store/rxl4n0aqcd43pdl07a7n4v21cg4p6wwh-texlive-combined-2021/share/texmf/
tex/latex/pgf/basiclayer/pgf.sty
(/nix/store/rxl4n0aqcd43pdl07a7n4v21cg4p6wwh-texlive-combined-2021/share/texmf/
tex/latex/pgf/utilities/pgfrcs.sty
(/nix/store/rxl4n0aqcd43pdl07a7n4v21cg4p6wwh-texlive-combined-2021/share/texmf/
tex/generic/pgf/utilities/pgfutil-common.tex
\pgfutil@everybye=\toks43
\pgfutil@tempdima=\dimen266
\pgfutil@tempdimb=\dimen267

(/nix/store/rxl4n0aqcd43pdl07a7n4v21cg4p6wwh-texlive-combined-2021/share/texmf/
tex/generic/pgf/utilities/pgfutil-common-lists.tex))
(/nix/store/rxl4n0aqcd43pdl07a7n4v21cg4p6wwh-texlive-combined-2021/share/texmf/
tex/generic/pgf/utilities/pgfutil-latex.def
\pgfutil@abb=\box74
)
(/nix/store/rxl4n0aqcd43pdl07a7n4v21cg4p6wwh-texlive-combined-2021/share/texmf/
tex/generic/pgf/utilities/pgfrcs.code.tex
(/nix/store/rxl4n0aqcd43pdl07a7n4v21cg4p6wwh-texlive-combined-2021/share/texmf/
tex/generic/pgf/pgf.revision.tex)
Package: pgfrcs 2021/05/15 v3.1.9a (3.1.9a)
))
Package: pgf 2021/05/15 v3.1.9a (3.1.9a)

(/nix/store/rxl4n0aqcd43pdl07a7n4v21cg4p6wwh-texlive-combined-2021/share/texmf/
tex/latex/pgf/basiclayer/pgfcore.sty
(/nix/store/rxl4n0aqcd43pdl07a7n4v21cg4p6wwh-texlive-combined-2021/share/texmf/
tex/latex/pgf/systemlayer/pgfsys.sty
(/nix/store/rxl4n0aqcd43pdl07a7n4v21cg4p6wwh-texlive-combined-2021/share/texmf/
tex/generic/pgf/systemlayer/pgfsys.code.tex
Package: pgfsys 2021/05/15 v3.1.9a (3.1.9a)

(/nix/store/rxl4n0aqcd43pdl07a7n4v21cg4p6wwh-texlive-combined-2021/share/texmf/
tex/generic/pgf/utilities/pgfkeys.code.tex
\pgfkeys@pathtoks=\toks44
\pgfkeys@temptoks=\toks45

(/nix/store/rxl4n0aqcd43pdl07a7n4v21cg4p6wwh-texlive-combined-2021/share/texmf/
tex/generic/pgf/utilities/pgfkeysfiltered.code.tex
\pgfkeys@tmptoks=\toks46
))
\pgf@x=\dimen268
\pgf@y=\dimen269
\pgf@xa=\dimen270
\pgf@ya=\dimen271
\pgf@xb=\dimen272
\pgf@yb=\dimen273
\pgf@xc=\dimen274
\pgf@yc=\dimen275
\pgf@xd=\dimen276
\pgf@yd=\dimen277
\w@pgf@writea=\write5
\r@pgf@reada=\read5
\c@pgf@counta=\count440
\c@pgf@countb=\count441
\c@pgf@countc=\count442
\c@pgf@countd=\count443
\t@pgf@toka=\toks47
\t@pgf@tokb=\toks48
\t@pgf@tokc=\toks49
\pgf@sys@id@count=\count444

(/nix/store/rxl4n0aqcd43pdl07a7n4v21cg4p6wwh-texlive-combined-2021/share/texmf/
tex/generic/pgf/systemlayer/pgf.cfg
File: pgf.cfg 2021/05/15 v3.1.9a (3.1.9a)
)
Driver file for pgf: pgfsys-pdftex.def

(/nix/store/rxl4n0aqcd43pdl07a7n4v21cg4p6wwh-texlive-combined-2021/share/texmf/
tex/generic/pgf/systemlayer/pgfsys-pdftex.def
File: pgfsys-pdftex.def 2021/05/15 v3.1.9a (3.1.9a)

(/nix/store/rxl4n0aqcd43pdl07a7n4v21cg4p6wwh-texlive-combined-2021/share/texmf/
tex/generic/pgf/systemlayer/pgfsys-common-pdf.def
File: pgfsys-common-pdf.def 2021/05/15 v3.1.9a (3.1.9a)
)))
(/nix/store/rxl4n0aqcd43pdl07a7n4v21cg4p6wwh-texlive-combined-2021/share/texmf/
tex/generic/pgf/systemlayer/pgfsyssoftpath.code.tex
File: pgfsyssoftpath.code.tex 2021/05/15 v3.1.9a (3.1.9a)
\pgfsyssoftpath@smallbuffer@items=\count445
\pgfsyssoftpath@bigbuffer@items=\count446
)
(/nix/store/rxl4n0aqcd43pdl07a7n4v21cg4p6wwh-texlive-combined-2021/share/texmf/
tex/generic/pgf/systemlayer/pgfsysprotocol.code.tex
File: pgfsysprotocol.code.tex 2021/05/15 v3.1.9a (3.1.9a)
))
(/nix/store/rxl4n0aqcd43pdl07a7n4v21cg4p6wwh-texlive-combined-2021/share/texmf/
tex/generic/pgf/basiclayer/pgfcore.code.tex
Package: pgfcore 2021/05/15 v3.1.9a (3.1.9a)

(/nix/store/rxl4n0aqcd43pdl07a7n4v21cg4p6wwh-texlive-combined-2021/share/texmf/
tex/generic/pgf/math/pgfmath.code.tex
(/nix/store/rxl4n0aqcd43pdl07a7n4v21cg4p6wwh-texlive-combined-2021/share/texmf/
tex/generic/pgf/math/pgfmathcalc.code.tex
(/nix/store/rxl4n0aqcd43pdl07a7n4v21cg4p6wwh-texlive-combined-2021/share/texmf/
tex/generic/pgf/math/pgfmathutil.code.tex)
(/nix/store/rxl4n0aqcd43pdl07a7n4v21cg4p6wwh-texlive-combined-2021/share/texmf/
tex/generic/pgf/math/pgfmathparser.code.tex
\pgfmath@dimen=\dimen278
\pgfmath@count=\count447
\pgfmath@box=\box75
\pgfmath@toks=\toks50
\pgfmath@stack@operand=\toks51
\pgfmath@stack@operation=\toks52
)
(/nix/store/rxl4n0aqcd43pdl07a7n4v21cg4p6wwh-texlive-combined-2021/share/texmf/
tex/generic/pgf/math/pgfmathfunctions.code.tex
(/nix/store/rxl4n0aqcd43pdl07a7n4v21cg4p6wwh-texlive-combined-2021/share/texmf/
tex/generic/pgf/math/pgfmathfunctions.basic.code.tex)
(/nix/store/rxl4n0aqcd43pdl07a7n4v21cg4p6wwh-texlive-combined-2021/share/texmf/
tex/generic/pgf/math/pgfmathfunctions.trigonometric.code.tex)
(/nix/store/rxl4n0aqcd43pdl07a7n4v21cg4p6wwh-texlive-combined-2021/share/texmf/
tex/generic/pgf/math/pgfmathfunctions.random.code.tex)
(/nix/store/rxl4n0aqcd43pdl07a7n4v21cg4p6wwh-texlive-combined-2021/share/texmf/
tex/generic/pgf/math/pgfmathfunctions.comparison.code.tex)
(/nix/store/rxl4n0aqcd43pdl07a7n4v21cg4p6wwh-texlive-combined-2021/share/texmf/
tex/generic/pgf/math/pgfmathfunctions.base.code.tex)
(/nix/store/rxl4n0aqcd43pdl07a7n4v21cg4p6wwh-texlive-combined-2021/share/texmf/
tex/generic/pgf/math/pgfmathfunctions.round.code.tex)
(/nix/store/rxl4n0aqcd43pdl07a7n4v21cg4p6wwh-texlive-combined-2021/share/texmf/
tex/generic/pgf/math/pgfmathfunctions.misc.code.tex)
(/nix/store/rxl4n0aqcd43pdl07a7n4v21cg4p6wwh-texlive-combined-2021/share/texmf/
tex/generic/pgf/math/pgfmathfunctions.integerarithmetics.code.tex)))
(/nix/store/rxl4n0aqcd43pdl07a7n4v21cg4p6wwh-texlive-combined-2021/share/texmf/
tex/generic/pgf/math/pgfmathfloat.code.tex
\c@pgfmathroundto@lastzeros=\count448
))
(/nix/store/rxl4n0aqcd43pdl07a7n4v21cg4p6wwh-texlive-combined-2021/share/texmf/
tex/generic/pgf/math/pgfint.code.tex)
(/nix/store/rxl4n0aqcd43pdl07a7n4v21cg4p6wwh-texlive-combined-2021/share/texmf/
tex/generic/pgf/basiclayer/pgfcorepoints.code.tex
File: pgfcorepoints.code.tex 2021/05/15 v3.1.9a (3.1.9a)
\pgf@picminx=\dimen279
\pgf@picmaxx=\dimen280
\pgf@picminy=\dimen281
\pgf@picmaxy=\dimen282
\pgf@pathminx=\dimen283
\pgf@pathmaxx=\dimen284
\pgf@pathminy=\dimen285
\pgf@pathmaxy=\dimen286
\pgf@xx=\dimen287
\pgf@xy=\dimen288
\pgf@yx=\dimen289
\pgf@yy=\dimen290
\pgf@zx=\dimen291
\pgf@zy=\dimen292
)
(/nix/store/rxl4n0aqcd43pdl07a7n4v21cg4p6wwh-texlive-combined-2021/share/texmf/
tex/generic/pgf/basiclayer/pgfcorepathconstruct.code.tex
File: pgfcorepathconstruct.code.tex 2021/05/15 v3.1.9a (3.1.9a)
\pgf@path@lastx=\dimen293
\pgf@path@lasty=\dimen294
)
(/nix/store/rxl4n0aqcd43pdl07a7n4v21cg4p6wwh-texlive-combined-2021/share/texmf/
tex/generic/pgf/basiclayer/pgfcorepathusage.code.tex
File: pgfcorepathusage.code.tex 2021/05/15 v3.1.9a (3.1.9a)
\pgf@shorten@end@additional=\dimen295
\pgf@shorten@start@additional=\dimen296
)
(/nix/store/rxl4n0aqcd43pdl07a7n4v21cg4p6wwh-texlive-combined-2021/share/texmf/
tex/generic/pgf/basiclayer/pgfcorescopes.code.tex
File: pgfcorescopes.code.tex 2021/05/15 v3.1.9a (3.1.9a)
\pgfpic=\box76
\pgf@hbox=\box77
\pgf@layerbox@main=\box78
\pgf@picture@serial@count=\count449
)
(/nix/store/rxl4n0aqcd43pdl07a7n4v21cg4p6wwh-texlive-combined-2021/share/texmf/
tex/generic/pgf/basiclayer/pgfcoregraphicstate.code.tex
File: pgfcoregraphicstate.code.tex 2021/05/15 v3.1.9a (3.1.9a)
\pgflinewidth=\dimen297
)
(/nix/store/rxl4n0aqcd43pdl07a7n4v21cg4p6wwh-texlive-combined-2021/share/texmf/
tex/generic/pgf/basiclayer/pgfcoretransformations.code.tex
File: pgfcoretransformations.code.tex 2021/05/15 v3.1.9a (3.1.9a)
\pgf@pt@x=\dimen298
\pgf@pt@y=\dimen299
\pgf@pt@temp=\dimen300
)
(/nix/store/rxl4n0aqcd43pdl07a7n4v21cg4p6wwh-texlive-combined-2021/share/texmf/
tex/generic/pgf/basiclayer/pgfcorequick.code.tex
File: pgfcorequick.code.tex 2021/05/15 v3.1.9a (3.1.9a)
)
(/nix/store/rxl4n0aqcd43pdl07a7n4v21cg4p6wwh-texlive-combined-2021/share/texmf/
tex/generic/pgf/basiclayer/pgfcoreobjects.code.tex
File: pgfcoreobjects.code.tex 2021/05/15 v3.1.9a (3.1.9a)
)
(/nix/store/rxl4n0aqcd43pdl07a7n4v21cg4p6wwh-texlive-combined-2021/share/texmf/
tex/generic/pgf/basiclayer/pgfcorepathprocessing.code.tex
File: pgfcorepathprocessing.code.tex 2021/05/15 v3.1.9a (3.1.9a)
)
(/nix/store/rxl4n0aqcd43pdl07a7n4v21cg4p6wwh-texlive-combined-2021/share/texmf/
tex/generic/pgf/basiclayer/pgfcorearrows.code.tex
File: pgfcorearrows.code.tex 2021/05/15 v3.1.9a (3.1.9a)
\pgfarrowsep=\dimen301
)
(/nix/store/rxl4n0aqcd43pdl07a7n4v21cg4p6wwh-texlive-combined-2021/share/texmf/
tex/generic/pgf/basiclayer/pgfcoreshade.code.tex
File: pgfcoreshade.code.tex 2021/05/15 v3.1.9a (3.1.9a)
\pgf@max=\dimen302
\pgf@sys@shading@range@num=\count450
\pgf@shadingcount=\count451
)
(/nix/store/rxl4n0aqcd43pdl07a7n4v21cg4p6wwh-texlive-combined-2021/share/texmf/
tex/generic/pgf/basiclayer/pgfcoreimage.code.tex
File: pgfcoreimage.code.tex 2021/05/15 v3.1.9a (3.1.9a)

(/nix/store/rxl4n0aqcd43pdl07a7n4v21cg4p6wwh-texlive-combined-2021/share/texmf/
tex/generic/pgf/basiclayer/pgfcoreexternal.code.tex
File: pgfcoreexternal.code.tex 2021/05/15 v3.1.9a (3.1.9a)
\pgfexternal@startupbox=\box79
))
(/nix/store/rxl4n0aqcd43pdl07a7n4v21cg4p6wwh-texlive-combined-2021/share/texmf/
tex/generic/pgf/basiclayer/pgfcorelayers.code.tex
File: pgfcorelayers.code.tex 2021/05/15 v3.1.9a (3.1.9a)
)
(/nix/store/rxl4n0aqcd43pdl07a7n4v21cg4p6wwh-texlive-combined-2021/share/texmf/
tex/generic/pgf/basiclayer/pgfcoretransparency.code.tex
File: pgfcoretransparency.code.tex 2021/05/15 v3.1.9a (3.1.9a)
)
(/nix/store/rxl4n0aqcd43pdl07a7n4v21cg4p6wwh-texlive-combined-2021/share/texmf/
tex/generic/pgf/basiclayer/pgfcorepatterns.code.tex
File: pgfcorepatterns.code.tex 2021/05/15 v3.1.9a (3.1.9a)
)
(/nix/store/rxl4n0aqcd43pdl07a7n4v21cg4p6wwh-texlive-combined-2021/share/texmf/
tex/generic/pgf/basiclayer/pgfcorerdf.code.tex
File: pgfcorerdf.code.tex 2021/05/15 v3.1.9a (3.1.9a)
)))
(/nix/store/rxl4n0aqcd43pdl07a7n4v21cg4p6wwh-texlive-combined-2021/share/texmf/
tex/generic/pgf/modules/pgfmoduleshapes.code.tex
File: pgfmoduleshapes.code.tex 2021/05/15 v3.1.9a (3.1.9a)
\pgfnodeparttextbox=\box80
)
(/nix/store/rxl4n0aqcd43pdl07a7n4v21cg4p6wwh-texlive-combined-2021/share/texmf/
tex/generic/pgf/modules/pgfmoduleplot.code.tex
File: pgfmoduleplot.code.tex 2021/05/15 v3.1.9a (3.1.9a)
)
(/nix/store/rxl4n0aqcd43pdl07a7n4v21cg4p6wwh-texlive-combined-2021/share/texmf/
tex/latex/pgf/compatibility/pgfcomp-version-0-65.sty
Package: pgfcomp-version-0-65 2021/05/15 v3.1.9a (3.1.9a)
\pgf@nodesepstart=\dimen303
\pgf@nodesepend=\dimen304
)
(/nix/store/rxl4n0aqcd43pdl07a7n4v21cg4p6wwh-texlive-combined-2021/share/texmf/
tex/latex/pgf/compatibility/pgfcomp-version-1-18.sty
Package: pgfcomp-version-1-18 2021/05/15 v3.1.9a (3.1.9a)
))
(/nix/store/rxl4n0aqcd43pdl07a7n4v21cg4p6wwh-texlive-combined-2021/share/texmf/
tex/latex/pgf/utilities/pgffor.sty
(/nix/store/rxl4n0aqcd43pdl07a7n4v21cg4p6wwh-texlive-combined-2021/share/texmf/
tex/latex/pgf/utilities/pgfkeys.sty
(/nix/store/rxl4n0aqcd43pdl07a7n4v21cg4p6wwh-texlive-combined-2021/share/texmf/
tex/generic/pgf/utilities/pgfkeys.code.tex))
(/nix/store/rxl4n0aqcd43pdl07a7n4v21cg4p6wwh-texlive-combined-2021/share/texmf/
tex/latex/pgf/math/pgfmath.sty
(/nix/store/rxl4n0aqcd43pdl07a7n4v21cg4p6wwh-texlive-combined-2021/share/texmf/
tex/generic/pgf/math/pgfmath.code.tex))
(/nix/store/rxl4n0aqcd43pdl07a7n4v21cg4p6wwh-texlive-combined-2021/share/texmf/
tex/generic/pgf/utilities/pgffor.code.tex
Package: pgffor 2021/05/15 v3.1.9a (3.1.9a)

(/nix/store/rxl4n0aqcd43pdl07a7n4v21cg4p6wwh-texlive-combined-2021/share/texmf/
tex/generic/pgf/math/pgfmath.code.tex)
\pgffor@iter=\dimen305
\pgffor@skip=\dimen306
\pgffor@stack=\toks53
\pgffor@toks=\toks54
))
(/nix/store/rxl4n0aqcd43pdl07a7n4v21cg4p6wwh-texlive-combined-2021/share/texmf/
tex/generic/pgf/frontendlayer/tikz/tikz.code.tex
Package: tikz 2021/05/15 v3.1.9a (3.1.9a)

(/nix/store/rxl4n0aqcd43pdl07a7n4v21cg4p6wwh-texlive-combined-2021/share/texmf/
tex/generic/pgf/libraries/pgflibraryplothandlers.code.tex
File: pgflibraryplothandlers.code.tex 2021/05/15 v3.1.9a (3.1.9a)
\pgf@plot@mark@count=\count452
\pgfplotmarksize=\dimen307
)
\tikz@lastx=\dimen308
\tikz@lasty=\dimen309
\tikz@lastxsaved=\dimen310
\tikz@lastysaved=\dimen311
\tikz@lastmovetox=\dimen312
\tikz@lastmovetoy=\dimen313
\tikzleveldistance=\dimen314
\tikzsiblingdistance=\dimen315
\tikz@figbox=\box81
\tikz@figbox@bg=\box82
\tikz@tempbox=\box83
\tikz@tempbox@bg=\box84
\tikztreelevel=\count453
\tikznumberofchildren=\count454
\tikznumberofcurrentchild=\count455
\tikz@fig@count=\count456

(/nix/store/rxl4n0aqcd43pdl07a7n4v21cg4p6wwh-texlive-combined-2021/share/texmf/
tex/generic/pgf/modules/pgfmodulematrix.code.tex
File: pgfmodulematrix.code.tex 2021/05/15 v3.1.9a (3.1.9a)
\pgfmatrixcurrentrow=\count457
\pgfmatrixcurrentcolumn=\count458
\pgf@matrix@numberofcolumns=\count459
)
\tikz@expandcount=\count460

(/nix/store/rxl4n0aqcd43pdl07a7n4v21cg4p6wwh-texlive-combined-2021/share/texmf/
tex/generic/pgf/frontendlayer/tikz/libraries/tikzlibrarytopaths.code.tex
File: tikzlibrarytopaths.code.tex 2021/05/15 v3.1.9a (3.1.9a)
)))
(/nix/store/rxl4n0aqcd43pdl07a7n4v21cg4p6wwh-texlive-combined-2021/share/texmf/
tex/generic/pgf/frontendlayer/tikz/libraries/tikzlibraryshapes.code.tex
File: tikzlibraryshapes.code.tex 2021/05/15 v3.1.9a (3.1.9a)

(/nix/store/rxl4n0aqcd43pdl07a7n4v21cg4p6wwh-texlive-combined-2021/share/texmf/
tex/generic/pgf/frontendlayer/tikz/libraries/tikzlibraryshapes.geometric.code.t
ex
File: tikzlibraryshapes.geometric.code.tex 2021/05/15 v3.1.9a (3.1.9a)

(/nix/store/rxl4n0aqcd43pdl07a7n4v21cg4p6wwh-texlive-combined-2021/share/texmf/
tex/generic/pgf/libraries/shapes/pgflibraryshapes.geometric.code.tex
File: pgflibraryshapes.geometric.code.tex 2021/05/15 v3.1.9a (3.1.9a)
))
(/nix/store/rxl4n0aqcd43pdl07a7n4v21cg4p6wwh-texlive-combined-2021/share/texmf/
tex/generic/pgf/frontendlayer/tikz/libraries/tikzlibraryshapes.misc.code.tex
File: tikzlibraryshapes.misc.code.tex 2021/05/15 v3.1.9a (3.1.9a)

(/nix/store/rxl4n0aqcd43pdl07a7n4v21cg4p6wwh-texlive-combined-2021/share/texmf/
tex/generic/pgf/libraries/shapes/pgflibraryshapes.misc.code.tex
File: pgflibraryshapes.misc.code.tex 2021/05/15 v3.1.9a (3.1.9a)
))
(/nix/store/rxl4n0aqcd43pdl07a7n4v21cg4p6wwh-texlive-combined-2021/share/texmf/
tex/generic/pgf/frontendlayer/tikz/libraries/tikzlibraryshapes.symbols.code.tex
File: tikzlibraryshapes.symbols.code.tex 2021/05/15 v3.1.9a (3.1.9a)

(/nix/store/rxl4n0aqcd43pdl07a7n4v21cg4p6wwh-texlive-combined-2021/share/texmf/
tex/generic/pgf/libraries/shapes/pgflibraryshapes.symbols.code.tex
File: pgflibraryshapes.symbols.code.tex 2021/05/15 v3.1.9a (3.1.9a)
))
(/nix/store/rxl4n0aqcd43pdl07a7n4v21cg4p6wwh-texlive-combined-2021/share/texmf/
tex/generic/pgf/frontendlayer/tikz/libraries/tikzlibraryshapes.arrows.code.tex
File: tikzlibraryshapes.arrows.code.tex 2021/05/15 v3.1.9a (3.1.9a)

(/nix/store/rxl4n0aqcd43pdl07a7n4v21cg4p6wwh-texlive-combined-2021/share/texmf/
tex/generic/pgf/libraries/shapes/pgflibraryshapes.arrows.code.tex
File: pgflibraryshapes.arrows.code.tex 2021/05/15 v3.1.9a (3.1.9a)
))
(/nix/store/rxl4n0aqcd43pdl07a7n4v21cg4p6wwh-texlive-combined-2021/share/texmf/
tex/generic/pgf/frontendlayer/tikz/libraries/tikzlibraryshapes.callouts.code.te
x
(/nix/store/rxl4n0aqcd43pdl07a7n4v21cg4p6wwh-texlive-combined-2021/share/texmf/
tex/generic/pgf/libraries/shapes/pgflibraryshapes.callouts.code.tex))
(/nix/store/rxl4n0aqcd43pdl07a7n4v21cg4p6wwh-texlive-combined-2021/share/texmf/
tex/generic/pgf/frontendlayer/tikz/libraries/tikzlibraryshapes.multipart.code.t
ex
File: tikzlibraryshapes.multipart.code.tex 2021/05/15 v3.1.9a (3.1.9a)

(/nix/store/rxl4n0aqcd43pdl07a7n4v21cg4p6wwh-texlive-combined-2021/share/texmf/
tex/generic/pgf/libraries/shapes/pgflibraryshapes.multipart.code.tex
File: pgflibraryshapes.multipart.code.tex 2021/05/15 v3.1.9a (3.1.9a)
\pgfnodepartlowerbox=\box85
\pgfnodeparttwobox=\box86
\pgfnodepartthreebox=\box87
\pgfnodepartfourbox=\box88
\pgfnodeparttwentybox=\box89
\pgfnodepartnineteenbox=\box90
\pgfnodeparteighteenbox=\box91
\pgfnodepartseventeenbox=\box92
\pgfnodepartsixteenbox=\box93
\pgfnodepartfifteenbox=\box94
\pgfnodepartfourteenbox=\box95
\pgfnodepartthirteenbox=\box96
\pgfnodeparttwelvebox=\box97
\pgfnodepartelevenbox=\box98
\pgfnodeparttenbox=\box99
\pgfnodepartninebox=\box100
\pgfnodeparteightbox=\box101
\pgfnodepartsevenbox=\box102
\pgfnodepartsixbox=\box103
\pgfnodepartfivebox=\box104
)))
(/nix/store/rxl4n0aqcd43pdl07a7n4v21cg4p6wwh-texlive-combined-2021/share/texmf/
tex/generic/pgf/frontendlayer/tikz/libraries/tikzlibraryfit.code.tex
File: tikzlibraryfit.code.tex 2021/05/15 v3.1.9a (3.1.9a)
)
(/nix/store/rxl4n0aqcd43pdl07a7n4v21cg4p6wwh-texlive-combined-2021/share/texmf/
tex/generic/pgf/frontendlayer/tikz/libraries/tikzlibrarycalc.code.tex
File: tikzlibrarycalc.code.tex 2021/05/15 v3.1.9a (3.1.9a)
)
(/nix/store/rxl4n0aqcd43pdl07a7n4v21cg4p6wwh-texlive-combined-2021/share/texmf/
tex/generic/pgf/libraries/pgflibraryintersections.code.tex
(/nix/store/rxl4n0aqcd43pdl07a7n4v21cg4p6wwh-texlive-combined-2021/share/texmf/
tex/generic/pgf/libraries/pgflibraryfpu.code.tex)
\pgf@intersect@solutions=\count461
)
(/nix/store/rxl4n0aqcd43pdl07a7n4v21cg4p6wwh-texlive-combined-2021/share/texmf/
tex/latex/pgfopts/pgfopts.sty
Package: pgfopts 2014/07/10 v2.1a LaTeX package options with pgfkeys
\pgfopts@list@add@a@toks=\toks55
\pgfopts@list@add@b@toks=\toks56
)
(/nix/store/rxl4n0aqcd43pdl07a7n4v21cg4p6wwh-texlive-combined-2021/share/texmf/
tex/latex/elocalloc/elocalloc.sty
Package: elocalloc 2016/12/15 v0.03 local allocation for LaTeX 2015+ (DPC)
)
(/nix/store/rxl4n0aqcd43pdl07a7n4v21cg4p6wwh-texlive-combined-2021/share/texmf/
tex/latex/environ/environ.sty
Package: environ 2014/05/04 v0.3 A new way to define environments

(/nix/store/rxl4n0aqcd43pdl07a7n4v21cg4p6wwh-texlive-combined-2021/share/texmf/
tex/latex/trimspaces/trimspaces.sty
Package: trimspaces 2009/09/17 v1.1 Trim spaces around a token list
))
(/nix/store/rxl4n0aqcd43pdl07a7n4v21cg4p6wwh-texlive-combined-2021/share/texmf/
tex/latex/inlinedef/inlinedef.sty
Package: inlinedef 2008/07/10 v1.0 Inlined expansions within definitions
\ID@toks=\toks57
\ID@count=\count462
)
\ID@usercommands=\toks58
\safeloop@depth=\count463
\safeRKloop@depth=\count464
\forest@temp@dimen=\dimen316
\forest@temp@count=\count465
\forest@n=\count466
\forest@temp@global@count=\count467
\forest@temp@toks=\toks59
\forest@temparray@M=\count468
\forest@temparray@N=\count469
\forest@global@temparray@M=\count470
\forest@global@temparray@N=\count471
\forest@isnum@count=\count472
\forest@isdim@nonintpart=\count473
\forest@isdim@dimen=\dimen317
\forest@sort@m=\count474
\forest@sort@k=\count475
\forest@sort@p=\count476
\bracket@content=\toks60
\bracket@afterthought=\toks61
\forest@node@maxid=\count477
\forest@process@left@M=\count478
\forest@process@left@N=\count479
\forest@process@right@M=\count480
\forest@process@right@N=\count481
\forest@process@saved@M=\count482
\forest@process@saved@N=\count483
\forest@process@result@M=\count484
\forest@process@result@N=\count485
\forest@process@n=\count486
\forest@nodewalk@branch@toks=\toks62
\forest@nodewalk@shortsteps@resolution=\toks63
\forest@do@dynamics=\toks64
\forest@box=\box105
\forest@xg=\dimen318
\forest@yg=\dimen319
\forest@xs=\dimen320
\forest@ys=\dimen321
\forest@pi@toks=\toks65
\forest@segment@toks=\toks66
\forest@PIi@toks=\toks67
\forest@PIii@toks=\toks68
\forest@copy@in=\read6
\forest@copy@out=\write6
\forest@externalize@max@outer@n=\count487
\forest@externalize@inner@n=\count488
)
(/nix/store/rxl4n0aqcd43pdl07a7n4v21cg4p6wwh-texlive-combined-2021/share/texmf/
tex/latex/forest/forest-lib-linguistics.sty
Package: forest-lib-linguistics 2017/07/14 v0.1.2
\standardnodestrutbox=\box106
)
(/nix/store/rxl4n0aqcd43pdl07a7n4v21cg4p6wwh-texlive-combined-2021/share/texmf/
tex/latex/tools/tabularx.sty
Package: tabularx 2020/01/15 v2.11c `tabularx' package (DPC)

(/nix/store/rxl4n0aqcd43pdl07a7n4v21cg4p6wwh-texlive-combined-2021/share/texmf/
tex/latex/tools/array.sty
Package: array 2021/10/04 v2.5f Tabular extension package (FMi)
\col@sep=\dimen322
\ar@mcellbox=\box107
\extrarowheight=\dimen323
\NC@list=\toks69
\extratabsurround=\skip100
\backup@length=\skip101
\ar@cellbox=\box108
)
\TX@col@width=\dimen324
\TX@old@table=\dimen325
\TX@old@col=\dimen326
\TX@target=\dimen327
\TX@delta=\dimen328
\TX@cols=\count489
\TX@ftn=\toks70
)
(/nix/store/rxl4n0aqcd43pdl07a7n4v21cg4p6wwh-texlive-combined-2021/share/texmf/
tex/generic/pgf/frontendlayer/tikz/libraries/tikzlibraryarrows.code.tex
File: tikzlibraryarrows.code.tex 2021/05/15 v3.1.9a (3.1.9a)

(/nix/store/rxl4n0aqcd43pdl07a7n4v21cg4p6wwh-texlive-combined-2021/share/texmf/
tex/generic/pgf/libraries/pgflibraryarrows.code.tex
File: pgflibraryarrows.code.tex 2021/05/15 v3.1.9a (3.1.9a)
\arrowsize=\dimen329
))
(/nix/store/rxl4n0aqcd43pdl07a7n4v21cg4p6wwh-texlive-combined-2021/share/texmf/
tex/generic/pgf/libraries/pgflibraryarrows.meta.code.tex
File: pgflibraryarrows.meta.code.tex 2021/05/15 v3.1.9a (3.1.9a)
\pgfarrowinset=\dimen330
\pgfarrowlength=\dimen331
\pgfarrowwidth=\dimen332
\pgfarrowlinewidth=\dimen333
)
(/nix/store/rxl4n0aqcd43pdl07a7n4v21cg4p6wwh-texlive-combined-2021/share/texmf/
tex/generic/pgf/frontendlayer/tikz/libraries/tikzlibraryautomata.code.tex
File: tikzlibraryautomata.code.tex 2021/05/15 v3.1.9a (3.1.9a)
)
(/nix/store/rxl4n0aqcd43pdl07a7n4v21cg4p6wwh-texlive-combined-2021/share/texmf/
tex/generic/pgf/frontendlayer/tikz/libraries/tikzlibrarypositioning.code.tex
File: tikzlibrarypositioning.code.tex 2021/05/15 v3.1.9a (3.1.9a)
)
\appwidth=\skip102
\bindwidth=\skip103

(/nix/store/rxl4n0aqcd43pdl07a7n4v21cg4p6wwh-texlive-combined-2021/share/texmf/
tex/latex/newunicodechar/newunicodechar.sty
Package: newunicodechar 2018/04/08 v1.2 Defining Unicode characters
)

Package newunicodechar Warning: Redefining Unicode character; it meant
(newunicodechar)                ***  \IeC {\textlnot }  ***
(newunicodechar)                before your redefinition on input line 115.


Package newunicodechar Warning: Redefining Unicode character; it meant
(newunicodechar)                ***  \IeC {\textonesuperior }  ***
(newunicodechar)                before your redefinition on input line 116.


Package newunicodechar Warning: Redefining Unicode character; it meant
(newunicodechar)                ***  \IeC {\texttwosuperior }  ***
(newunicodechar)                before your redefinition on input line 117.


Package newunicodechar Warning: Redefining Unicode character; it meant
(newunicodechar)                ***  \IeC {\textthreesuperior }  ***
(newunicodechar)                before your redefinition on input line 118.


Package newunicodechar Warning: Redefining Unicode character; it meant
(newunicodechar)                ***  \IeC {\textperiodcentered }  ***
(newunicodechar)                before your redefinition on input line 119.


Package newunicodechar Warning: Redefining Unicode character; it meant
(newunicodechar)                ***  \IeC {\texttimes }  ***
(newunicodechar)                before your redefinition on input line 120.


Package newunicodechar Warning: Redefining Unicode character; it meant
(newunicodechar)                ***  \IeC {\textdiv }  ***
(newunicodechar)                before your redefinition on input line 121.


Package newunicodechar Warning: Redefining Unicode character; it meant
(newunicodechar)                ***  \ensuremath {\mathnormal {\pi }}  ***
(newunicodechar)                before your redefinition on input line 169.


Package newunicodechar Warning: Redefining Unicode character; it meant
(newunicodechar)                ***  \ensuremath {\mathnormal {\phi }}  ***
(newunicodechar)                before your redefinition on input line 178.


Package newunicodechar Warning: Redefining Unicode character; it meant
(newunicodechar)                ***  _i  ***
(newunicodechar)                before your redefinition on input line 181.


Package newunicodechar Warning: Redefining Unicode character; it meant
(newunicodechar)                ***  \IeC {\textdagger }  ***
(newunicodechar)                before your redefinition on input line 183.


Package newunicodechar Warning: Redefining Unicode character; it meant
(newunicodechar)                ***  _1  ***
(newunicodechar)                before your redefinition on input line 194.


Package newunicodechar Warning: Redefining Unicode character; it meant
(newunicodechar)                ***  _2  ***
(newunicodechar)                before your redefinition on input line 195.


Package newunicodechar Warning: Redefining Unicode character; it meant
(newunicodechar)                ***  _3  ***
(newunicodechar)                before your redefinition on input line 196.


Package newunicodechar Warning: Redefining Unicode character; it meant
(newunicodechar)                ***  _n  ***
(newunicodechar)                before your redefinition on input line 199.


Package newunicodechar Warning: Redefining Unicode character; it meant
(newunicodechar)                ***  \IeC {\textleftarrow }  ***
(newunicodechar)                before your redefinition on input line 208.


Package newunicodechar Warning: Redefining Unicode character; it meant
(newunicodechar)                ***  \IeC {\textuparrow }  ***
(newunicodechar)                before your redefinition on input line 209.


Package newunicodechar Warning: Redefining Unicode character; it meant
(newunicodechar)                ***  \IeC {\textrightarrow }  ***
(newunicodechar)                before your redefinition on input line 210.


Package newunicodechar Warning: Redefining Unicode character; it meant
(newunicodechar)                ***  \IeC {\textlangle }  ***
(newunicodechar)                before your redefinition on input line 301.


Package newunicodechar Warning: Redefining Unicode character; it meant
(newunicodechar)                ***  \IeC {\textrangle }  ***
(newunicodechar)                before your redefinition on input line 302.

\@quotelevel=\count490
\@quotereset=\count491
(./key.aux)
\openout1 = `key.aux'.

LaTeX Font Info:    Checking defaults for OML/nxlmi/m/it on input line 330.
LaTeX Font Info:    Trying to load font information for OML+nxlmi on input line
 330.

(/nix/store/rxl4n0aqcd43pdl07a7n4v21cg4p6wwh-texlive-combined-2021/share/texmf/
tex/latex/newtx/omlnxlmi.fd
File: omlnxlmi.fd 2013/11/19 Fontinst v1.933 font definitions for OML/nxlmi.
)
LaTeX Font Info:    ... okay on input line 330.
LaTeX Font Info:    Checking defaults for OMS/cmsy/m/n on input line 330.
LaTeX Font Info:    ... okay on input line 330.
LaTeX Font Info:    Checking defaults for OT1/cmr/m/n on input line 330.
LaTeX Font Info:    ... okay on input line 330.
LaTeX Font Info:    Checking defaults for T1/cmr/m/n on input line 330.
LaTeX Font Info:    ... okay on input line 330.
LaTeX Font Info:    Checking defaults for TS1/cmr/m/n on input line 330.
LaTeX Font Info:    ... okay on input line 330.
LaTeX Font Info:    Checking defaults for OMX/cmex/m/n on input line 330.
LaTeX Font Info:    ... okay on input line 330.
LaTeX Font Info:    Checking defaults for U/ntxexa/m/n on input line 330.
LaTeX Font Info:    Trying to load font information for U+ntxexa on input line 
330.

(/nix/store/rxl4n0aqcd43pdl07a7n4v21cg4p6wwh-texlive-combined-2021/share/texmf/
tex/latex/newtx/untxexa.fd
File: untxexa.fd 2012/04/16 Fontinst v1.933 font definitions for U/ntxexa.
)
LaTeX Font Info:    ... okay on input line 330.
LaTeX Font Info:    Checking defaults for LMS/ntxsy/m/n on input line 330.
LaTeX Font Info:    Trying to load font information for LMS+ntxsy on input line
 330.

(/nix/store/rxl4n0aqcd43pdl07a7n4v21cg4p6wwh-texlive-combined-2021/share/texmf/
tex/latex/newtx/lmsntxsy.fd
File: lmsntxsy.fd 2016/07/02 Fontinst v1.933 font definitions for LMS/ntxsy.
)
LaTeX Font Info:    ... okay on input line 330.
LaTeX Font Info:    Checking defaults for LMX/ntxexx/m/n on input line 330.
LaTeX Font Info:    Trying to load font information for LMX+ntxexx on input lin
e 330.

(/nix/store/rxl4n0aqcd43pdl07a7n4v21cg4p6wwh-texlive-combined-2021/share/texmf/
tex/latex/newtx/lmxntxexx.fd
File: lmxntxexx.fd 2016/07/03 Fontinst v1.933 font definitions for LMX/ntxexx.
)
LaTeX Font Info:    ... okay on input line 330.
LaTeX Font Info:    Checking defaults for T3/cmr/m/n on input line 330.
LaTeX Font Info:    Trying to load font information for T3+cmr on input line 33
0.

(/nix/store/rxl4n0aqcd43pdl07a7n4v21cg4p6wwh-texlive-combined-2021/share/texmf/
tex/latex/tipa/t3cmr.fd
File: t3cmr.fd 2001/12/31 TIPA font definitions
)
LaTeX Font Info:    ... okay on input line 330.
LaTeX Font Info:    Checking defaults for PD1/pdf/m/n on input line 330.
LaTeX Font Info:    ... okay on input line 330.
LaTeX Font Info:    Checking defaults for PU/pdf/m/n on input line 330.
LaTeX Font Info:    ... okay on input line 330.

*geometry* driver: auto-detecting
*geometry* detected driver: pdftex
*geometry* verbose mode - [ preamble ] result:
* driver: pdftex
* paper: letterpaper
* layout: <same size as paper>
* layoutoffset:(h,v)=(0.0pt,0.0pt)
* modes: twoside 
* h-part:(L,W,R)=(101.17755pt, 411.9399pt, 101.17755pt)
* v-part:(T,H,B)=(101.17755pt, 592.61488pt, 101.17755pt)
* \paperwidth=614.295pt
* \paperheight=794.96999pt
* \textwidth=411.9399pt
* \textheight=592.61488pt
* \oddsidemargin=28.90756pt
* \evensidemargin=28.90756pt
* \topmargin=-8.09244pt
* \headheight=12.0pt
* \headsep=25.0pt
* \topskip=11.0pt
* \footskip=30.0pt
* \marginparwidth=113.0pt
* \marginparsep=10.0pt
* \columnsep=10.0pt
* \skip\footins=10.0pt plus 4.0pt minus 2.0pt
* \hoffset=0.0pt
* \voffset=0.0pt
* \mag=1000
* \@twocolumnfalse
* \@twosidetrue
* \@mparswitchtrue
* \@reversemarginfalse
* (1in=72.27pt=25.4mm, 1cm=28.453pt)


(/nix/store/rxl4n0aqcd43pdl07a7n4v21cg4p6wwh-texlive-combined-2021/share/texmf/
tex/context/base/mkii/supp-pdf.mkii
[Loading MPS to PDF converter (version 2006.09.02).]
\scratchcounter=\count492
\scratchdimen=\dimen334
\scratchbox=\box109
\nofMPsegments=\count493
\nofMParguments=\count494
\everyMPshowfont=\toks71
\MPscratchCnt=\count495
\MPscratchDim=\dimen335
\MPnumerator=\count496
\makeMPintoPDFobject=\count497
\everyMPtoPDFconversion=\toks72
)
(/nix/store/rxl4n0aqcd43pdl07a7n4v21cg4p6wwh-texlive-combined-2021/share/texmf/
tex/latex/epstopdf-pkg/epstopdf-base.sty
Package: epstopdf-base 2020-01-24 v2.11 Base part for package epstopdf

(/nix/store/rxl4n0aqcd43pdl07a7n4v21cg4p6wwh-texlive-combined-2021/share/texmf/
tex/latex/grfext/grfext.sty
Package: grfext 2019/12/03 v1.3 Manage graphics extensions (HO)
)
Package epstopdf-base Info: Redefining graphics rule for `.eps' on input line 4
85.
Package grfext Info: Graphics extension search list:
(grfext)             [.pdf,.png,.jpg,.mps,.jpeg,.jbig2,.jb2,.PDF,.PNG,.JPG,.JPE
G,.JBIG2,.JB2,.eps]
(grfext)             \AppendGraphicsExtensions on input line 504.

(/nix/store/rxl4n0aqcd43pdl07a7n4v21cg4p6wwh-texlive-combined-2021/share/texmf/
tex/latex/latexconfig/epstopdf-sys.cfg
File: epstopdf-sys.cfg 2010/07/13 v1.3 Configuration of (r)epstopdf for TeX Liv
e
))
\c@mv@tabular=\count498
\c@mv@boldtabular=\count499

(/nix/store/rxl4n0aqcd43pdl07a7n4v21cg4p6wwh-texlive-combined-2021/share/texmf/
tex/latex/upquote/upquote.sty
Package: upquote 2012/04/19 v1.3 upright-quote and grave-accent glyphs in verba
tim
)
Package hyperref Info: Link coloring ON on input line 330.

(/nix/store/rxl4n0aqcd43pdl07a7n4v21cg4p6wwh-texlive-combined-2021/share/texmf/
tex/latex/hyperref/nameref.sty
Package: nameref 2021-04-02 v2.47 Cross-referencing by name of section

(/nix/store/rxl4n0aqcd43pdl07a7n4v21cg4p6wwh-texlive-combined-2021/share/texmf/
tex/latex/refcount/refcount.sty
Package: refcount 2019/12/15 v3.6 Data extraction from label references (HO)
)
(/nix/store/rxl4n0aqcd43pdl07a7n4v21cg4p6wwh-texlive-combined-2021/share/texmf/
tex/generic/gettitlestring/gettitlestring.sty
Package: gettitlestring 2019/12/15 v1.6 Cleanup title references (HO)
)
\c@section@level=\count500
)
LaTeX Info: Redefining \ref on input line 330.
LaTeX Info: Redefining \pageref on input line 330.
LaTeX Info: Redefining \nameref on input line 330.
 (./key.out) (./key.out)
\@outlinefile=\write7
\openout7 = `key.out'.

Package biblatex Info: Trying to load language 'english'...
Package biblatex Info: ... file 'english.lbx' found.

(/nix/store/rxl4n0aqcd43pdl07a7n4v21cg4p6wwh-texlive-combined-2021/share/texmf/
tex/latex/biblatex/lbx/english.lbx
File: english.lbx 2022/02/02 v3.17 biblatex localization (PK/MW)
)
Package biblatex Info: Input encoding 'utf8' detected.
Package biblatex Info: Automatic encoding selection.
(biblatex)             Assuming data encoding 'utf8'.
\openout4 = `key.bcf'.

Package biblatex Info: Trying to load bibliographic data...
Package biblatex Info: ... file 'key.bbl' found.
 (./key.bbl)
Package biblatex Info: Reference section=0 on input line 330.
Package biblatex Info: Reference segment=0 on input line 330.
LaTeX Font Info:    Font shape `T1/LinuxLibertineT-TLF/m/n' will be
(Font)              scaled to size 14.4pt on input line 333.
LaTeX Font Info:    Font shape `T1/LinuxLibertineT-TLF/b/n' will be
(Font)              scaled to size 14.4pt on input line 333.
LaTeX Font Info:    Font shape `T1/LinuxLibertineT-TLF/b/n' will be
(Font)              scaled to size 10.95pt on input line 334.
LaTeX Font Info:    Trying to load font information for OT1+LinuxLibertineT-TLF
 on input line 336.

(/nix/store/rxl4n0aqcd43pdl07a7n4v21cg4p6wwh-texlive-combined-2021/share/texmf/
tex/latex/libertine/OT1LinuxLibertineT-TLF.fd
File: OT1LinuxLibertineT-TLF.fd 2017/03/20 (autoinst) Font definitions for OT1/
LinuxLibertineT-TLF.
)
LaTeX Font Info:    Font shape `OT1/LinuxLibertineT-TLF/m/n' will be
(Font)              scaled to size 10.95pt on input line 336.
LaTeX Font Info:    Font shape `OT1/LinuxLibertineT-TLF/m/n' will be
(Font)              scaled to size 8.0pt on input line 336.
LaTeX Font Info:    Font shape `OT1/LinuxLibertineT-TLF/m/n' will be
(Font)              scaled to size 6.1pt on input line 336.
LaTeX Font Info:    Trying to load font information for U+msa on input line 336
.

(/nix/store/rxl4n0aqcd43pdl07a7n4v21cg4p6wwh-texlive-combined-2021/share/texmf/
tex/latex/amsfonts/umsa.fd
File: umsa.fd 2013/01/14 v3.01 AMS symbols A
)
LaTeX Font Info:    Trying to load font information for U+msb on input line 336
.

(/nix/store/rxl4n0aqcd43pdl07a7n4v21cg4p6wwh-texlive-combined-2021/share/texmf/
tex/latex/amsfonts/umsb.fd
File: umsb.fd 2013/01/14 v3.01 AMS symbols B
)
LaTeX Font Info:    Trying to load font information for U+ntxmia on input line 
336.

(/nix/store/rxl4n0aqcd43pdl07a7n4v21cg4p6wwh-texlive-combined-2021/share/texmf/
tex/latex/newtx/untxmia.fd
File: untxmia.fd 2018/04/14 Fontinst v1.933 font definitions for U/ntxmia.
)
LaTeX Font Info:    Trying to load font information for U+ntxsym on input line 
336.

(/nix/store/rxl4n0aqcd43pdl07a7n4v21cg4p6wwh-texlive-combined-2021/share/texmf/
tex/latex/newtx/untxsym.fd
File: untxsym.fd 2015/03/20 Fontinst v1.933 font definitions for U/ntxsym.
)
LaTeX Font Info:    Trying to load font information for U+ntxsyc on input line 
336.

(/nix/store/rxl4n0aqcd43pdl07a7n4v21cg4p6wwh-texlive-combined-2021/share/texmf/
tex/latex/newtx/untxsyc.fd
File: untxsyc.fd 2012/04/12 Fontinst v1.933 font definitions for U/ntxsyc.
)
LaTeX Font Info:    Trying to load font information for U+stmry on input line 3
36.

(/nix/store/rxl4n0aqcd43pdl07a7n4v21cg4p6wwh-texlive-combined-2021/share/texmf/
tex/latex/stmaryrd/Ustmry.fd)
Underfull \hbox (badness 10000) in paragraph at lines 336--340

 []


Underfull \hbox (badness 10000) in paragraph at lines 343--355

 []


Underfull \hbox (badness 10000) in paragraph at lines 343--355

 []


Underfull \hbox (badness 10000) in paragraph at lines 358--363

 []


Underfull \hbox (badness 10000) in paragraph at lines 366--373

 []


Underfull \hbox (badness 10000) in paragraph at lines 366--373

 []

[1

{/nix/store/rxl4n0aqcd43pdl07a7n4v21cg4p6wwh-texlive-combined-2021/share/texmf-
var/fonts/map/pdftex/updmap/pdftex.map}]
\excnt=1

Underfull \hbox (badness 10000) in paragraph at lines 379--396

 []


Underfull \hbox (badness 10000) in paragraph at lines 379--396

 []


Underfull \hbox (badness 10000) in paragraph at lines 379--396

 []


Underfull \hbox (badness 10000) in paragraph at lines 379--396

 []

LaTeX Font Info:    Trying to load font information for TS1+LinuxLibertineT-TLF
 on input line 401.

(/nix/store/rxl4n0aqcd43pdl07a7n4v21cg4p6wwh-texlive-combined-2021/share/texmf/
tex/latex/libertine/TS1LinuxLibertineT-TLF.fd
File: TS1LinuxLibertineT-TLF.fd 2017/03/20 (autoinst) Font definitions for TS1/
LinuxLibertineT-TLF.
)
LaTeX Font Info:    Font shape `TS1/LinuxLibertineT-TLF/m/n' will be
(Font)              scaled to size 10.95pt on input line 401.

Underfull \hbox (badness 10000) in paragraph at lines 412--418

 []


LaTeX Warning: Empty bibliography on input line 419.

LaTeX Font Info:    Font shape `T1/LinuxLibertineT-TLF/m/n' will be
(Font)              scaled to size 9.0pt on input line 420.
[2] (./key.aux)
Package rerunfilecheck Info: File `key.out' has not changed.
(rerunfilecheck)             Checksum: 907C5111E37E76E1E2457102EC1F06BF;525.
Package logreq Info: Writing requests to 'key.run.xml'.
\openout1 = `key.run.xml'.

 ) 
Here is how much of TeX's memory you used:
 46153 strings out of 480238
 985529 string characters out of 5891967
 1626893 words of memory out of 5000000
 63379 multiletter control sequences out of 15000+600000
 525577 words of font info for 99 fonts, out of 8000000 for 9000
 14 hyphenation exceptions out of 8191
 98i,11n,94p,1596b,850s stack positions out of 5000i,500n,10000p,200000b,80000s
{/nix/store/rxl4n0aqcd43pdl07a7n4v21cg4p6wwh-texlive-combined-2021/share/texm
f/fonts/enc/dvips/libertine/lbtn_naooyc.enc}{/nix/store/rxl4n0aqcd43pdl07a7n4v2
1cg4p6wwh-texlive-combined-2021/share/texmf/fonts/enc/dvips/libertine/lbtn_oexx
6f.enc}{/nix/store/rxl4n0aqcd43pdl07a7n4v21cg4p6wwh-texlive-combined-2021/share
/texmf/fonts/enc/dvips/libertine/lbtn_76gpa5.enc}{/nix/store/rxl4n0aqcd43pdl07a
7n4v21cg4p6wwh-texlive-combined-2021/share/texmf/fonts/enc/dvips/libertine/lbtn
_nh77jq.enc}</nix/store/rxl4n0aqcd43pdl07a7n4v21cg4p6wwh-texlive-combined-2021/
share/texmf/fonts/type1/public/newtx/LibertineMathMI.pfb></nix/store/rxl4n0aqcd
43pdl07a7n4v21cg4p6wwh-texlive-combined-2021/share/texmf/fonts/type1/public/new
tx/LibertineMathMI7.pfb></nix/store/rxl4n0aqcd43pdl07a7n4v21cg4p6wwh-texlive-co
mbined-2021/share/texmf/fonts/type1/public/libertine/LinLibertineT.pfb></nix/st
ore/rxl4n0aqcd43pdl07a7n4v21cg4p6wwh-texlive-combined-2021/share/texmf/fonts/ty
pe1/public/libertine/LinLibertineTB.pfb></nix/store/rxl4n0aqcd43pdl07a7n4v21cg4
p6wwh-texlive-combined-2021/share/texmf/fonts/type1/public/newtx/txexs.pfb></ni
x/store/rxl4n0aqcd43pdl07a7n4v21cg4p6wwh-texlive-combined-2021/share/texmf/font
s/type1/public/newtx/txmiaX.pfb></nix/store/rxl4n0aqcd43pdl07a7n4v21cg4p6wwh-te
xlive-combined-2021/share/texmf/fonts/type1/public/txfonts/txsyb.pfb></nix/stor
e/rxl4n0aqcd43pdl07a7n4v21cg4p6wwh-texlive-combined-2021/share/texmf/fonts/type
1/public/newtx/txsys.pfb>
Output written on key.pdf (2 pages, 220539 bytes).
PDF statistics:
 101 PDF objects out of 1000 (max. 8388607)
 78 compressed objects within 1 object stream
 10 named destinations out of 1000 (max. 500000)
 69 words of extra memory for PDF output out of 10000 (max. 10000000)

